<?xml version="1.0" encoding="UTF-8" standalone="yes"?>
<testsuites name="Lelang" time="214" tests="2" failures="0" errors="0">
    <testsuite name="Lelang" tests="2" failures="0" errors="0" time="214" timestamp="2019-11-07 11:21:40" hostname="Marvin - DESKTOP-98KC72N" id="Test Suites/Lelang/Lelang">
        <properties>
            <property name="deviceName" value="samsung SM-A505F (Android 9)"/>
            <property name="devicePlatform" value=""/>
            <property name="logFolder" value="C:\\Users\\Marvin\\Documents\\GitHub\\ACCBid-Mobile\\Reports\\20191107_112133\\Lelang\\Lelang\\20191107_112133"/>
            <property name="logFiles" value="C:\\Users\\Marvin\\Documents\\GitHub\\ACCBid-Mobile\\Reports\\20191107_112133\\Lelang\\Lelang\\20191107_112133\\appium.log, C:\\Users\\Marvin\\Documents\\GitHub\\ACCBid-Mobile\\Reports\\20191107_112133\\Lelang\\Lelang\\20191107_112133\\execution0.log"/>
            <property name="attachments" value="C:\\Users\\Marvin\\Documents\\GitHub\\ACCBid-Mobile\\Reports\\20191107_112133\\Lelang\\Lelang\\20191107_112133\\1573100708250.png"/>
            <property name="hostName" value="Marvin - DESKTOP-98KC72N"/>
            <property name="os" value="Windows 10 64bit"/>
            <property name="appiumServerStatus" value="{\&quot;status\&quot;:0,\&quot;value\&quot;:{\&quot;build\&quot;:{\&quot;version\&quot;:\&quot;1.12.1\&quot;}},\&quot;sessionId\&quot;:null}"/>
            <property name="katalonVersion" value="6.3.3.11"/>
            <property name="deviceOS" value="Android"/>
            <property name="appiumVersion" value="1.12.1"/>
            <property name="deviceModel" value="SM-A505F"/>
            <property name="hostAddress" value="192.168.56.1"/>
            <property name="deviceManufacturer" value="samsung"/>
            <property name="deviceId" value="RR8M30NJEFN"/>
            <property name="deviceName" value="samsung SM-A505F (Android 9)"/>
            <property name="deviceOSVersion" value="9"/>
        </properties>
        <testcase name="Test Cases/Lelang/Lelang" classname="Test Cases/Lelang/Lelang" status="PASSED">
            <system-out>2019-11-07 11:21:42 - [TEST_CASE][PASSED] - Test Cases/Lelang/Lelang: Test Cases/Lelang/Lelang&#xD;
&#xD;
2019-11-07 11:21:42 - [TEST_STEP][PASSED] - Start listener action : executeRows: null&#xD;
&#xD;
2019-11-07 11:21:46 - [TEST_STEP][PASSED] - startApplication("C:/Users/Marvin/Documents/GitHub/ACCBid-Mobile/accbid.apk", false): Started app at: 'C:\Users\Marvin\Documents\GitHub\ACCBid-Mobile\accbid.apk'&#xD;
&#xD;
2019-11-07 11:21:46 - [MESSAGE][INFO] - User set preference: ['unicodeKeyboard', 'true']&#xD;
&#xD;
2019-11-07 11:21:46 - [MESSAGE][INFO] - User set preference: ['resetKeyboard', 'true']&#xD;
&#xD;
2019-11-07 11:21:46 - [MESSAGE][INFO] - User set preference: ['deviceId', '']&#xD;
&#xD;
2019-11-07 11:21:56 - [MESSAGE][INFO] - Appium server started on port 53,623&#xD;
&#xD;
2019-11-07 11:22:25 - [MESSAGE][PASSED] - Started app at: 'C:\Users\Marvin\Documents\GitHub\ACCBid-Mobile\accbid.apk'&#xD;
&#xD;
2019-11-07 11:22:25 - [TEST_STEP][PASSED] - tap(findTestObject("Lelang/Btn_Lihat_Semua"), 0): Tapped on element 'Object Repository/Lelang/Btn_Lihat_Semua'&#xD;
&#xD;
2019-11-07 11:22:25 - [MESSAGE][WARNING] - Timeout '0' is invalid. Using default page load timeout: '60'&#xD;
&#xD;
2019-11-07 11:22:32 - [MESSAGE][PASSED] - Tapped on element 'Object Repository/Lelang/Btn_Lihat_Semua'&#xD;
&#xD;
2019-11-07 11:22:32 - [TEST_STEP][PASSED] - if (JenisLelang == "Tes"): null&#xD;
&#xD;
2019-11-07 11:22:32 - [TEST_STEP][PASSED] - else if (JenisLelang == "Astria"): null&#xD;
&#xD;
2019-11-07 11:22:32 - [TEST_STEP][PASSED] - else if (JenisLelang == "IBID"): Tapped on element 'Object Repository/Lelang/Btn_IBID'&#xD;
&#xD;
2019-11-07 11:22:32 - [TEST_STEP][PASSED] - tap(findTestObject("Lelang/Btn_IBID"), 0): Tapped on element 'Object Repository/Lelang/Btn_IBID'&#xD;
&#xD;
2019-11-07 11:22:32 - [MESSAGE][WARNING] - Timeout '0' is invalid. Using default page load timeout: '60'&#xD;
&#xD;
2019-11-07 11:22:36 - [MESSAGE][PASSED] - Tapped on element 'Object Repository/Lelang/Btn_IBID'&#xD;
&#xD;
2019-11-07 11:22:36 - [TEST_STEP][PASSED] - tap(findTestObject("Lelang/DropDownLokasi"), 0): Tapped on element 'Object Repository/Lelang/DropDownLokasi'&#xD;
&#xD;
2019-11-07 11:22:36 - [MESSAGE][WARNING] - Timeout '0' is invalid. Using default page load timeout: '60'&#xD;
&#xD;
2019-11-07 11:22:40 - [MESSAGE][PASSED] - Tapped on element 'Object Repository/Lelang/DropDownLokasi'&#xD;
&#xD;
2019-11-07 11:22:40 - [TEST_STEP][PASSED] - setText(findTestObject("Lelang/DropDownLokasi"), Lokasi, 0): Text 'DKI' has been set to element 'Object Repository/Lelang/DropDownLokasi'&#xD;
&#xD;
2019-11-07 11:22:40 - [MESSAGE][WARNING] - Timeout '0' is invalid. Using default page load timeout: '60'&#xD;
&#xD;
2019-11-07 11:22:43 - [MESSAGE][PASSED] - Text 'DKI' has been set to element 'Object Repository/Lelang/DropDownLokasi'&#xD;
&#xD;
2019-11-07 11:22:43 - [TEST_STEP][PASSED] - tap(findTestObject("Lelang/Click", ["text":Lokasi]), 0): Tapped on element 'Object Repository/Lelang/Click'&#xD;
&#xD;
2019-11-07 11:22:43 - [MESSAGE][WARNING] - Timeout '0' is invalid. Using default page load timeout: '60'&#xD;
&#xD;
2019-11-07 11:22:47 - [MESSAGE][PASSED] - Tapped on element 'Object Repository/Lelang/Click'&#xD;
&#xD;
2019-11-07 11:22:47 - [TEST_STEP][PASSED] - tap(findTestObject("Lelang/MonthTap"), 0): Tapped on element 'Object Repository/Lelang/MonthTap'&#xD;
&#xD;
2019-11-07 11:22:47 - [MESSAGE][WARNING] - Timeout '0' is invalid. Using default page load timeout: '60'&#xD;
&#xD;
2019-11-07 11:22:50 - [MESSAGE][PASSED] - Tapped on element 'Object Repository/Lelang/MonthTap'&#xD;
&#xD;
2019-11-07 11:22:50 - [TEST_STEP][PASSED] - tap(findTestObject("Lelang/MonthRadio", ["text":Bulan]), 0): Tapped on element 'Object Repository/Lelang/MonthRadio'&#xD;
&#xD;
2019-11-07 11:22:51 - [MESSAGE][WARNING] - Timeout '0' is invalid. Using default page load timeout: '60'&#xD;
&#xD;
2019-11-07 11:22:52 - [MESSAGE][PASSED] - Tapped on element 'Object Repository/Lelang/MonthRadio'&#xD;
&#xD;
2019-11-07 11:22:52 - [TEST_STEP][PASSED] - tap(findTestObject("Lelang/YearTap"), 0): Tapped on element 'Object Repository/Lelang/YearTap'&#xD;
&#xD;
2019-11-07 11:22:52 - [MESSAGE][WARNING] - Timeout '0' is invalid. Using default page load timeout: '60'&#xD;
&#xD;
2019-11-07 11:22:55 - [MESSAGE][PASSED] - Tapped on element 'Object Repository/Lelang/YearTap'&#xD;
&#xD;
2019-11-07 11:22:55 - [TEST_STEP][PASSED] - tap(findTestObject("Lelang/MonthRadio", ["text":Tahun]), 0): Tapped on element 'Object Repository/Lelang/MonthRadio'&#xD;
&#xD;
2019-11-07 11:22:55 - [MESSAGE][WARNING] - Timeout '0' is invalid. Using default page load timeout: '60'&#xD;
&#xD;
2019-11-07 11:22:57 - [MESSAGE][PASSED] - Tapped on element 'Object Repository/Lelang/MonthRadio'&#xD;
&#xD;
2019-11-07 11:22:57 - [TEST_STEP][PASSED] - tap(findTestObject("Lelang/TapTanggal", ["text":Tanggal]), 0): Tapped on element 'Object Repository/Lelang/TapTanggal'&#xD;
&#xD;
2019-11-07 11:22:57 - [MESSAGE][WARNING] - Timeout '0' is invalid. Using default page load timeout: '60'&#xD;
&#xD;
2019-11-07 11:23:00 - [MESSAGE][PASSED] - Tapped on element 'Object Repository/Lelang/TapTanggal'&#xD;
&#xD;
2019-11-07 11:23:00 - [TEST_STEP][PASSED] - if (verifyElementText(findTestObject("Lelang/LelangDetail"), Event, OPTIONAL)): Tapped on element 'Object Repository/Lelang/BarLelang'&#xD;
&#xD;
2019-11-07 11:23:02 - [MESSAGE][PASSED] - Actual text and expected text of test object 'Object Repository/Lelang/LelangDetail' are matched.&#xD;
&#xD;
2019-11-07 11:23:02 - [TEST_STEP][PASSED] - tap(findTestObject("Lelang/BarLelang"), 0, STOP_ON_FAILURE): Tapped on element 'Object Repository/Lelang/BarLelang'&#xD;
&#xD;
2019-11-07 11:23:02 - [MESSAGE][WARNING] - Timeout '0' is invalid. Using default page load timeout: '60'&#xD;
&#xD;
2019-11-07 11:23:06 - [MESSAGE][PASSED] - Tapped on element 'Object Repository/Lelang/BarLelang'&#xD;
&#xD;
2019-11-07 11:23:06 - [TEST_STEP][PASSED] - switch ("Result"): null&#xD;
&#xD;
2019-11-07 11:23:06 - [TEST_STEP][PASSED] - Start listener action : addFailedTCToList: null</system-out>
            <system-err></system-err>
        </testcase>
        <testcase name="Test Cases/Lelang/Lelang" classname="Test Cases/Lelang/Lelang" status="PASSED">
            <system-out>2019-11-07 11:23:06 - [TEST_CASE][PASSED] - Test Cases/Lelang/Lelang: Test Cases/Lelang/Lelang&#xD;
&#xD;
2019-11-07 11:23:06 - [TEST_STEP][PASSED] - Start listener action : executeRows: null&#xD;
&#xD;
2019-11-07 11:23:06 - [TEST_STEP][PASSED] - startApplication("C:/Users/Marvin/Documents/GitHub/ACCBid-Mobile/accbid.apk", false): Started app at: 'C:\Users\Marvin\Documents\GitHub\ACCBid-Mobile\accbid.apk'&#xD;
&#xD;
2019-11-07 11:23:06 - [MESSAGE][INFO] - User set preference: ['unicodeKeyboard', 'true']&#xD;
&#xD;
2019-11-07 11:23:06 - [MESSAGE][INFO] - User set preference: ['resetKeyboard', 'true']&#xD;
&#xD;
2019-11-07 11:23:06 - [MESSAGE][INFO] - User set preference: ['deviceId', '']&#xD;
&#xD;
2019-11-07 11:23:33 - [MESSAGE][PASSED] - Started app at: 'C:\Users\Marvin\Documents\GitHub\ACCBid-Mobile\accbid.apk'&#xD;
&#xD;
2019-11-07 11:23:33 - [TEST_STEP][PASSED] - tap(findTestObject("Lelang/Btn_Lihat_Semua"), 0): Tapped on element 'Object Repository/Lelang/Btn_Lihat_Semua'&#xD;
&#xD;
2019-11-07 11:23:33 - [MESSAGE][WARNING] - Timeout '0' is invalid. Using default page load timeout: '60'&#xD;
&#xD;
2019-11-07 11:23:40 - [MESSAGE][PASSED] - Tapped on element 'Object Repository/Lelang/Btn_Lihat_Semua'&#xD;
&#xD;
2019-11-07 11:23:40 - [TEST_STEP][PASSED] - if (JenisLelang == "Tes"): null&#xD;
&#xD;
2019-11-07 11:23:40 - [TEST_STEP][PASSED] - else if (JenisLelang == "Astria"): null&#xD;
&#xD;
2019-11-07 11:23:40 - [TEST_STEP][PASSED] - else if (JenisLelang == "IBID"): Tapped on element 'Object Repository/Lelang/Btn_IBID'&#xD;
&#xD;
2019-11-07 11:23:40 - [TEST_STEP][PASSED] - tap(findTestObject("Lelang/Btn_IBID"), 0): Tapped on element 'Object Repository/Lelang/Btn_IBID'&#xD;
&#xD;
2019-11-07 11:23:40 - [MESSAGE][WARNING] - Timeout '0' is invalid. Using default page load timeout: '60'&#xD;
&#xD;
2019-11-07 11:23:43 - [MESSAGE][PASSED] - Tapped on element 'Object Repository/Lelang/Btn_IBID'&#xD;
&#xD;
2019-11-07 11:23:43 - [TEST_STEP][PASSED] - tap(findTestObject("Lelang/DropDownLokasi"), 0): Tapped on element 'Object Repository/Lelang/DropDownLokasi'&#xD;
&#xD;
2019-11-07 11:23:44 - [MESSAGE][WARNING] - Timeout '0' is invalid. Using default page load timeout: '60'&#xD;
&#xD;
2019-11-07 11:23:47 - [MESSAGE][PASSED] - Tapped on element 'Object Repository/Lelang/DropDownLokasi'&#xD;
&#xD;
2019-11-07 11:23:47 - [TEST_STEP][PASSED] - setText(findTestObject("Lelang/DropDownLokasi"), Lokasi, 0): Text 'DKI' has been set to element 'Object Repository/Lelang/DropDownLokasi'&#xD;
&#xD;
2019-11-07 11:23:47 - [MESSAGE][WARNING] - Timeout '0' is invalid. Using default page load timeout: '60'&#xD;
&#xD;
2019-11-07 11:23:51 - [MESSAGE][PASSED] - Text 'DKI' has been set to element 'Object Repository/Lelang/DropDownLokasi'&#xD;
&#xD;
2019-11-07 11:23:51 - [TEST_STEP][PASSED] - tap(findTestObject("Lelang/Click", ["text":Lokasi]), 0): Tapped on element 'Object Repository/Lelang/Click'&#xD;
&#xD;
2019-11-07 11:23:51 - [MESSAGE][WARNING] - Timeout '0' is invalid. Using default page load timeout: '60'&#xD;
&#xD;
2019-11-07 11:23:54 - [MESSAGE][PASSED] - Tapped on element 'Object Repository/Lelang/Click'&#xD;
&#xD;
2019-11-07 11:23:54 - [TEST_STEP][PASSED] - tap(findTestObject("Lelang/MonthTap"), 0): Tapped on element 'Object Repository/Lelang/MonthTap'&#xD;
&#xD;
2019-11-07 11:23:54 - [MESSAGE][WARNING] - Timeout '0' is invalid. Using default page load timeout: '60'&#xD;
&#xD;
2019-11-07 11:23:57 - [MESSAGE][PASSED] - Tapped on element 'Object Repository/Lelang/MonthTap'&#xD;
&#xD;
2019-11-07 11:23:57 - [TEST_STEP][PASSED] - tap(findTestObject("Lelang/MonthRadio", ["text":Bulan]), 0): Tapped on element 'Object Repository/Lelang/MonthRadio'&#xD;
&#xD;
2019-11-07 11:23:58 - [MESSAGE][WARNING] - Timeout '0' is invalid. Using default page load timeout: '60'&#xD;
&#xD;
2019-11-07 11:23:59 - [MESSAGE][PASSED] - Tapped on element 'Object Repository/Lelang/MonthRadio'&#xD;
&#xD;
2019-11-07 11:23:59 - [TEST_STEP][PASSED] - tap(findTestObject("Lelang/YearTap"), 0): Tapped on element 'Object Repository/Lelang/YearTap'&#xD;
&#xD;
2019-11-07 11:24:00 - [MESSAGE][WARNING] - Timeout '0' is invalid. Using default page load timeout: '60'&#xD;
&#xD;
2019-11-07 11:24:03 - [MESSAGE][PASSED] - Tapped on element 'Object Repository/Lelang/YearTap'&#xD;
&#xD;
2019-11-07 11:24:03 - [TEST_STEP][PASSED] - tap(findTestObject("Lelang/MonthRadio", ["text":Tahun]), 0): Tapped on element 'Object Repository/Lelang/MonthRadio'&#xD;
&#xD;
2019-11-07 11:24:03 - [MESSAGE][WARNING] - Timeout '0' is invalid. Using default page load timeout: '60'&#xD;
&#xD;
2019-11-07 11:24:05 - [MESSAGE][PASSED] - Tapped on element 'Object Repository/Lelang/MonthRadio'&#xD;
&#xD;
2019-11-07 11:24:05 - [TEST_STEP][PASSED] - tap(findTestObject("Lelang/TapTanggal", ["text":Tanggal]), 0): Tapped on element 'Object Repository/Lelang/TapTanggal'&#xD;
&#xD;
2019-11-07 11:24:05 - [MESSAGE][WARNING] - Timeout '0' is invalid. Using default page load timeout: '60'&#xD;
&#xD;
2019-11-07 11:24:08 - [MESSAGE][PASSED] - Tapped on element 'Object Repository/Lelang/TapTanggal'&#xD;
&#xD;
2019-11-07 11:24:08 - [TEST_STEP][PASSED] - if (verifyElementText(findTestObject("Lelang/LelangDetail"), Event, OPTIONAL)): Element 'Object Repository/Lelang/LelangDetail' not found&#xD;
&#xD;
2019-11-07 11:25:09 - [MESSAGE][WARNING] - Element 'Object Repository/Lelang/LelangDetail' not found&#xD;
[[ATTACHMENT|C:\\Users\\Marvin\\Documents\\GitHub\\ACCBid-Mobile\\Reports\\20191107_112133\\Lelang\\Lelang\\20191107_112133\\1573100708250.png]]&#xD;
&#xD;
2019-11-07 11:25:09 - [TEST_STEP][PASSED] - else: Element 'Object Repository/Lelang/BarLelang' not found&#xD;
&#xD;
2019-11-07 11:25:09 - [TEST_STEP][PASSED] - verifyElementNotVisible(findTestObject("Lelang/BarLelang"), 5): Element 'Object Repository/Lelang/BarLelang' not found&#xD;
&#xD;
2019-11-07 11:25:14 - [MESSAGE][PASSED] - Element 'Object Repository/Lelang/BarLelang' not found&#xD;
&#xD;
2019-11-07 11:25:14 - [TEST_STEP][PASSED] - switch ("Result"): null&#xD;
&#xD;
2019-11-07 11:25:14 - [TEST_STEP][PASSED] - Start listener action : addFailedTCToList: null</system-out>
            <system-err></system-err>
        </testcase>
        <system-out>2019-11-07 11:21:40 - [TEST_SUITE][INCOMPLETE] - Lelang: null</system-out>
        <system-err>2019-11-07 11:21:40 - [TEST_SUITE][INCOMPLETE] - Lelang: null</system-err>
    </testsuite>
</testsuites>
