<?xml version="1.0" encoding="UTF-8"?>
<testsuites name="Penarikan" time="998.836" tests="9" failures="0" errors="0">
   <testsuite name="Penarikan" tests="9" failures="0" errors="0" time="998.836" timestamp="2019-11-15 10:42:47" hostname="Marvin - DESKTOP-98KC72N" id="Test Suites/TopUP/Penarikan">
      <properties>
         <property name="deviceName" value="samsung SM-A505F (Android 9)"/>
         <property name="devicePlatform" value=""/>
         <property name="logFolder" value="C:\\Users\\Marvin\\Documents\\GitHub\\ACCBid-Mobile\\Reports\\20191115_104239\\TopUP\\Penarikan\\20191115_104239"/>
         <property name="logFiles" value="C:\\Users\\Marvin\\Documents\\GitHub\\ACCBid-Mobile\\Reports\\20191115_104239\\TopUP\\Penarikan\\20191115_104239\\appium.log, C:\\Users\\Marvin\\Documents\\GitHub\\ACCBid-Mobile\\Reports\\20191115_104239\\TopUP\\Penarikan\\20191115_104239\\execution0.log"/>
         <property name="attachments" value="C:\\Users\\Marvin\\Documents\\GitHub\\ACCBid-Mobile\\Reports\\20191115_104239\\TopUP\\Penarikan\\20191115_104239\\1573789431604.png, C:\\Users\\Marvin\\Documents\\GitHub\\ACCBid-Mobile\\Reports\\20191115_104239\\TopUP\\Penarikan\\20191115_104239\\1573789443438.png, C:\\Users\\Marvin\\Documents\\GitHub\\ACCBid-Mobile\\Reports\\20191115_104239\\TopUP\\Penarikan\\20191115_104239\\1573789470711.png, C:\\Users\\Marvin\\Documents\\GitHub\\ACCBid-Mobile\\Reports\\20191115_104239\\TopUP\\Penarikan\\20191115_104239\\1573789519600.png, C:\\Users\\Marvin\\Documents\\GitHub\\ACCBid-Mobile\\Reports\\20191115_104239\\TopUP\\Penarikan\\20191115_104239\\1573789662962.png, C:\\Users\\Marvin\\Documents\\GitHub\\ACCBid-Mobile\\Reports\\20191115_104239\\TopUP\\Penarikan\\20191115_104239\\1573789785490.png, C:\\Users\\Marvin\\Documents\\GitHub\\ACCBid-Mobile\\Reports\\20191115_104239\\TopUP\\Penarikan\\20191115_104239\\1573789851317.png, C:\\Users\\Marvin\\Documents\\GitHub\\ACCBid-Mobile\\Reports\\20191115_104239\\TopUP\\Penarikan\\20191115_104239\\1573789968184.png, C:\\Users\\Marvin\\Documents\\GitHub\\ACCBid-Mobile\\Reports\\20191115_104239\\TopUP\\Penarikan\\20191115_104239\\1573790207940.png, C:\\Users\\Marvin\\Documents\\GitHub\\ACCBid-Mobile\\Reports\\20191115_104239\\TopUP\\Penarikan\\20191115_104239\\1573790278994.png"/>
         <property name="hostName" value="Marvin - DESKTOP-98KC72N"/>
         <property name="os" value="Windows 10 64bit"/>
         <property name="appiumServerStatus" value="{\&quot;status\&quot;:0,\&quot;value\&quot;:{\&quot;build\&quot;:{\&quot;version\&quot;:\&quot;1.12.1\&quot;}},\&quot;sessionId\&quot;:null}"/>
         <property name="katalonVersion" value="7.0.8.1"/>
         <property name="deviceOS" value="Android"/>
         <property name="appiumVersion" value="1.12.1"/>
         <property name="deviceModel" value="SM-A505F"/>
         <property name="hostAddress" value="192.168.56.1"/>
         <property name="deviceManufacturer" value="samsung"/>
         <property name="deviceId" value="RR8M30NJEFN"/>
         <property name="deviceName" value="samsung SM-A505F (Android 9)"/>
         <property name="deviceOSVersion" value="9"/>
      </properties>
      <testcase name="Test Cases/TopUP/Penarikan" time="106.434" classname="Test Cases/TopUP/Penarikan" status="PASSED">
         <system-out><![CDATA[2019-11-15 10:42:48 - [TEST_CASE][PASSED] - Test Cases/TopUP/Penarikan: Test Cases/TopUP/Penarikan

2019-11-15 10:42:49 - [TEST_STEP][PASSED] - Start listener action : executeRows: null

2019-11-15 10:42:53 - [TEST_STEP][PASSED] - startApplication("C:/Users/Marvin/git/ACCBid-Mobile/accbid.apk", false): Started app at: 'C:\Users\Marvin\git\ACCBid-Mobile\accbid.apk'

2019-11-15 10:42:54 - [MESSAGE][INFO] - User set preference: ['unicodeKeyboard', 'true']

2019-11-15 10:42:54 - [MESSAGE][INFO] - User set preference: ['resetKeyboard', 'true']

2019-11-15 10:42:54 - [MESSAGE][INFO] - User set preference: ['deviceId', '']

2019-11-15 10:43:04 - [MESSAGE][INFO] - Appium server started on port 62,564

2019-11-15 10:43:33 - [MESSAGE][PASSED] - Started app at: 'C:\Users\Marvin\git\ACCBid-Mobile\accbid.apk'

2019-11-15 10:43:33 - [TEST_STEP][PASSED] - tap(findTestObject("TopUP/BTN_Deposit"), 0): Tapped on element 'Object Repository/TopUP/BTN_Deposit'

2019-11-15 10:43:33 - [MESSAGE][WARNING] - Timeout '0' is invalid. Using default page load timeout: '60'

2019-11-15 10:43:40 - [MESSAGE][PASSED] - Tapped on element 'Object Repository/TopUP/BTN_Deposit'

2019-11-15 10:43:40 - [TEST_STEP][PASSED] - if (JenisPenarikan == "Astria"): Tapped on element 'Object Repository/TopUP/Penarikan/ButonOkay'

2019-11-15 10:43:40 - [TEST_STEP][PASSED] - tap(findTestObject("TopUP/Penarikan/Btn_Penarikan"), 0): Tapped on element 'Object Repository/TopUP/Penarikan/Btn_Penarikan'

2019-11-15 10:43:40 - [MESSAGE][WARNING] - Timeout '0' is invalid. Using default page load timeout: '60'

2019-11-15 10:43:46 - [MESSAGE][PASSED] - Tapped on element 'Object Repository/TopUP/Penarikan/Btn_Penarikan'

2019-11-15 10:43:46 - [TEST_STEP][PASSED] - setText(findTestObject("TopUP/Penarikan/Nominal"), Nominal, 0): Text '500000' has been set to element 'Object Repository/TopUP/Penarikan/Nominal'

2019-11-15 10:43:46 - [MESSAGE][WARNING] - Timeout '0' is invalid. Using default page load timeout: '60'

2019-11-15 10:43:48 - [MESSAGE][PASSED] - Text '500000' has been set to element 'Object Repository/TopUP/Penarikan/Nominal'

2019-11-15 10:43:48 - [TEST_STEP][PASSED] - if (verifyElementVisible(findTestObject("TopUP/Penarikan/PopUpKelipatan"), 3, OPTIONAL)): Element 'Object Repository/TopUP/Penarikan/PopUpKelipatan' not found

2019-11-15 10:43:53 - [MESSAGE][WARNING] - Element 'Object Repository/TopUP/Penarikan/PopUpKelipatan' not found
[[ATTACHMENT|C:\\Users\\Marvin\\Documents\\GitHub\\ACCBid-Mobile\\Reports\\20191115_104239\\TopUP\\Penarikan\\20191115_104239\\1573789431604.png]]

2019-11-15 10:43:53 - [TEST_STEP][PASSED] - else: Tapped on element 'Object Repository/TopUP/Penarikan/ButonOkay'

2019-11-15 10:43:53 - [TEST_STEP][PASSED] - tap(findTestObject("TopUP/Penarikan/DropDownBank"), 0): Tapped on element 'Object Repository/TopUP/Penarikan/DropDownBank'

2019-11-15 10:43:53 - [MESSAGE][WARNING] - Timeout '0' is invalid. Using default page load timeout: '60'

2019-11-15 10:43:55 - [MESSAGE][PASSED] - Tapped on element 'Object Repository/TopUP/Penarikan/DropDownBank'

2019-11-15 10:43:55 - [TEST_STEP][PASSED] - tap(findTestObject("Kalkulator/Click", ["text":Bank]), 0): Tapped on element 'Object Repository/Kalkulator/Click'

2019-11-15 10:43:55 - [MESSAGE][WARNING] - Timeout '0' is invalid. Using default page load timeout: '60'

2019-11-15 10:43:56 - [MESSAGE][PASSED] - Tapped on element 'Object Repository/Kalkulator/Click'

2019-11-15 10:43:56 - [TEST_STEP][PASSED] - tap(findTestObject("TopUP/Penarikan/BTN_Lanjut"), 0): Tapped on element 'Object Repository/TopUP/Penarikan/BTN_Lanjut'

2019-11-15 10:43:57 - [MESSAGE][WARNING] - Timeout '0' is invalid. Using default page load timeout: '60'

2019-11-15 10:43:59 - [MESSAGE][PASSED] - Tapped on element 'Object Repository/TopUP/Penarikan/BTN_Lanjut'

2019-11-15 10:43:59 - [TEST_STEP][PASSED] - if (verifyElementVisible(findTestObject("TopUP/Penarikan/PopUPPenarikanMelibihiSaldo"), 3, OPTIONAL)): Element 'Object Repository/TopUP/Penarikan/PopUPPenarikanMelibihiSaldo' not found

2019-11-15 10:44:04 - [MESSAGE][WARNING] - Element 'Object Repository/TopUP/Penarikan/PopUPPenarikanMelibihiSaldo' not found
[[ATTACHMENT|C:\\Users\\Marvin\\Documents\\GitHub\\ACCBid-Mobile\\Reports\\20191115_104239\\TopUP\\Penarikan\\20191115_104239\\1573789443438.png]]

2019-11-15 10:44:04 - [TEST_STEP][PASSED] - else: Tapped on element 'Object Repository/TopUP/Penarikan/ButonOkay'

2019-11-15 10:44:04 - [TEST_STEP][PASSED] - setText(findTestObject("TopUP/Penarikan/KodeOTP"), OTP, 0): Text '356195' has been set to element 'Object Repository/TopUP/Penarikan/KodeOTP'

2019-11-15 10:44:05 - [MESSAGE][WARNING] - Timeout '0' is invalid. Using default page load timeout: '60'

2019-11-15 10:44:24 - [MESSAGE][PASSED] - Text '356195' has been set to element 'Object Repository/TopUP/Penarikan/KodeOTP'

2019-11-15 10:44:24 - [TEST_STEP][PASSED] - tap(findTestObject("TopUP/Penarikan/BTN_Verifikasi"), 0): Tapped on element 'Object Repository/TopUP/Penarikan/BTN_Verifikasi'

2019-11-15 10:44:24 - [MESSAGE][WARNING] - Timeout '0' is invalid. Using default page load timeout: '60'

2019-11-15 10:44:26 - [MESSAGE][PASSED] - Tapped on element 'Object Repository/TopUP/Penarikan/BTN_Verifikasi'

2019-11-15 10:44:26 - [TEST_STEP][PASSED] - if (verifyElementVisible(findTestObject("TopUP/Penarikan/KodeVerifikasiSalah"), 3, OPTIONAL)): Element 'Object Repository/TopUP/Penarikan/KodeVerifikasiSalah' not found

2019-11-15 10:44:32 - [MESSAGE][WARNING] - Element 'Object Repository/TopUP/Penarikan/KodeVerifikasiSalah' not found
[[ATTACHMENT|C:\\Users\\Marvin\\Documents\\GitHub\\ACCBid-Mobile\\Reports\\20191115_104239\\TopUP\\Penarikan\\20191115_104239\\1573789470711.png]]

2019-11-15 10:44:32 - [TEST_STEP][PASSED] - else: Tapped on element 'Object Repository/TopUP/Penarikan/ButonOkay'

2019-11-15 10:44:32 - [TEST_STEP][PASSED] - tap(findTestObject("TopUP/Penarikan/ButonOkay"), 0): Tapped on element 'Object Repository/TopUP/Penarikan/ButonOkay'

2019-11-15 10:44:32 - [MESSAGE][WARNING] - Timeout '0' is invalid. Using default page load timeout: '60'

2019-11-15 10:44:35 - [MESSAGE][PASSED] - Tapped on element 'Object Repository/TopUP/Penarikan/ButonOkay'

2019-11-15 10:44:35 - [TEST_STEP][PASSED] - Start listener action : addFailedTCToList: null]]></system-out>
         <system-err><![CDATA[]]></system-err>
      </testcase>
      <testcase name="Test Cases/TopUP/Penarikan" time="55.204" classname="Test Cases/TopUP/Penarikan" status="PASSED">
         <system-out><![CDATA[2019-11-15 10:44:35 - [TEST_CASE][PASSED] - Test Cases/TopUP/Penarikan: Test Cases/TopUP/Penarikan

2019-11-15 10:44:35 - [TEST_STEP][PASSED] - Start listener action : executeRows: null

2019-11-15 10:44:35 - [TEST_STEP][PASSED] - startApplication("C:/Users/Marvin/git/ACCBid-Mobile/accbid.apk", false): Started app at: 'C:\Users\Marvin\git\ACCBid-Mobile\accbid.apk'

2019-11-15 10:44:35 - [MESSAGE][INFO] - User set preference: ['unicodeKeyboard', 'true']

2019-11-15 10:44:35 - [MESSAGE][INFO] - User set preference: ['resetKeyboard', 'true']

2019-11-15 10:44:35 - [MESSAGE][INFO] - User set preference: ['deviceId', '']

2019-11-15 10:45:02 - [MESSAGE][PASSED] - Started app at: 'C:\Users\Marvin\git\ACCBid-Mobile\accbid.apk'

2019-11-15 10:45:02 - [TEST_STEP][PASSED] - tap(findTestObject("TopUP/BTN_Deposit"), 0): Tapped on element 'Object Repository/TopUP/BTN_Deposit'

2019-11-15 10:45:02 - [MESSAGE][WARNING] - Timeout '0' is invalid. Using default page load timeout: '60'

2019-11-15 10:45:10 - [MESSAGE][PASSED] - Tapped on element 'Object Repository/TopUP/BTN_Deposit'

2019-11-15 10:45:10 - [TEST_STEP][PASSED] - if (JenisPenarikan == "Astria"): null

2019-11-15 10:45:10 - [TEST_STEP][PASSED] - tap(findTestObject("TopUP/Penarikan/Btn_Penarikan"), 0): Tapped on element 'Object Repository/TopUP/Penarikan/Btn_Penarikan'

2019-11-15 10:45:10 - [MESSAGE][WARNING] - Timeout '0' is invalid. Using default page load timeout: '60'

2019-11-15 10:45:14 - [MESSAGE][PASSED] - Tapped on element 'Object Repository/TopUP/Penarikan/Btn_Penarikan'

2019-11-15 10:45:14 - [TEST_STEP][PASSED] - setText(findTestObject("TopUP/Penarikan/Nominal"), Nominal, 0): Text '500000' has been set to element 'Object Repository/TopUP/Penarikan/Nominal'

2019-11-15 10:45:14 - [MESSAGE][WARNING] - Timeout '0' is invalid. Using default page load timeout: '60'

2019-11-15 10:45:16 - [MESSAGE][PASSED] - Text '500000' has been set to element 'Object Repository/TopUP/Penarikan/Nominal'

2019-11-15 10:45:16 - [TEST_STEP][PASSED] - if (verifyElementVisible(findTestObject("TopUP/Penarikan/PopUpKelipatan"), 3, OPTIONAL)): Element 'Object Repository/TopUP/Penarikan/PopUpKelipatan' not found

2019-11-15 10:45:21 - [MESSAGE][WARNING] - Element 'Object Repository/TopUP/Penarikan/PopUpKelipatan' not found
[[ATTACHMENT|C:\\Users\\Marvin\\Documents\\GitHub\\ACCBid-Mobile\\Reports\\20191115_104239\\TopUP\\Penarikan\\20191115_104239\\1573789519600.png]]

2019-11-15 10:45:21 - [TEST_STEP][PASSED] - else: null

2019-11-15 10:45:21 - [TEST_STEP][PASSED] - tap(findTestObject("TopUP/Penarikan/DropDownBank"), 0): Tapped on element 'Object Repository/TopUP/Penarikan/DropDownBank'

2019-11-15 10:45:21 - [MESSAGE][WARNING] - Timeout '0' is invalid. Using default page load timeout: '60'

2019-11-15 10:45:23 - [MESSAGE][PASSED] - Tapped on element 'Object Repository/TopUP/Penarikan/DropDownBank'

2019-11-15 10:45:23 - [TEST_STEP][PASSED] - tap(findTestObject("Kalkulator/Click", ["text":Bank]), 0): Tapped on element 'Object Repository/Kalkulator/Click'

2019-11-15 10:45:23 - [MESSAGE][WARNING] - Timeout '0' is invalid. Using default page load timeout: '60'

2019-11-15 10:45:24 - [MESSAGE][PASSED] - Tapped on element 'Object Repository/Kalkulator/Click'

2019-11-15 10:45:24 - [TEST_STEP][PASSED] - tap(findTestObject("TopUP/Penarikan/BTN_Lanjut"), 0): Tapped on element 'Object Repository/TopUP/Penarikan/BTN_Lanjut'

2019-11-15 10:45:25 - [MESSAGE][WARNING] - Timeout '0' is invalid. Using default page load timeout: '60'

2019-11-15 10:45:28 - [MESSAGE][PASSED] - Tapped on element 'Object Repository/TopUP/Penarikan/BTN_Lanjut'

2019-11-15 10:45:28 - [TEST_STEP][PASSED] - if (verifyElementVisible(findTestObject("TopUP/Penarikan/PopUPPenarikanMelibihiSaldo"), 3, OPTIONAL)): null

2019-11-15 10:45:29 - [MESSAGE][PASSED] - Element 'Object Repository/TopUP/Penarikan/PopUPPenarikanMelibihiSaldo' is visible

2019-11-15 10:45:29 - [TEST_STEP][PASSED] - verifyElementVisible(findTestObject("TopUP/BtnLanjut"), 3, STOP_ON_FAILURE): Element 'Object Repository/TopUP/BtnLanjut' is visible

2019-11-15 10:45:30 - [MESSAGE][PASSED] - Element 'Object Repository/TopUP/BtnLanjut' is visible

2019-11-15 10:45:30 - [TEST_STEP][PASSED] - Start listener action : addFailedTCToList: null]]></system-out>
         <system-err><![CDATA[]]></system-err>
      </testcase>
      <testcase name="Test Cases/TopUP/Penarikan" time="43.68" classname="Test Cases/TopUP/Penarikan" status="PASSED">
         <system-out><![CDATA[2019-11-15 10:45:30 - [TEST_CASE][PASSED] - Test Cases/TopUP/Penarikan: Test Cases/TopUP/Penarikan

2019-11-15 10:45:30 - [TEST_STEP][PASSED] - Start listener action : executeRows: null

2019-11-15 10:45:31 - [TEST_STEP][PASSED] - startApplication("C:/Users/Marvin/git/ACCBid-Mobile/accbid.apk", false): Started app at: 'C:\Users\Marvin\git\ACCBid-Mobile\accbid.apk'

2019-11-15 10:45:31 - [MESSAGE][INFO] - User set preference: ['unicodeKeyboard', 'true']

2019-11-15 10:45:31 - [MESSAGE][INFO] - User set preference: ['resetKeyboard', 'true']

2019-11-15 10:45:31 - [MESSAGE][INFO] - User set preference: ['deviceId', '']

2019-11-15 10:45:57 - [MESSAGE][PASSED] - Started app at: 'C:\Users\Marvin\git\ACCBid-Mobile\accbid.apk'

2019-11-15 10:45:57 - [TEST_STEP][PASSED] - tap(findTestObject("TopUP/BTN_Deposit"), 0): Tapped on element 'Object Repository/TopUP/BTN_Deposit'

2019-11-15 10:45:57 - [MESSAGE][WARNING] - Timeout '0' is invalid. Using default page load timeout: '60'

2019-11-15 10:46:05 - [MESSAGE][PASSED] - Tapped on element 'Object Repository/TopUP/BTN_Deposit'

2019-11-15 10:46:05 - [TEST_STEP][PASSED] - if (JenisPenarikan == "Astria"): null

2019-11-15 10:46:05 - [TEST_STEP][PASSED] - tap(findTestObject("TopUP/Penarikan/Btn_Penarikan"), 0): Tapped on element 'Object Repository/TopUP/Penarikan/Btn_Penarikan'

2019-11-15 10:46:06 - [MESSAGE][WARNING] - Timeout '0' is invalid. Using default page load timeout: '60'

2019-11-15 10:46:10 - [MESSAGE][PASSED] - Tapped on element 'Object Repository/TopUP/Penarikan/Btn_Penarikan'

2019-11-15 10:46:10 - [TEST_STEP][PASSED] - setText(findTestObject("TopUP/Penarikan/Nominal"), Nominal, 0): Text '400000' has been set to element 'Object Repository/TopUP/Penarikan/Nominal'

2019-11-15 10:46:10 - [MESSAGE][WARNING] - Timeout '0' is invalid. Using default page load timeout: '60'

2019-11-15 10:46:12 - [MESSAGE][PASSED] - Text '400000' has been set to element 'Object Repository/TopUP/Penarikan/Nominal'

2019-11-15 10:46:12 - [TEST_STEP][PASSED] - if (verifyElementVisible(findTestObject("TopUP/Penarikan/PopUpKelipatan"), 3, OPTIONAL)): null

2019-11-15 10:46:13 - [MESSAGE][PASSED] - Element 'Object Repository/TopUP/Penarikan/PopUpKelipatan' is visible

2019-11-15 10:46:13 - [TEST_STEP][PASSED] - verifyElementVisible(findTestObject("TopUP/Penarikan/BTN_Lanjut"), 0): Element 'Object Repository/TopUP/Penarikan/BTN_Lanjut' is visible

2019-11-15 10:46:13 - [MESSAGE][WARNING] - Timeout '0' is invalid. Using default page load timeout: '60'

2019-11-15 10:46:14 - [MESSAGE][PASSED] - Element 'Object Repository/TopUP/Penarikan/BTN_Lanjut' is visible

2019-11-15 10:46:14 - [TEST_STEP][PASSED] - Start listener action : addFailedTCToList: null]]></system-out>
         <system-err><![CDATA[]]></system-err>
      </testcase>
      <testcase name="Test Cases/TopUP/Penarikan" time="44.493" classname="Test Cases/TopUP/Penarikan" status="PASSED">
         <system-out><![CDATA[2019-11-15 10:46:14 - [TEST_CASE][PASSED] - Test Cases/TopUP/Penarikan: Test Cases/TopUP/Penarikan

2019-11-15 10:46:14 - [TEST_STEP][PASSED] - Start listener action : executeRows: null

2019-11-15 10:46:15 - [TEST_STEP][PASSED] - startApplication("C:/Users/Marvin/git/ACCBid-Mobile/accbid.apk", false): Started app at: 'C:\Users\Marvin\git\ACCBid-Mobile\accbid.apk'

2019-11-15 10:46:15 - [MESSAGE][INFO] - User set preference: ['unicodeKeyboard', 'true']

2019-11-15 10:46:15 - [MESSAGE][INFO] - User set preference: ['resetKeyboard', 'true']

2019-11-15 10:46:15 - [MESSAGE][INFO] - User set preference: ['deviceId', '']

2019-11-15 10:46:42 - [MESSAGE][PASSED] - Started app at: 'C:\Users\Marvin\git\ACCBid-Mobile\accbid.apk'

2019-11-15 10:46:42 - [TEST_STEP][PASSED] - tap(findTestObject("TopUP/BTN_Deposit"), 0): Tapped on element 'Object Repository/TopUP/BTN_Deposit'

2019-11-15 10:46:42 - [MESSAGE][WARNING] - Timeout '0' is invalid. Using default page load timeout: '60'

2019-11-15 10:46:49 - [MESSAGE][PASSED] - Tapped on element 'Object Repository/TopUP/BTN_Deposit'

2019-11-15 10:46:49 - [TEST_STEP][PASSED] - if (JenisPenarikan == "Astria"): null

2019-11-15 10:46:49 - [TEST_STEP][PASSED] - tap(findTestObject("TopUP/Penarikan/Btn_Penarikan"), 0): Tapped on element 'Object Repository/TopUP/Penarikan/Btn_Penarikan'

2019-11-15 10:46:49 - [MESSAGE][WARNING] - Timeout '0' is invalid. Using default page load timeout: '60'

2019-11-15 10:46:54 - [MESSAGE][PASSED] - Tapped on element 'Object Repository/TopUP/Penarikan/Btn_Penarikan'

2019-11-15 10:46:54 - [TEST_STEP][PASSED] - setText(findTestObject("TopUP/Penarikan/Nominal"), Nominal, 0): Text '' has been set to element 'Object Repository/TopUP/Penarikan/Nominal'

2019-11-15 10:46:54 - [MESSAGE][WARNING] - Timeout '0' is invalid. Using default page load timeout: '60'

2019-11-15 10:46:56 - [MESSAGE][PASSED] - Text '' has been set to element 'Object Repository/TopUP/Penarikan/Nominal'

2019-11-15 10:46:56 - [TEST_STEP][PASSED] - if (verifyElementVisible(findTestObject("TopUP/Penarikan/PopUpKelipatan"), 3, OPTIONAL)): null

2019-11-15 10:46:57 - [MESSAGE][PASSED] - Element 'Object Repository/TopUP/Penarikan/PopUpKelipatan' is visible

2019-11-15 10:46:57 - [TEST_STEP][PASSED] - verifyElementVisible(findTestObject("TopUP/Penarikan/BTN_Lanjut"), 0): Element 'Object Repository/TopUP/Penarikan/BTN_Lanjut' is visible

2019-11-15 10:46:57 - [MESSAGE][WARNING] - Timeout '0' is invalid. Using default page load timeout: '60'

2019-11-15 10:46:59 - [MESSAGE][PASSED] - Element 'Object Repository/TopUP/Penarikan/BTN_Lanjut' is visible

2019-11-15 10:46:59 - [TEST_STEP][PASSED] - Start listener action : addFailedTCToList: null]]></system-out>
         <system-err><![CDATA[]]></system-err>
      </testcase>
      <testcase name="Test Cases/TopUP/Penarikan" time="54.541" classname="Test Cases/TopUP/Penarikan" status="PASSED">
         <system-out><![CDATA[2019-11-15 10:46:59 - [TEST_CASE][PASSED] - Test Cases/TopUP/Penarikan: Test Cases/TopUP/Penarikan

2019-11-15 10:46:59 - [TEST_STEP][PASSED] - Start listener action : executeRows: null

2019-11-15 10:46:59 - [TEST_STEP][PASSED] - startApplication("C:/Users/Marvin/git/ACCBid-Mobile/accbid.apk", false): Started app at: 'C:\Users\Marvin\git\ACCBid-Mobile\accbid.apk'

2019-11-15 10:46:59 - [MESSAGE][INFO] - User set preference: ['unicodeKeyboard', 'true']

2019-11-15 10:46:59 - [MESSAGE][INFO] - User set preference: ['resetKeyboard', 'true']

2019-11-15 10:46:59 - [MESSAGE][INFO] - User set preference: ['deviceId', '']

2019-11-15 10:47:25 - [MESSAGE][PASSED] - Started app at: 'C:\Users\Marvin\git\ACCBid-Mobile\accbid.apk'

2019-11-15 10:47:25 - [TEST_STEP][PASSED] - tap(findTestObject("TopUP/BTN_Deposit"), 0): Tapped on element 'Object Repository/TopUP/BTN_Deposit'

2019-11-15 10:47:25 - [MESSAGE][WARNING] - Timeout '0' is invalid. Using default page load timeout: '60'

2019-11-15 10:47:33 - [MESSAGE][PASSED] - Tapped on element 'Object Repository/TopUP/BTN_Deposit'

2019-11-15 10:47:33 - [TEST_STEP][PASSED] - if (JenisPenarikan == "Astria"): null

2019-11-15 10:47:33 - [TEST_STEP][PASSED] - tap(findTestObject("TopUP/Penarikan/Btn_Penarikan"), 0): Tapped on element 'Object Repository/TopUP/Penarikan/Btn_Penarikan'

2019-11-15 10:47:34 - [MESSAGE][WARNING] - Timeout '0' is invalid. Using default page load timeout: '60'

2019-11-15 10:47:37 - [MESSAGE][PASSED] - Tapped on element 'Object Repository/TopUP/Penarikan/Btn_Penarikan'

2019-11-15 10:47:37 - [TEST_STEP][PASSED] - setText(findTestObject("TopUP/Penarikan/Nominal"), Nominal, 0): Text '500000' has been set to element 'Object Repository/TopUP/Penarikan/Nominal'

2019-11-15 10:47:37 - [MESSAGE][WARNING] - Timeout '0' is invalid. Using default page load timeout: '60'

2019-11-15 10:47:39 - [MESSAGE][PASSED] - Text '500000' has been set to element 'Object Repository/TopUP/Penarikan/Nominal'

2019-11-15 10:47:39 - [TEST_STEP][PASSED] - if (verifyElementVisible(findTestObject("TopUP/Penarikan/PopUpKelipatan"), 3, OPTIONAL)): Element 'Object Repository/TopUP/Penarikan/PopUpKelipatan' not found

2019-11-15 10:47:44 - [MESSAGE][WARNING] - Element 'Object Repository/TopUP/Penarikan/PopUpKelipatan' not found
[[ATTACHMENT|C:\\Users\\Marvin\\Documents\\GitHub\\ACCBid-Mobile\\Reports\\20191115_104239\\TopUP\\Penarikan\\20191115_104239\\1573789662962.png]]

2019-11-15 10:47:44 - [TEST_STEP][PASSED] - else: null

2019-11-15 10:47:44 - [TEST_STEP][PASSED] - tap(findTestObject("TopUP/Penarikan/DropDownBank"), 0): Tapped on element 'Object Repository/TopUP/Penarikan/DropDownBank'

2019-11-15 10:47:44 - [MESSAGE][WARNING] - Timeout '0' is invalid. Using default page load timeout: '60'

2019-11-15 10:47:46 - [MESSAGE][PASSED] - Tapped on element 'Object Repository/TopUP/Penarikan/DropDownBank'

2019-11-15 10:47:46 - [TEST_STEP][PASSED] - tap(findTestObject("Kalkulator/Click", ["text":Bank]), 0): Tapped on element 'Object Repository/Kalkulator/Click'

2019-11-15 10:47:46 - [MESSAGE][WARNING] - Timeout '0' is invalid. Using default page load timeout: '60'

2019-11-15 10:47:48 - [MESSAGE][PASSED] - Tapped on element 'Object Repository/Kalkulator/Click'

2019-11-15 10:47:48 - [TEST_STEP][PASSED] - tap(findTestObject("TopUP/Penarikan/BTN_Lanjut"), 0): Tapped on element 'Object Repository/TopUP/Penarikan/BTN_Lanjut'

2019-11-15 10:47:48 - [MESSAGE][WARNING] - Timeout '0' is invalid. Using default page load timeout: '60'

2019-11-15 10:47:51 - [MESSAGE][PASSED] - Tapped on element 'Object Repository/TopUP/Penarikan/BTN_Lanjut'

2019-11-15 10:47:51 - [TEST_STEP][PASSED] - if (verifyElementVisible(findTestObject("TopUP/Penarikan/PopUPPenarikanMelibihiSaldo"), 3, OPTIONAL)): null

2019-11-15 10:47:52 - [MESSAGE][PASSED] - Element 'Object Repository/TopUP/Penarikan/PopUPPenarikanMelibihiSaldo' is visible

2019-11-15 10:47:52 - [TEST_STEP][PASSED] - verifyElementVisible(findTestObject("TopUP/BtnLanjut"), 3, STOP_ON_FAILURE): Element 'Object Repository/TopUP/BtnLanjut' is visible

2019-11-15 10:47:54 - [MESSAGE][PASSED] - Element 'Object Repository/TopUP/BtnLanjut' is visible

2019-11-15 10:47:54 - [TEST_STEP][PASSED] - Start listener action : addFailedTCToList: null]]></system-out>
         <system-err><![CDATA[]]></system-err>
      </testcase>
      <testcase name="Test Cases/TopUP/Penarikan" time="181.475" classname="Test Cases/TopUP/Penarikan" status="PASSED">
         <system-out><![CDATA[2019-11-15 10:47:54 - [TEST_CASE][PASSED] - Test Cases/TopUP/Penarikan: Test Cases/TopUP/Penarikan

2019-11-15 10:47:54 - [TEST_STEP][PASSED] - Start listener action : executeRows: null

2019-11-15 10:47:54 - [TEST_STEP][PASSED] - startApplication("C:/Users/Marvin/git/ACCBid-Mobile/accbid.apk", false): Started app at: 'C:\Users\Marvin\git\ACCBid-Mobile\accbid.apk'

2019-11-15 10:47:54 - [MESSAGE][INFO] - User set preference: ['unicodeKeyboard', 'true']

2019-11-15 10:47:54 - [MESSAGE][INFO] - User set preference: ['resetKeyboard', 'true']

2019-11-15 10:47:54 - [MESSAGE][INFO] - User set preference: ['deviceId', '']

2019-11-15 10:48:19 - [MESSAGE][PASSED] - Started app at: 'C:\Users\Marvin\git\ACCBid-Mobile\accbid.apk'

2019-11-15 10:48:19 - [TEST_STEP][PASSED] - tap(findTestObject("TopUP/BTN_Deposit"), 0): Tapped on element 'Object Repository/TopUP/BTN_Deposit'

2019-11-15 10:48:19 - [MESSAGE][WARNING] - Timeout '0' is invalid. Using default page load timeout: '60'

2019-11-15 10:48:27 - [MESSAGE][PASSED] - Tapped on element 'Object Repository/TopUP/BTN_Deposit'

2019-11-15 10:48:27 - [TEST_STEP][PASSED] - if (JenisPenarikan == "Astria"): null

2019-11-15 10:48:27 - [TEST_STEP][PASSED] - else if (JenisPenarikan == "IBID"): null

2019-11-15 10:48:27 - [TEST_STEP][PASSED] - mobile.Swipers.RightLeft(0.9, 0.5, 300): mobile.Swipers.RightLeft is PASSED

2019-11-15 10:48:28 - [MESSAGE][PASSED] - Current device physical width is 1080

2019-11-15 10:48:29 - [MESSAGE][PASSED] - Current device physical height is 2131

2019-11-15 10:48:29 - [MESSAGE][INFO] - Device Height : 2131

2019-11-15 10:48:29 - [MESSAGE][INFO] - Device Width : 1080

2019-11-15 10:48:29 - [MESSAGE][INFO] - Swipe start at Width : 971

2019-11-15 10:48:29 - [MESSAGE][INFO] - Swipe end at Witdh : 540

2019-11-15 10:48:29 - [MESSAGE][INFO] - Y Position : 300

2019-11-15 10:48:31 - [MESSAGE][PASSED] - Swiped from 971,300 to 540,300

2019-11-15 10:48:31 - [MESSAGE][PASSED] - mobile.Swipers.RightLeft is PASSED

2019-11-15 10:48:31 - [TEST_STEP][PASSED] - tap(findTestObject("TopUP/PenarikanIBID/BtnPenarikanIBID"), 0): Tapped on element 'Object Repository/TopUP/PenarikanIBID/BtnPenarikanIBID'

2019-11-15 10:48:31 - [MESSAGE][WARNING] - Timeout '0' is invalid. Using default page load timeout: '60'

2019-11-15 10:48:35 - [MESSAGE][PASSED] - Tapped on element 'Object Repository/TopUP/PenarikanIBID/BtnPenarikanIBID'

2019-11-15 10:48:35 - [TEST_STEP][PASSED] - setText(findTestObject("TopUP/PenarikanIBID/InputNominalPenarikanIBID"), Nominal, 0): Text '50' has been set to element 'Object Repository/TopUP/PenarikanIBID/InputNominalPenarikanIBID'

2019-11-15 10:48:35 - [MESSAGE][WARNING] - Timeout '0' is invalid. Using default page load timeout: '60'

2019-11-15 10:48:37 - [MESSAGE][PASSED] - Text '50' has been set to element 'Object Repository/TopUP/PenarikanIBID/InputNominalPenarikanIBID'

2019-11-15 10:48:37 - [TEST_STEP][PASSED] - tap(findTestObject("TopUP/PenarikanIBID/DropDownBank"), 0): Tapped on element 'Object Repository/TopUP/PenarikanIBID/DropDownBank'

2019-11-15 10:48:37 - [MESSAGE][WARNING] - Timeout '0' is invalid. Using default page load timeout: '60'

2019-11-15 10:48:40 - [MESSAGE][PASSED] - Tapped on element 'Object Repository/TopUP/PenarikanIBID/DropDownBank'

2019-11-15 10:48:40 - [TEST_STEP][PASSED] - tap(findTestObject("Kalkulator/Click", ["text":Bank]), 0): Tapped on element 'Object Repository/Kalkulator/Click'

2019-11-15 10:48:40 - [MESSAGE][WARNING] - Timeout '0' is invalid. Using default page load timeout: '60'

2019-11-15 10:48:42 - [MESSAGE][PASSED] - Tapped on element 'Object Repository/Kalkulator/Click'

2019-11-15 10:48:42 - [TEST_STEP][PASSED] - tap(findTestObject("TopUP/PenarikanIBID/BTNLANJUTIBID"), 0): Tapped on element 'Object Repository/TopUP/PenarikanIBID/BTNLANJUTIBID'

2019-11-15 10:48:42 - [MESSAGE][WARNING] - Timeout '0' is invalid. Using default page load timeout: '60'

2019-11-15 10:48:45 - [MESSAGE][PASSED] - Tapped on element 'Object Repository/TopUP/PenarikanIBID/BTNLANJUTIBID'

2019-11-15 10:48:45 - [TEST_STEP][PASSED] - if (verifyElementVisible(findTestObject("TopUP/PenarikanIBID/AlertPenarikanIBID"), 0, OPTIONAL)): Element 'Object Repository/TopUP/PenarikanIBID/AlertPenarikanIBID' not found

2019-11-15 10:48:45 - [MESSAGE][WARNING] - Timeout '0' is invalid. Using default page load timeout: '60'

2019-11-15 10:49:46 - [MESSAGE][WARNING] - Element 'Object Repository/TopUP/PenarikanIBID/AlertPenarikanIBID' not found
[[ATTACHMENT|C:\\Users\\Marvin\\Documents\\GitHub\\ACCBid-Mobile\\Reports\\20191115_104239\\TopUP\\Penarikan\\20191115_104239\\1573789785490.png]]

2019-11-15 10:49:46 - [TEST_STEP][PASSED] - else: Tapped on element 'Object Repository/TopUP/PenarikanIBID/PenarikanIBIDOkay'

2019-11-15 10:49:46 - [TEST_STEP][PASSED] - setText(findTestObject("TopUP/PenarikanIBID/OTPPenarikanIBID"), OTP, 0): Text '356195' has been set to element 'Object Repository/TopUP/PenarikanIBID/OTPPenarikanIBID'

2019-11-15 10:49:46 - [MESSAGE][WARNING] - Timeout '0' is invalid. Using default page load timeout: '60'

2019-11-15 10:49:48 - [MESSAGE][PASSED] - Text '356195' has been set to element 'Object Repository/TopUP/PenarikanIBID/OTPPenarikanIBID'

2019-11-15 10:49:48 - [TEST_STEP][PASSED] - tap(findTestObject("TopUP/PenarikanIBID/BTNVerifPenarikanIBID"), 0): Tapped on element 'Object Repository/TopUP/PenarikanIBID/BTNVerifPenarikanIBID'

2019-11-15 10:49:48 - [MESSAGE][WARNING] - Timeout '0' is invalid. Using default page load timeout: '60'

2019-11-15 10:49:50 - [MESSAGE][PASSED] - Tapped on element 'Object Repository/TopUP/PenarikanIBID/BTNVerifPenarikanIBID'

2019-11-15 10:49:50 - [TEST_STEP][PASSED] - if (verifyElementVisible(findTestObject("TopUP/PenarikanIBID/AlertKodeSalahIBID"), 0, OPTIONAL)): Element 'Object Repository/TopUP/PenarikanIBID/AlertKodeSalahIBID' not found

2019-11-15 10:49:51 - [MESSAGE][WARNING] - Timeout '0' is invalid. Using default page load timeout: '60'

2019-11-15 10:50:52 - [MESSAGE][WARNING] - Element 'Object Repository/TopUP/PenarikanIBID/AlertKodeSalahIBID' not found
[[ATTACHMENT|C:\\Users\\Marvin\\Documents\\GitHub\\ACCBid-Mobile\\Reports\\20191115_104239\\TopUP\\Penarikan\\20191115_104239\\1573789851317.png]]

2019-11-15 10:50:52 - [TEST_STEP][PASSED] - else: Tapped on element 'Object Repository/TopUP/PenarikanIBID/PenarikanIBIDOkay'

2019-11-15 10:50:52 - [TEST_STEP][PASSED] - tap(findTestObject("TopUP/PenarikanIBID/PenarikanIBIDOkay"), 0): Tapped on element 'Object Repository/TopUP/PenarikanIBID/PenarikanIBIDOkay'

2019-11-15 10:50:53 - [MESSAGE][WARNING] - Timeout '0' is invalid. Using default page load timeout: '60'

2019-11-15 10:50:55 - [MESSAGE][PASSED] - Tapped on element 'Object Repository/TopUP/PenarikanIBID/PenarikanIBIDOkay'

2019-11-15 10:50:55 - [TEST_STEP][PASSED] - switch ("Result"): null

2019-11-15 10:50:55 - [TEST_STEP][PASSED] - Start listener action : addFailedTCToList: null]]></system-out>
         <system-err><![CDATA[]]></system-err>
      </testcase>
      <testcase name="Test Cases/TopUP/Penarikan" time="124.697" classname="Test Cases/TopUP/Penarikan" status="PASSED">
         <system-out><![CDATA[2019-11-15 10:50:55 - [TEST_CASE][PASSED] - Test Cases/TopUP/Penarikan: Test Cases/TopUP/Penarikan

2019-11-15 10:50:56 - [TEST_STEP][PASSED] - Start listener action : executeRows: null

2019-11-15 10:50:56 - [TEST_STEP][PASSED] - startApplication("C:/Users/Marvin/git/ACCBid-Mobile/accbid.apk", false): Started app at: 'C:\Users\Marvin\git\ACCBid-Mobile\accbid.apk'

2019-11-15 10:50:56 - [MESSAGE][INFO] - User set preference: ['unicodeKeyboard', 'true']

2019-11-15 10:50:56 - [MESSAGE][INFO] - User set preference: ['resetKeyboard', 'true']

2019-11-15 10:50:56 - [MESSAGE][INFO] - User set preference: ['deviceId', '']

2019-11-15 10:51:22 - [MESSAGE][PASSED] - Started app at: 'C:\Users\Marvin\git\ACCBid-Mobile\accbid.apk'

2019-11-15 10:51:22 - [TEST_STEP][PASSED] - tap(findTestObject("TopUP/BTN_Deposit"), 0): Tapped on element 'Object Repository/TopUP/BTN_Deposit'

2019-11-15 10:51:22 - [MESSAGE][WARNING] - Timeout '0' is invalid. Using default page load timeout: '60'

2019-11-15 10:51:30 - [MESSAGE][PASSED] - Tapped on element 'Object Repository/TopUP/BTN_Deposit'

2019-11-15 10:51:30 - [TEST_STEP][PASSED] - if (JenisPenarikan == "Astria"): null

2019-11-15 10:51:30 - [TEST_STEP][PASSED] - else if (JenisPenarikan == "IBID"): null

2019-11-15 10:51:30 - [TEST_STEP][PASSED] - mobile.Swipers.RightLeft(0.9, 0.5, 300): mobile.Swipers.RightLeft is PASSED

2019-11-15 10:51:31 - [MESSAGE][PASSED] - Current device physical width is 1080

2019-11-15 10:51:32 - [MESSAGE][PASSED] - Current device physical height is 2131

2019-11-15 10:51:32 - [MESSAGE][INFO] - Device Height : 2131

2019-11-15 10:51:32 - [MESSAGE][INFO] - Device Width : 1080

2019-11-15 10:51:32 - [MESSAGE][INFO] - Swipe start at Width : 971

2019-11-15 10:51:32 - [MESSAGE][INFO] - Swipe end at Witdh : 540

2019-11-15 10:51:32 - [MESSAGE][INFO] - Y Position : 300

2019-11-15 10:51:34 - [MESSAGE][PASSED] - Swiped from 971,300 to 540,300

2019-11-15 10:51:34 - [MESSAGE][PASSED] - mobile.Swipers.RightLeft is PASSED

2019-11-15 10:51:34 - [TEST_STEP][PASSED] - tap(findTestObject("TopUP/PenarikanIBID/BtnPenarikanIBID"), 0): Tapped on element 'Object Repository/TopUP/PenarikanIBID/BtnPenarikanIBID'

2019-11-15 10:51:34 - [MESSAGE][WARNING] - Timeout '0' is invalid. Using default page load timeout: '60'

2019-11-15 10:51:38 - [MESSAGE][PASSED] - Tapped on element 'Object Repository/TopUP/PenarikanIBID/BtnPenarikanIBID'

2019-11-15 10:51:38 - [TEST_STEP][PASSED] - setText(findTestObject("TopUP/PenarikanIBID/InputNominalPenarikanIBID"), Nominal, 0): Text '50' has been set to element 'Object Repository/TopUP/PenarikanIBID/InputNominalPenarikanIBID'

2019-11-15 10:51:39 - [MESSAGE][WARNING] - Timeout '0' is invalid. Using default page load timeout: '60'

2019-11-15 10:51:40 - [MESSAGE][PASSED] - Text '50' has been set to element 'Object Repository/TopUP/PenarikanIBID/InputNominalPenarikanIBID'

2019-11-15 10:51:40 - [TEST_STEP][PASSED] - tap(findTestObject("TopUP/PenarikanIBID/DropDownBank"), 0): Tapped on element 'Object Repository/TopUP/PenarikanIBID/DropDownBank'

2019-11-15 10:51:40 - [MESSAGE][WARNING] - Timeout '0' is invalid. Using default page load timeout: '60'

2019-11-15 10:51:42 - [MESSAGE][PASSED] - Tapped on element 'Object Repository/TopUP/PenarikanIBID/DropDownBank'

2019-11-15 10:51:42 - [TEST_STEP][PASSED] - tap(findTestObject("Kalkulator/Click", ["text":Bank]), 0): Tapped on element 'Object Repository/Kalkulator/Click'

2019-11-15 10:51:43 - [MESSAGE][WARNING] - Timeout '0' is invalid. Using default page load timeout: '60'

2019-11-15 10:51:44 - [MESSAGE][PASSED] - Tapped on element 'Object Repository/Kalkulator/Click'

2019-11-15 10:51:44 - [TEST_STEP][PASSED] - tap(findTestObject("TopUP/PenarikanIBID/BTNLANJUTIBID"), 0): Tapped on element 'Object Repository/TopUP/PenarikanIBID/BTNLANJUTIBID'

2019-11-15 10:51:44 - [MESSAGE][WARNING] - Timeout '0' is invalid. Using default page load timeout: '60'

2019-11-15 10:51:47 - [MESSAGE][PASSED] - Tapped on element 'Object Repository/TopUP/PenarikanIBID/BTNLANJUTIBID'

2019-11-15 10:51:47 - [TEST_STEP][PASSED] - if (verifyElementVisible(findTestObject("TopUP/PenarikanIBID/AlertPenarikanIBID"), 0, OPTIONAL)): Element 'Object Repository/TopUP/PenarikanIBID/AlertPenarikanIBID' not found

2019-11-15 10:51:48 - [MESSAGE][WARNING] - Timeout '0' is invalid. Using default page load timeout: '60'

2019-11-15 10:52:49 - [MESSAGE][WARNING] - Element 'Object Repository/TopUP/PenarikanIBID/AlertPenarikanIBID' not found
[[ATTACHMENT|C:\\Users\\Marvin\\Documents\\GitHub\\ACCBid-Mobile\\Reports\\20191115_104239\\TopUP\\Penarikan\\20191115_104239\\1573789968184.png]]

2019-11-15 10:52:49 - [TEST_STEP][PASSED] - else: null

2019-11-15 10:52:49 - [TEST_STEP][PASSED] - setText(findTestObject("TopUP/PenarikanIBID/OTPPenarikanIBID"), OTP, 0): Text '895888' has been set to element 'Object Repository/TopUP/PenarikanIBID/OTPPenarikanIBID'

2019-11-15 10:52:49 - [MESSAGE][WARNING] - Timeout '0' is invalid. Using default page load timeout: '60'

2019-11-15 10:52:51 - [MESSAGE][PASSED] - Text '895888' has been set to element 'Object Repository/TopUP/PenarikanIBID/OTPPenarikanIBID'

2019-11-15 10:52:51 - [TEST_STEP][PASSED] - tap(findTestObject("TopUP/PenarikanIBID/BTNVerifPenarikanIBID"), 0): Tapped on element 'Object Repository/TopUP/PenarikanIBID/BTNVerifPenarikanIBID'

2019-11-15 10:52:51 - [MESSAGE][WARNING] - Timeout '0' is invalid. Using default page load timeout: '60'

2019-11-15 10:52:53 - [MESSAGE][PASSED] - Tapped on element 'Object Repository/TopUP/PenarikanIBID/BTNVerifPenarikanIBID'

2019-11-15 10:52:53 - [TEST_STEP][PASSED] - if (verifyElementVisible(findTestObject("TopUP/PenarikanIBID/AlertKodeSalahIBID"), 0, OPTIONAL)): null

2019-11-15 10:52:54 - [MESSAGE][WARNING] - Timeout '0' is invalid. Using default page load timeout: '60'

2019-11-15 10:52:59 - [MESSAGE][PASSED] - Element 'Object Repository/TopUP/PenarikanIBID/AlertKodeSalahIBID' is visible

2019-11-15 10:52:59 - [TEST_STEP][PASSED] - verifyElementVisible(findTestObject("TopUP/PenarikanIBID/BTNVerifPenarikanIBID"), 0): Element 'Object Repository/TopUP/PenarikanIBID/BTNVerifPenarikanIBID' is visible

2019-11-15 10:52:59 - [MESSAGE][WARNING] - Timeout '0' is invalid. Using default page load timeout: '60'

2019-11-15 10:53:00 - [MESSAGE][PASSED] - Element 'Object Repository/TopUP/PenarikanIBID/BTNVerifPenarikanIBID' is visible

2019-11-15 10:53:00 - [TEST_STEP][PASSED] - switch ("Result"): null

2019-11-15 10:53:00 - [TEST_STEP][PASSED] - Start listener action : addFailedTCToList: null]]></system-out>
         <system-err><![CDATA[]]></system-err>
      </testcase>
      <testcase name="Test Cases/TopUP/Penarikan" time="83.366" classname="Test Cases/TopUP/Penarikan" status="PASSED">
         <system-out><![CDATA[2019-11-15 10:53:00 - [TEST_CASE][PASSED] - Test Cases/TopUP/Penarikan: Test Cases/TopUP/Penarikan

2019-11-15 10:53:00 - [TEST_STEP][PASSED] - Start listener action : executeRows: null

2019-11-15 10:53:01 - [TEST_STEP][PASSED] - startApplication("C:/Users/Marvin/git/ACCBid-Mobile/accbid.apk", false): Started app at: 'C:\Users\Marvin\git\ACCBid-Mobile\accbid.apk'

2019-11-15 10:53:01 - [MESSAGE][INFO] - User set preference: ['unicodeKeyboard', 'true']

2019-11-15 10:53:01 - [MESSAGE][INFO] - User set preference: ['resetKeyboard', 'true']

2019-11-15 10:53:01 - [MESSAGE][INFO] - User set preference: ['deviceId', '']

2019-11-15 10:53:40 - [MESSAGE][PASSED] - Started app at: 'C:\Users\Marvin\git\ACCBid-Mobile\accbid.apk'

2019-11-15 10:53:40 - [TEST_STEP][PASSED] - tap(findTestObject("TopUP/BTN_Deposit"), 0): Tapped on element 'Object Repository/TopUP/BTN_Deposit'

2019-11-15 10:53:41 - [MESSAGE][WARNING] - Timeout '0' is invalid. Using default page load timeout: '60'

2019-11-15 10:53:48 - [MESSAGE][PASSED] - Tapped on element 'Object Repository/TopUP/BTN_Deposit'

2019-11-15 10:53:48 - [TEST_STEP][PASSED] - if (JenisPenarikan == "Astria"): null

2019-11-15 10:53:48 - [TEST_STEP][PASSED] - else if (JenisPenarikan == "IBID"): null

2019-11-15 10:53:48 - [TEST_STEP][PASSED] - mobile.Swipers.RightLeft(0.9, 0.5, 300): mobile.Swipers.RightLeft is PASSED

2019-11-15 10:53:49 - [MESSAGE][PASSED] - Current device physical width is 1080

2019-11-15 10:53:50 - [MESSAGE][PASSED] - Current device physical height is 2131

2019-11-15 10:53:50 - [MESSAGE][INFO] - Device Height : 2131

2019-11-15 10:53:50 - [MESSAGE][INFO] - Device Width : 1080

2019-11-15 10:53:50 - [MESSAGE][INFO] - Swipe start at Width : 971

2019-11-15 10:53:50 - [MESSAGE][INFO] - Swipe end at Witdh : 540

2019-11-15 10:53:50 - [MESSAGE][INFO] - Y Position : 300

2019-11-15 10:53:52 - [MESSAGE][PASSED] - Swiped from 971,300 to 540,300

2019-11-15 10:53:52 - [MESSAGE][PASSED] - mobile.Swipers.RightLeft is PASSED

2019-11-15 10:53:52 - [TEST_STEP][PASSED] - tap(findTestObject("TopUP/PenarikanIBID/BtnPenarikanIBID"), 0): Tapped on element 'Object Repository/TopUP/PenarikanIBID/BtnPenarikanIBID'

2019-11-15 10:53:54 - [MESSAGE][WARNING] - Timeout '0' is invalid. Using default page load timeout: '60'

2019-11-15 10:53:59 - [MESSAGE][PASSED] - Tapped on element 'Object Repository/TopUP/PenarikanIBID/BtnPenarikanIBID'

2019-11-15 10:53:59 - [TEST_STEP][PASSED] - setText(findTestObject("TopUP/PenarikanIBID/InputNominalPenarikanIBID"), Nominal, 0): Text '' has been set to element 'Object Repository/TopUP/PenarikanIBID/InputNominalPenarikanIBID'

2019-11-15 10:54:01 - [MESSAGE][WARNING] - Timeout '0' is invalid. Using default page load timeout: '60'

2019-11-15 10:54:04 - [MESSAGE][PASSED] - Text '' has been set to element 'Object Repository/TopUP/PenarikanIBID/InputNominalPenarikanIBID'

2019-11-15 10:54:04 - [TEST_STEP][PASSED] - tap(findTestObject("TopUP/PenarikanIBID/DropDownBank"), 0): Tapped on element 'Object Repository/TopUP/PenarikanIBID/DropDownBank'

2019-11-15 10:54:08 - [MESSAGE][WARNING] - Timeout '0' is invalid. Using default page load timeout: '60'

2019-11-15 10:54:11 - [MESSAGE][PASSED] - Tapped on element 'Object Repository/TopUP/PenarikanIBID/DropDownBank'

2019-11-15 10:54:11 - [TEST_STEP][PASSED] - tap(findTestObject("Kalkulator/Click", ["text":Bank]), 0): Tapped on element 'Object Repository/Kalkulator/Click'

2019-11-15 10:54:14 - [MESSAGE][WARNING] - Timeout '0' is invalid. Using default page load timeout: '60'

2019-11-15 10:54:15 - [MESSAGE][PASSED] - Tapped on element 'Object Repository/Kalkulator/Click'

2019-11-15 10:54:15 - [TEST_STEP][PASSED] - tap(findTestObject("TopUP/PenarikanIBID/BTNLANJUTIBID"), 0): Tapped on element 'Object Repository/TopUP/PenarikanIBID/BTNLANJUTIBID'

2019-11-15 10:54:16 - [MESSAGE][WARNING] - Timeout '0' is invalid. Using default page load timeout: '60'

2019-11-15 10:54:17 - [MESSAGE][PASSED] - Tapped on element 'Object Repository/TopUP/PenarikanIBID/BTNLANJUTIBID'

2019-11-15 10:54:17 - [TEST_STEP][PASSED] - if (verifyElementVisible(findTestObject("TopUP/PenarikanIBID/AlertPenarikanIBID"), 0, OPTIONAL)): null

2019-11-15 10:54:21 - [MESSAGE][WARNING] - Timeout '0' is invalid. Using default page load timeout: '60'

2019-11-15 10:54:22 - [MESSAGE][PASSED] - Element 'Object Repository/TopUP/PenarikanIBID/AlertPenarikanIBID' is visible

2019-11-15 10:54:22 - [TEST_STEP][PASSED] - verifyElementVisible(findTestObject("TopUP/PenarikanIBID/BTNLANJUTIBID"), 0, STOP_ON_FAILURE): Element 'Object Repository/TopUP/PenarikanIBID/BTNLANJUTIBID' is visible

2019-11-15 10:54:23 - [MESSAGE][WARNING] - Timeout '0' is invalid. Using default page load timeout: '60'

2019-11-15 10:54:24 - [MESSAGE][PASSED] - Element 'Object Repository/TopUP/PenarikanIBID/BTNLANJUTIBID' is visible

2019-11-15 10:54:24 - [TEST_STEP][PASSED] - switch ("Result"): null

2019-11-15 10:54:24 - [TEST_STEP][PASSED] - Start listener action : addFailedTCToList: null]]></system-out>
         <system-err><![CDATA[]]></system-err>
      </testcase>
      <testcase name="Test Cases/TopUP/Penarikan" time="226.867" classname="Test Cases/TopUP/Penarikan" status="PASSED">
         <system-out><![CDATA[2019-11-15 10:54:24 - [TEST_CASE][PASSED] - Test Cases/TopUP/Penarikan: Test Cases/TopUP/Penarikan

2019-11-15 10:54:24 - [TEST_STEP][PASSED] - Start listener action : executeRows: null

2019-11-15 10:54:25 - [TEST_STEP][PASSED] - startApplication("C:/Users/Marvin/git/ACCBid-Mobile/accbid.apk", false): Started app at: 'C:\Users\Marvin\git\ACCBid-Mobile\accbid.apk'

2019-11-15 10:54:25 - [MESSAGE][INFO] - User set preference: ['unicodeKeyboard', 'true']

2019-11-15 10:54:25 - [MESSAGE][INFO] - User set preference: ['resetKeyboard', 'true']

2019-11-15 10:54:25 - [MESSAGE][INFO] - User set preference: ['deviceId', '']

2019-11-15 10:54:58 - [MESSAGE][PASSED] - Started app at: 'C:\Users\Marvin\git\ACCBid-Mobile\accbid.apk'

2019-11-15 10:54:58 - [TEST_STEP][PASSED] - tap(findTestObject("TopUP/BTN_Deposit"), 0): Tapped on element 'Object Repository/TopUP/BTN_Deposit'

2019-11-15 10:55:00 - [MESSAGE][WARNING] - Timeout '0' is invalid. Using default page load timeout: '60'

2019-11-15 10:55:08 - [MESSAGE][PASSED] - Tapped on element 'Object Repository/TopUP/BTN_Deposit'

2019-11-15 10:55:08 - [TEST_STEP][PASSED] - if (JenisPenarikan == "Astria"): null

2019-11-15 10:55:08 - [TEST_STEP][PASSED] - else if (JenisPenarikan == "IBID"): null

2019-11-15 10:55:08 - [TEST_STEP][PASSED] - mobile.Swipers.RightLeft(0.9, 0.5, 300): mobile.Swipers.RightLeft is PASSED

2019-11-15 10:55:09 - [MESSAGE][PASSED] - Current device physical width is 1080

2019-11-15 10:55:11 - [MESSAGE][PASSED] - Current device physical height is 2131

2019-11-15 10:55:11 - [MESSAGE][INFO] - Device Height : 2131

2019-11-15 10:55:11 - [MESSAGE][INFO] - Device Width : 1080

2019-11-15 10:55:11 - [MESSAGE][INFO] - Swipe start at Width : 971

2019-11-15 10:55:11 - [MESSAGE][INFO] - Swipe end at Witdh : 540

2019-11-15 10:55:11 - [MESSAGE][INFO] - Y Position : 300

2019-11-15 10:55:14 - [MESSAGE][PASSED] - Swiped from 971,300 to 540,300

2019-11-15 10:55:14 - [MESSAGE][PASSED] - mobile.Swipers.RightLeft is PASSED

2019-11-15 10:55:14 - [TEST_STEP][PASSED] - tap(findTestObject("TopUP/PenarikanIBID/BtnPenarikanIBID"), 0): Tapped on element 'Object Repository/TopUP/PenarikanIBID/BtnPenarikanIBID'

2019-11-15 10:55:17 - [MESSAGE][WARNING] - Timeout '0' is invalid. Using default page load timeout: '60'

2019-11-15 10:55:23 - [MESSAGE][PASSED] - Tapped on element 'Object Repository/TopUP/PenarikanIBID/BtnPenarikanIBID'

2019-11-15 10:55:23 - [TEST_STEP][PASSED] - setText(findTestObject("TopUP/PenarikanIBID/InputNominalPenarikanIBID"), Nominal, 0): Text '60' has been set to element 'Object Repository/TopUP/PenarikanIBID/InputNominalPenarikanIBID'

2019-11-15 10:55:26 - [MESSAGE][WARNING] - Timeout '0' is invalid. Using default page load timeout: '60'

2019-11-15 10:55:28 - [MESSAGE][PASSED] - Text '60' has been set to element 'Object Repository/TopUP/PenarikanIBID/InputNominalPenarikanIBID'

2019-11-15 10:55:28 - [TEST_STEP][PASSED] - tap(findTestObject("TopUP/PenarikanIBID/DropDownBank"), 0): Tapped on element 'Object Repository/TopUP/PenarikanIBID/DropDownBank'

2019-11-15 10:55:30 - [MESSAGE][WARNING] - Timeout '0' is invalid. Using default page load timeout: '60'

2019-11-15 10:55:33 - [MESSAGE][PASSED] - Tapped on element 'Object Repository/TopUP/PenarikanIBID/DropDownBank'

2019-11-15 10:55:33 - [TEST_STEP][PASSED] - tap(findTestObject("Kalkulator/Click", ["text":Bank]), 0): Tapped on element 'Object Repository/Kalkulator/Click'

2019-11-15 10:55:39 - [MESSAGE][WARNING] - Timeout '0' is invalid. Using default page load timeout: '60'

2019-11-15 10:55:41 - [MESSAGE][PASSED] - Tapped on element 'Object Repository/Kalkulator/Click'

2019-11-15 10:55:41 - [TEST_STEP][PASSED] - tap(findTestObject("TopUP/PenarikanIBID/BTNLANJUTIBID"), 0): Tapped on element 'Object Repository/TopUP/PenarikanIBID/BTNLANJUTIBID'

2019-11-15 10:55:42 - [MESSAGE][WARNING] - Timeout '0' is invalid. Using default page load timeout: '60'

2019-11-15 10:55:45 - [MESSAGE][PASSED] - Tapped on element 'Object Repository/TopUP/PenarikanIBID/BTNLANJUTIBID'

2019-11-15 10:55:45 - [TEST_STEP][PASSED] - if (verifyElementVisible(findTestObject("TopUP/PenarikanIBID/AlertPenarikanIBID"), 0, OPTIONAL)): Element 'Object Repository/TopUP/PenarikanIBID/AlertPenarikanIBID' not found

2019-11-15 10:55:47 - [MESSAGE][WARNING] - Timeout '0' is invalid. Using default page load timeout: '60'

2019-11-15 10:56:51 - [MESSAGE][WARNING] - Element 'Object Repository/TopUP/PenarikanIBID/AlertPenarikanIBID' not found
[[ATTACHMENT|C:\\Users\\Marvin\\Documents\\GitHub\\ACCBid-Mobile\\Reports\\20191115_104239\\TopUP\\Penarikan\\20191115_104239\\1573790207940.png]]

2019-11-15 10:56:51 - [TEST_STEP][PASSED] - else: Tapped on element 'Object Repository/TopUP/PenarikanIBID/PenarikanIBIDOkay'

2019-11-15 10:56:51 - [TEST_STEP][PASSED] - setText(findTestObject("TopUP/PenarikanIBID/OTPPenarikanIBID"), OTP, 0): Text '356195' has been set to element 'Object Repository/TopUP/PenarikanIBID/OTPPenarikanIBID'

2019-11-15 10:56:52 - [MESSAGE][WARNING] - Timeout '0' is invalid. Using default page load timeout: '60'

2019-11-15 10:56:54 - [MESSAGE][PASSED] - Text '356195' has been set to element 'Object Repository/TopUP/PenarikanIBID/OTPPenarikanIBID'

2019-11-15 10:56:54 - [TEST_STEP][PASSED] - tap(findTestObject("TopUP/PenarikanIBID/BTNVerifPenarikanIBID"), 0): Tapped on element 'Object Repository/TopUP/PenarikanIBID/BTNVerifPenarikanIBID'

2019-11-15 10:56:55 - [MESSAGE][WARNING] - Timeout '0' is invalid. Using default page load timeout: '60'

2019-11-15 10:56:57 - [MESSAGE][PASSED] - Tapped on element 'Object Repository/TopUP/PenarikanIBID/BTNVerifPenarikanIBID'

2019-11-15 10:56:57 - [TEST_STEP][PASSED] - if (verifyElementVisible(findTestObject("TopUP/PenarikanIBID/AlertKodeSalahIBID"), 0, OPTIONAL)): Element 'Object Repository/TopUP/PenarikanIBID/AlertKodeSalahIBID' not found

2019-11-15 10:56:58 - [MESSAGE][WARNING] - Timeout '0' is invalid. Using default page load timeout: '60'

2019-11-15 10:58:02 - [MESSAGE][WARNING] - Element 'Object Repository/TopUP/PenarikanIBID/AlertKodeSalahIBID' not found
[[ATTACHMENT|C:\\Users\\Marvin\\Documents\\GitHub\\ACCBid-Mobile\\Reports\\20191115_104239\\TopUP\\Penarikan\\20191115_104239\\1573790278994.png]]

2019-11-15 10:58:02 - [TEST_STEP][PASSED] - else: Tapped on element 'Object Repository/TopUP/PenarikanIBID/PenarikanIBIDOkay'

2019-11-15 10:58:02 - [TEST_STEP][PASSED] - tap(findTestObject("TopUP/PenarikanIBID/PenarikanIBIDOkay"), 0): Tapped on element 'Object Repository/TopUP/PenarikanIBID/PenarikanIBIDOkay'

2019-11-15 10:58:07 - [MESSAGE][WARNING] - Timeout '0' is invalid. Using default page load timeout: '60'

2019-11-15 10:58:10 - [MESSAGE][PASSED] - Tapped on element 'Object Repository/TopUP/PenarikanIBID/PenarikanIBIDOkay'

2019-11-15 10:58:10 - [TEST_STEP][PASSED] - switch ("Result"): null

2019-11-15 10:58:10 - [TEST_STEP][PASSED] - Start listener action : addFailedTCToList: null]]></system-out>
         <system-err><![CDATA[]]></system-err>
      </testcase>
      <system-out><![CDATA[2019-11-15 10:42:47 - [TEST_SUITE][PASSED] - Penarikan: Test Cases/TopUP/Penarikan]]></system-out>
      <system-err><![CDATA[]]></system-err>
   </testsuite>
</testsuites>
