<?xml version="1.0" encoding="UTF-8" standalone="yes"?>
<testsuites name="Penarikan" time="261" tests="4" failures="0" errors="0">
    <testsuite name="Penarikan" tests="4" failures="0" errors="0" time="261" timestamp="2019-11-06 16:30:36" hostname="Marvin - DESKTOP-98KC72N" id="Test Suites/TopUP/Penarikan">
        <properties>
            <property name="deviceName" value="samsung SM-A505F (Android 9)"/>
            <property name="devicePlatform" value=""/>
            <property name="logFolder" value="C:\\Users\\Marvin\\Documents\\GitHub\\ACCBid-Mobile\\Reports\\20191106_163030\\TopUP\\Penarikan\\20191106_163030"/>
            <property name="logFiles" value="C:\\Users\\Marvin\\Documents\\GitHub\\ACCBid-Mobile\\Reports\\20191106_163030\\TopUP\\Penarikan\\20191106_163030\\appium.log, C:\\Users\\Marvin\\Documents\\GitHub\\ACCBid-Mobile\\Reports\\20191106_163030\\TopUP\\Penarikan\\20191106_163030\\execution0.log"/>
            <property name="attachments" value="C:\\Users\\Marvin\\Documents\\GitHub\\ACCBid-Mobile\\Reports\\20191106_163030\\TopUP\\Penarikan\\20191106_163030\\1573032707105.png, C:\\Users\\Marvin\\Documents\\GitHub\\ACCBid-Mobile\\Reports\\20191106_163030\\TopUP\\Penarikan\\20191106_163030\\1573032769810.png, C:\\Users\\Marvin\\Documents\\GitHub\\ACCBid-Mobile\\Reports\\20191106_163030\\TopUP\\Penarikan\\20191106_163030\\1573032887664.png"/>
            <property name="hostName" value="Marvin - DESKTOP-98KC72N"/>
            <property name="os" value="Windows 10 64bit"/>
            <property name="appiumServerStatus" value="{\&quot;status\&quot;:0,\&quot;value\&quot;:{\&quot;build\&quot;:{\&quot;version\&quot;:\&quot;1.12.1\&quot;}},\&quot;sessionId\&quot;:null}"/>
            <property name="katalonVersion" value="6.3.3.11"/>
            <property name="deviceOS" value="Android"/>
            <property name="appiumVersion" value="1.12.1"/>
            <property name="deviceModel" value="SM-A505F"/>
            <property name="hostAddress" value="192.168.56.1"/>
            <property name="deviceManufacturer" value="samsung"/>
            <property name="deviceId" value="RR8M30NJEFN"/>
            <property name="deviceName" value="samsung SM-A505F (Android 9)"/>
            <property name="deviceOSVersion" value="9"/>
        </properties>
        <testcase name="Test Cases/TopUP/Penarikan" classname="Test Cases/TopUP/Penarikan" status="PASSED">
            <system-out>2019-11-06 16:30:38 - [TEST_CASE][PASSED] - Test Cases/TopUP/Penarikan: Test Cases/TopUP/Penarikan&#xD;
&#xD;
2019-11-06 16:30:38 - [TEST_STEP][PASSED] - Start listener action : executeRows: null&#xD;
&#xD;
2019-11-06 16:30:41 - [TEST_STEP][PASSED] - startApplication("C:/Users/Marvin/git/ACCBid-Mobile/accbid.apk", false): Started app at: 'C:\Users\Marvin\git\ACCBid-Mobile\accbid.apk'&#xD;
&#xD;
2019-11-06 16:30:42 - [MESSAGE][INFO] - User set preference: ['unicodeKeyboard', 'true']&#xD;
&#xD;
2019-11-06 16:30:42 - [MESSAGE][INFO] - User set preference: ['resetKeyboard', 'true']&#xD;
&#xD;
2019-11-06 16:30:42 - [MESSAGE][INFO] - User set preference: ['deviceId', '']&#xD;
&#xD;
2019-11-06 16:30:52 - [MESSAGE][INFO] - Appium server started on port 49,545&#xD;
&#xD;
2019-11-06 16:31:30 - [MESSAGE][PASSED] - Started app at: 'C:\Users\Marvin\git\ACCBid-Mobile\accbid.apk'&#xD;
&#xD;
2019-11-06 16:31:30 - [TEST_STEP][PASSED] - tap(findTestObject("TopUP/BTN_Deposit"), 0): Tapped on element 'Object Repository/TopUP/BTN_Deposit'&#xD;
&#xD;
2019-11-06 16:31:31 - [MESSAGE][WARNING] - Timeout '0' is invalid. Using default page load timeout: '60'&#xD;
&#xD;
2019-11-06 16:31:38 - [MESSAGE][PASSED] - Tapped on element 'Object Repository/TopUP/BTN_Deposit'&#xD;
&#xD;
2019-11-06 16:31:38 - [TEST_STEP][PASSED] - tap(findTestObject("TopUP/Penarikan/Btn_Penarikan"), 0): Tapped on element 'Object Repository/TopUP/Penarikan/Btn_Penarikan'&#xD;
&#xD;
2019-11-06 16:31:38 - [MESSAGE][WARNING] - Timeout '0' is invalid. Using default page load timeout: '60'&#xD;
&#xD;
2019-11-06 16:31:42 - [MESSAGE][PASSED] - Tapped on element 'Object Repository/TopUP/Penarikan/Btn_Penarikan'&#xD;
&#xD;
2019-11-06 16:31:42 - [TEST_STEP][PASSED] - setText(findTestObject("TopUP/Penarikan/Nominal"), Nominal, 0): Text '500000' has been set to element 'Object Repository/TopUP/Penarikan/Nominal'&#xD;
&#xD;
2019-11-06 16:31:42 - [MESSAGE][WARNING] - Timeout '0' is invalid. Using default page load timeout: '60'&#xD;
&#xD;
2019-11-06 16:31:43 - [MESSAGE][PASSED] - Text '500000' has been set to element 'Object Repository/TopUP/Penarikan/Nominal'&#xD;
&#xD;
2019-11-06 16:31:43 - [TEST_STEP][PASSED] - if (verifyElementVisible(findTestObject("TopUP/Penarikan/PopUpKelipatan"), 3, OPTIONAL)): Element 'Object Repository/TopUP/Penarikan/PopUpKelipatan' not found&#xD;
&#xD;
2019-11-06 16:31:48 - [MESSAGE][WARNING] - Element 'Object Repository/TopUP/Penarikan/PopUpKelipatan' not found&#xD;
[[ATTACHMENT|C:\\Users\\Marvin\\Documents\\GitHub\\ACCBid-Mobile\\Reports\\20191106_163030\\TopUP\\Penarikan\\20191106_163030\\1573032707105.png]]&#xD;
&#xD;
2019-11-06 16:31:48 - [TEST_STEP][PASSED] - else: Element 'Object Repository/TopUP/Penarikan/BTN_Lanjut' is visible&#xD;
&#xD;
2019-11-06 16:31:48 - [TEST_STEP][PASSED] - tap(findTestObject("TopUP/Penarikan/DropDownBank"), 0): Tapped on element 'Object Repository/TopUP/Penarikan/DropDownBank'&#xD;
&#xD;
2019-11-06 16:31:48 - [MESSAGE][WARNING] - Timeout '0' is invalid. Using default page load timeout: '60'&#xD;
&#xD;
2019-11-06 16:31:50 - [MESSAGE][PASSED] - Tapped on element 'Object Repository/TopUP/Penarikan/DropDownBank'&#xD;
&#xD;
2019-11-06 16:31:50 - [TEST_STEP][PASSED] - tap(findTestObject("Kalkulator/Click", ["text":Bank]), 0): Tapped on element 'Object Repository/Kalkulator/Click'&#xD;
&#xD;
2019-11-06 16:31:50 - [MESSAGE][WARNING] - Timeout '0' is invalid. Using default page load timeout: '60'&#xD;
&#xD;
2019-11-06 16:31:52 - [MESSAGE][PASSED] - Tapped on element 'Object Repository/Kalkulator/Click'&#xD;
&#xD;
2019-11-06 16:31:52 - [TEST_STEP][PASSED] - tap(findTestObject("TopUP/Penarikan/BTN_Lanjut"), 0): Tapped on element 'Object Repository/TopUP/Penarikan/BTN_Lanjut'&#xD;
&#xD;
2019-11-06 16:31:52 - [MESSAGE][WARNING] - Timeout '0' is invalid. Using default page load timeout: '60'&#xD;
&#xD;
2019-11-06 16:31:55 - [MESSAGE][PASSED] - Tapped on element 'Object Repository/TopUP/Penarikan/BTN_Lanjut'&#xD;
&#xD;
2019-11-06 16:31:55 - [TEST_STEP][PASSED] - if (verifyElementVisible(findTestObject("TopUP/Penarikan/PopUPPenarikanMelibihiSaldo"), 3, OPTIONAL)): Element 'Object Repository/TopUP/Penarikan/BTN_Lanjut' is visible&#xD;
&#xD;
2019-11-06 16:31:57 - [MESSAGE][PASSED] - Element 'Object Repository/TopUP/Penarikan/PopUPPenarikanMelibihiSaldo' is visible&#xD;
&#xD;
2019-11-06 16:31:57 - [TEST_STEP][PASSED] - verifyElementVisible(findTestObject("TopUP/Penarikan/BTN_Lanjut"), 3, OPTIONAL): Element 'Object Repository/TopUP/Penarikan/BTN_Lanjut' is visible&#xD;
&#xD;
2019-11-06 16:31:58 - [MESSAGE][PASSED] - Element 'Object Repository/TopUP/Penarikan/BTN_Lanjut' is visible&#xD;
&#xD;
2019-11-06 16:31:58 - [TEST_STEP][PASSED] - switch ("Result"): null&#xD;
&#xD;
2019-11-06 16:31:58 - [TEST_STEP][PASSED] - Start listener action : addFailedTCToList: null</system-out>
            <system-err></system-err>
        </testcase>
        <testcase name="Test Cases/TopUP/Penarikan" classname="Test Cases/TopUP/Penarikan" status="PASSED">
            <system-out>2019-11-06 16:31:58 - [TEST_CASE][PASSED] - Test Cases/TopUP/Penarikan: Test Cases/TopUP/Penarikan&#xD;
&#xD;
2019-11-06 16:31:58 - [TEST_STEP][PASSED] - Start listener action : executeRows: null&#xD;
&#xD;
2019-11-06 16:31:58 - [TEST_STEP][PASSED] - startApplication("C:/Users/Marvin/git/ACCBid-Mobile/accbid.apk", false): Started app at: 'C:\Users\Marvin\git\ACCBid-Mobile\accbid.apk'&#xD;
&#xD;
2019-11-06 16:31:58 - [MESSAGE][INFO] - User set preference: ['unicodeKeyboard', 'true']&#xD;
&#xD;
2019-11-06 16:31:58 - [MESSAGE][INFO] - User set preference: ['resetKeyboard', 'true']&#xD;
&#xD;
2019-11-06 16:31:58 - [MESSAGE][INFO] - User set preference: ['deviceId', '']&#xD;
&#xD;
2019-11-06 16:32:33 - [MESSAGE][PASSED] - Started app at: 'C:\Users\Marvin\git\ACCBid-Mobile\accbid.apk'&#xD;
&#xD;
2019-11-06 16:32:33 - [TEST_STEP][PASSED] - tap(findTestObject("TopUP/BTN_Deposit"), 0): Tapped on element 'Object Repository/TopUP/BTN_Deposit'&#xD;
&#xD;
2019-11-06 16:32:33 - [MESSAGE][WARNING] - Timeout '0' is invalid. Using default page load timeout: '60'&#xD;
&#xD;
2019-11-06 16:32:41 - [MESSAGE][PASSED] - Tapped on element 'Object Repository/TopUP/BTN_Deposit'&#xD;
&#xD;
2019-11-06 16:32:41 - [TEST_STEP][PASSED] - tap(findTestObject("TopUP/Penarikan/Btn_Penarikan"), 0): Tapped on element 'Object Repository/TopUP/Penarikan/Btn_Penarikan'&#xD;
&#xD;
2019-11-06 16:32:41 - [MESSAGE][WARNING] - Timeout '0' is invalid. Using default page load timeout: '60'&#xD;
&#xD;
2019-11-06 16:32:44 - [MESSAGE][PASSED] - Tapped on element 'Object Repository/TopUP/Penarikan/Btn_Penarikan'&#xD;
&#xD;
2019-11-06 16:32:44 - [TEST_STEP][PASSED] - setText(findTestObject("TopUP/Penarikan/Nominal"), Nominal, 0): Text '500000' has been set to element 'Object Repository/TopUP/Penarikan/Nominal'&#xD;
&#xD;
2019-11-06 16:32:44 - [MESSAGE][WARNING] - Timeout '0' is invalid. Using default page load timeout: '60'&#xD;
&#xD;
2019-11-06 16:32:46 - [MESSAGE][PASSED] - Text '500000' has been set to element 'Object Repository/TopUP/Penarikan/Nominal'&#xD;
&#xD;
2019-11-06 16:32:46 - [TEST_STEP][PASSED] - if (verifyElementVisible(findTestObject("TopUP/Penarikan/PopUpKelipatan"), 3, OPTIONAL)): Element 'Object Repository/TopUP/Penarikan/PopUpKelipatan' not found&#xD;
&#xD;
2019-11-06 16:32:51 - [MESSAGE][WARNING] - Element 'Object Repository/TopUP/Penarikan/PopUpKelipatan' not found&#xD;
[[ATTACHMENT|C:\\Users\\Marvin\\Documents\\GitHub\\ACCBid-Mobile\\Reports\\20191106_163030\\TopUP\\Penarikan\\20191106_163030\\1573032769810.png]]&#xD;
&#xD;
2019-11-06 16:32:51 - [TEST_STEP][PASSED] - else: Element 'Object Repository/TopUP/Penarikan/BTN_Lanjut' is visible&#xD;
&#xD;
2019-11-06 16:32:51 - [TEST_STEP][PASSED] - tap(findTestObject("TopUP/Penarikan/DropDownBank"), 0): Tapped on element 'Object Repository/TopUP/Penarikan/DropDownBank'&#xD;
&#xD;
2019-11-06 16:32:51 - [MESSAGE][WARNING] - Timeout '0' is invalid. Using default page load timeout: '60'&#xD;
&#xD;
2019-11-06 16:32:52 - [MESSAGE][PASSED] - Tapped on element 'Object Repository/TopUP/Penarikan/DropDownBank'&#xD;
&#xD;
2019-11-06 16:32:52 - [TEST_STEP][PASSED] - tap(findTestObject("Kalkulator/Click", ["text":Bank]), 0): Tapped on element 'Object Repository/Kalkulator/Click'&#xD;
&#xD;
2019-11-06 16:32:52 - [MESSAGE][WARNING] - Timeout '0' is invalid. Using default page load timeout: '60'&#xD;
&#xD;
2019-11-06 16:32:54 - [MESSAGE][PASSED] - Tapped on element 'Object Repository/Kalkulator/Click'&#xD;
&#xD;
2019-11-06 16:32:54 - [TEST_STEP][PASSED] - tap(findTestObject("TopUP/Penarikan/BTN_Lanjut"), 0): Tapped on element 'Object Repository/TopUP/Penarikan/BTN_Lanjut'&#xD;
&#xD;
2019-11-06 16:32:55 - [MESSAGE][WARNING] - Timeout '0' is invalid. Using default page load timeout: '60'&#xD;
&#xD;
2019-11-06 16:32:58 - [MESSAGE][PASSED] - Tapped on element 'Object Repository/TopUP/Penarikan/BTN_Lanjut'&#xD;
&#xD;
2019-11-06 16:32:58 - [TEST_STEP][PASSED] - if (verifyElementVisible(findTestObject("TopUP/Penarikan/PopUPPenarikanMelibihiSaldo"), 3, OPTIONAL)): Element 'Object Repository/TopUP/Penarikan/BTN_Lanjut' is visible&#xD;
&#xD;
2019-11-06 16:32:59 - [MESSAGE][PASSED] - Element 'Object Repository/TopUP/Penarikan/PopUPPenarikanMelibihiSaldo' is visible&#xD;
&#xD;
2019-11-06 16:32:59 - [TEST_STEP][PASSED] - verifyElementVisible(findTestObject("TopUP/Penarikan/BTN_Lanjut"), 3, OPTIONAL): Element 'Object Repository/TopUP/Penarikan/BTN_Lanjut' is visible&#xD;
&#xD;
2019-11-06 16:33:00 - [MESSAGE][PASSED] - Element 'Object Repository/TopUP/Penarikan/BTN_Lanjut' is visible&#xD;
&#xD;
2019-11-06 16:33:00 - [TEST_STEP][PASSED] - switch ("Result"): null&#xD;
&#xD;
2019-11-06 16:33:00 - [TEST_STEP][PASSED] - Start listener action : addFailedTCToList: null</system-out>
            <system-err></system-err>
        </testcase>
        <testcase name="Test Cases/TopUP/Penarikan" classname="Test Cases/TopUP/Penarikan" status="PASSED">
            <system-out>2019-11-06 16:33:01 - [TEST_CASE][PASSED] - Test Cases/TopUP/Penarikan: Test Cases/TopUP/Penarikan&#xD;
&#xD;
2019-11-06 16:33:01 - [TEST_STEP][PASSED] - Start listener action : executeRows: null&#xD;
&#xD;
2019-11-06 16:33:01 - [TEST_STEP][PASSED] - startApplication("C:/Users/Marvin/git/ACCBid-Mobile/accbid.apk", false): Started app at: 'C:\Users\Marvin\git\ACCBid-Mobile\accbid.apk'&#xD;
&#xD;
2019-11-06 16:33:01 - [MESSAGE][INFO] - User set preference: ['unicodeKeyboard', 'true']&#xD;
&#xD;
2019-11-06 16:33:01 - [MESSAGE][INFO] - User set preference: ['resetKeyboard', 'true']&#xD;
&#xD;
2019-11-06 16:33:01 - [MESSAGE][INFO] - User set preference: ['deviceId', '']&#xD;
&#xD;
2019-11-06 16:33:39 - [MESSAGE][PASSED] - Started app at: 'C:\Users\Marvin\git\ACCBid-Mobile\accbid.apk'&#xD;
&#xD;
2019-11-06 16:33:39 - [TEST_STEP][PASSED] - tap(findTestObject("TopUP/BTN_Deposit"), 0): Tapped on element 'Object Repository/TopUP/BTN_Deposit'&#xD;
&#xD;
2019-11-06 16:33:39 - [MESSAGE][WARNING] - Timeout '0' is invalid. Using default page load timeout: '60'&#xD;
&#xD;
2019-11-06 16:33:45 - [MESSAGE][PASSED] - Tapped on element 'Object Repository/TopUP/BTN_Deposit'&#xD;
&#xD;
2019-11-06 16:33:45 - [TEST_STEP][PASSED] - tap(findTestObject("TopUP/Penarikan/Btn_Penarikan"), 0): Tapped on element 'Object Repository/TopUP/Penarikan/Btn_Penarikan'&#xD;
&#xD;
2019-11-06 16:33:45 - [MESSAGE][WARNING] - Timeout '0' is invalid. Using default page load timeout: '60'&#xD;
&#xD;
2019-11-06 16:33:50 - [MESSAGE][PASSED] - Tapped on element 'Object Repository/TopUP/Penarikan/Btn_Penarikan'&#xD;
&#xD;
2019-11-06 16:33:50 - [TEST_STEP][PASSED] - setText(findTestObject("TopUP/Penarikan/Nominal"), Nominal, 0): Text '400000' has been set to element 'Object Repository/TopUP/Penarikan/Nominal'&#xD;
&#xD;
2019-11-06 16:33:50 - [MESSAGE][WARNING] - Timeout '0' is invalid. Using default page load timeout: '60'&#xD;
&#xD;
2019-11-06 16:33:52 - [MESSAGE][PASSED] - Text '400000' has been set to element 'Object Repository/TopUP/Penarikan/Nominal'&#xD;
&#xD;
2019-11-06 16:33:52 - [TEST_STEP][PASSED] - if (verifyElementVisible(findTestObject("TopUP/Penarikan/PopUpKelipatan"), 3, OPTIONAL)): Element 'Object Repository/TopUP/Penarikan/BTN_Lanjut' is visible&#xD;
&#xD;
2019-11-06 16:33:53 - [MESSAGE][PASSED] - Element 'Object Repository/TopUP/Penarikan/PopUpKelipatan' is visible&#xD;
&#xD;
2019-11-06 16:33:53 - [TEST_STEP][PASSED] - verifyElementVisible(findTestObject("TopUP/Penarikan/BTN_Lanjut"), 0): Element 'Object Repository/TopUP/Penarikan/BTN_Lanjut' is visible&#xD;
&#xD;
2019-11-06 16:33:53 - [MESSAGE][WARNING] - Timeout '0' is invalid. Using default page load timeout: '60'&#xD;
&#xD;
2019-11-06 16:33:54 - [MESSAGE][PASSED] - Element 'Object Repository/TopUP/Penarikan/BTN_Lanjut' is visible&#xD;
&#xD;
2019-11-06 16:33:54 - [TEST_STEP][PASSED] - switch ("Result"): null&#xD;
&#xD;
2019-11-06 16:33:54 - [TEST_STEP][PASSED] - Start listener action : addFailedTCToList: null</system-out>
            <system-err></system-err>
        </testcase>
        <testcase name="Test Cases/TopUP/Penarikan" classname="Test Cases/TopUP/Penarikan" status="PASSED">
            <system-out>2019-11-06 16:33:54 - [TEST_CASE][PASSED] - Test Cases/TopUP/Penarikan: Test Cases/TopUP/Penarikan&#xD;
&#xD;
2019-11-06 16:33:54 - [TEST_STEP][PASSED] - Start listener action : executeRows: null&#xD;
&#xD;
2019-11-06 16:33:54 - [TEST_STEP][PASSED] - startApplication("C:/Users/Marvin/git/ACCBid-Mobile/accbid.apk", false): Started app at: 'C:\Users\Marvin\git\ACCBid-Mobile\accbid.apk'&#xD;
&#xD;
2019-11-06 16:33:54 - [MESSAGE][INFO] - User set preference: ['unicodeKeyboard', 'true']&#xD;
&#xD;
2019-11-06 16:33:54 - [MESSAGE][INFO] - User set preference: ['resetKeyboard', 'true']&#xD;
&#xD;
2019-11-06 16:33:54 - [MESSAGE][INFO] - User set preference: ['deviceId', '']&#xD;
&#xD;
2019-11-06 16:34:29 - [MESSAGE][PASSED] - Started app at: 'C:\Users\Marvin\git\ACCBid-Mobile\accbid.apk'&#xD;
&#xD;
2019-11-06 16:34:29 - [TEST_STEP][PASSED] - tap(findTestObject("TopUP/BTN_Deposit"), 0): Tapped on element 'Object Repository/TopUP/BTN_Deposit'&#xD;
&#xD;
2019-11-06 16:34:29 - [MESSAGE][WARNING] - Timeout '0' is invalid. Using default page load timeout: '60'&#xD;
&#xD;
2019-11-06 16:34:39 - [MESSAGE][PASSED] - Tapped on element 'Object Repository/TopUP/BTN_Deposit'&#xD;
&#xD;
2019-11-06 16:34:39 - [TEST_STEP][PASSED] - tap(findTestObject("TopUP/Penarikan/Btn_Penarikan"), 0): Tapped on element 'Object Repository/TopUP/Penarikan/Btn_Penarikan'&#xD;
&#xD;
2019-11-06 16:34:39 - [MESSAGE][WARNING] - Timeout '0' is invalid. Using default page load timeout: '60'&#xD;
&#xD;
2019-11-06 16:34:42 - [MESSAGE][PASSED] - Tapped on element 'Object Repository/TopUP/Penarikan/Btn_Penarikan'&#xD;
&#xD;
2019-11-06 16:34:42 - [TEST_STEP][PASSED] - setText(findTestObject("TopUP/Penarikan/Nominal"), Nominal, 0): Text '500000' has been set to element 'Object Repository/TopUP/Penarikan/Nominal'&#xD;
&#xD;
2019-11-06 16:34:42 - [MESSAGE][WARNING] - Timeout '0' is invalid. Using default page load timeout: '60'&#xD;
&#xD;
2019-11-06 16:34:44 - [MESSAGE][PASSED] - Text '500000' has been set to element 'Object Repository/TopUP/Penarikan/Nominal'&#xD;
&#xD;
2019-11-06 16:34:44 - [TEST_STEP][PASSED] - if (verifyElementVisible(findTestObject("TopUP/Penarikan/PopUpKelipatan"), 3, OPTIONAL)): Element 'Object Repository/TopUP/Penarikan/PopUpKelipatan' not found&#xD;
&#xD;
2019-11-06 16:34:49 - [MESSAGE][WARNING] - Element 'Object Repository/TopUP/Penarikan/PopUpKelipatan' not found&#xD;
[[ATTACHMENT|C:\\Users\\Marvin\\Documents\\GitHub\\ACCBid-Mobile\\Reports\\20191106_163030\\TopUP\\Penarikan\\20191106_163030\\1573032887664.png]]&#xD;
&#xD;
2019-11-06 16:34:49 - [TEST_STEP][PASSED] - else: Element 'Object Repository/TopUP/Penarikan/BTN_Lanjut' is visible&#xD;
&#xD;
2019-11-06 16:34:49 - [TEST_STEP][PASSED] - tap(findTestObject("TopUP/Penarikan/DropDownBank"), 0): Tapped on element 'Object Repository/TopUP/Penarikan/DropDownBank'&#xD;
&#xD;
2019-11-06 16:34:49 - [MESSAGE][WARNING] - Timeout '0' is invalid. Using default page load timeout: '60'&#xD;
&#xD;
2019-11-06 16:34:51 - [MESSAGE][PASSED] - Tapped on element 'Object Repository/TopUP/Penarikan/DropDownBank'&#xD;
&#xD;
2019-11-06 16:34:51 - [TEST_STEP][PASSED] - tap(findTestObject("Kalkulator/Click", ["text":Bank]), 0): Tapped on element 'Object Repository/Kalkulator/Click'&#xD;
&#xD;
2019-11-06 16:34:51 - [MESSAGE][WARNING] - Timeout '0' is invalid. Using default page load timeout: '60'&#xD;
&#xD;
2019-11-06 16:34:53 - [MESSAGE][PASSED] - Tapped on element 'Object Repository/Kalkulator/Click'&#xD;
&#xD;
2019-11-06 16:34:53 - [TEST_STEP][PASSED] - tap(findTestObject("TopUP/Penarikan/BTN_Lanjut"), 0): Tapped on element 'Object Repository/TopUP/Penarikan/BTN_Lanjut'&#xD;
&#xD;
2019-11-06 16:34:53 - [MESSAGE][WARNING] - Timeout '0' is invalid. Using default page load timeout: '60'&#xD;
&#xD;
2019-11-06 16:34:56 - [MESSAGE][PASSED] - Tapped on element 'Object Repository/TopUP/Penarikan/BTN_Lanjut'&#xD;
&#xD;
2019-11-06 16:34:56 - [TEST_STEP][PASSED] - if (verifyElementVisible(findTestObject("TopUP/Penarikan/PopUPPenarikanMelibihiSaldo"), 3, OPTIONAL)): Element 'Object Repository/TopUP/Penarikan/BTN_Lanjut' is visible&#xD;
&#xD;
2019-11-06 16:34:57 - [MESSAGE][PASSED] - Element 'Object Repository/TopUP/Penarikan/PopUPPenarikanMelibihiSaldo' is visible&#xD;
&#xD;
2019-11-06 16:34:57 - [TEST_STEP][PASSED] - verifyElementVisible(findTestObject("TopUP/Penarikan/BTN_Lanjut"), 3, OPTIONAL): Element 'Object Repository/TopUP/Penarikan/BTN_Lanjut' is visible&#xD;
&#xD;
2019-11-06 16:34:58 - [MESSAGE][PASSED] - Element 'Object Repository/TopUP/Penarikan/BTN_Lanjut' is visible&#xD;
&#xD;
2019-11-06 16:34:58 - [TEST_STEP][PASSED] - switch ("Result"): null&#xD;
&#xD;
2019-11-06 16:34:58 - [TEST_STEP][PASSED] - Start listener action : addFailedTCToList: null</system-out>
            <system-err></system-err>
        </testcase>
        <system-out>2019-11-06 16:30:36 - [TEST_SUITE][INCOMPLETE] - Penarikan: null</system-out>
        <system-err>2019-11-06 16:30:36 - [TEST_SUITE][INCOMPLETE] - Penarikan: null</system-err>
    </testsuite>
</testsuites>
