<?xml version="1.0" encoding="UTF-8"?>
<testsuites name="Filter" time="406.4" tests="3" failures="0" errors="0">
   <testsuite name="Filter" tests="3" failures="0" errors="0" time="406.4" timestamp="2019-12-03 14:17:24" hostname="Marvin - DESKTOP-98KC72N" id="Test Suites/Filter/Filter">
      <properties>
         <property name="deviceName" value="samsung SM-A505F (Android 9)"/>
         <property name="devicePlatform" value=""/>
         <property name="logFolder" value="C:\\Users\\Marvin\\Documents\\GitHub\\ACCBid-Mobile\\Reports\\20191203_141713\\Filter\\Filter\\20191203_141713"/>
         <property name="logFiles" value="C:\\Users\\Marvin\\Documents\\GitHub\\ACCBid-Mobile\\Reports\\20191203_141713\\Filter\\Filter\\20191203_141713\\appium.log, C:\\Users\\Marvin\\Documents\\GitHub\\ACCBid-Mobile\\Reports\\20191203_141713\\Filter\\Filter\\20191203_141713\\execution0.log"/>
         <property name="attachments" value=""/>
         <property name="hostName" value="Marvin - DESKTOP-98KC72N"/>
         <property name="os" value="Windows 10 64bit"/>
         <property name="appiumServerStatus" value="{\&quot;status\&quot;:0,\&quot;value\&quot;:{\&quot;build\&quot;:{\&quot;version\&quot;:\&quot;1.12.1\&quot;}},\&quot;sessionId\&quot;:null}"/>
         <property name="katalonVersion" value="7.0.8.1"/>
         <property name="deviceOS" value="Android"/>
         <property name="appiumVersion" value="1.12.1"/>
         <property name="deviceModel" value="SM-A505F"/>
         <property name="hostAddress" value="192.168.56.1"/>
         <property name="deviceManufacturer" value="samsung"/>
         <property name="deviceId" value="RR8M30NJEFN"/>
         <property name="deviceName" value="samsung SM-A505F (Android 9)"/>
         <property name="deviceOSVersion" value="9"/>
      </properties>
      <testcase name="Test Cases/Filter/Filter" time="147.412" classname="Test Cases/Filter/Filter" status="PASSED">
         <system-out><![CDATA[2019-12-03 14:17:25 - [TEST_CASE][PASSED] - Test Cases/Filter/Filter: Test Cases/Filter/Filter

2019-12-03 14:17:26 - [TEST_STEP][PASSED] - Start listener action : executeRows: null

2019-12-03 14:17:30 - [TEST_STEP][PASSED] - startApplication("C:/Users/Marvin/Documents/GitHub/ACCBid-Mobile/accbid.apk", false): Started app at: 'C:\Users\Marvin\Documents\GitHub\ACCBid-Mobile\accbid.apk'

2019-12-03 14:17:30 - [MESSAGE][INFO] - User set preference: ['unicodeKeyboard', 'true']

2019-12-03 14:17:30 - [MESSAGE][INFO] - User set preference: ['resetKeyboard', 'true']

2019-12-03 14:17:30 - [MESSAGE][INFO] - User set preference: ['deviceId', '']

2019-12-03 14:17:41 - [MESSAGE][INFO] - Appium server started on port 58,582

2019-12-03 14:18:12 - [MESSAGE][PASSED] - Started app at: 'C:\Users\Marvin\Documents\GitHub\ACCBid-Mobile\accbid.apk'

2019-12-03 14:18:12 - [TEST_STEP][PASSED] - tap(findTestObject("Filter/Btn_Lihat_Semua"), 0): Tapped on element 'Object Repository/Filter/Btn_Lihat_Semua'

2019-12-03 14:18:13 - [MESSAGE][WARNING] - Timeout '0' is invalid. Using default page load timeout: '60'

2019-12-03 14:18:21 - [MESSAGE][PASSED] - Tapped on element 'Object Repository/Filter/Btn_Lihat_Semua'

2019-12-03 14:18:21 - [TEST_STEP][PASSED] - tap(findTestObject("Filter/Filter"), 0): Tapped on element 'Object Repository/Filter/Filter'

2019-12-03 14:18:21 - [MESSAGE][WARNING] - Timeout '0' is invalid. Using default page load timeout: '60'

2019-12-03 14:19:23 - [MESSAGE][PASSED] - Tapped on element 'Object Repository/Filter/Filter'

2019-12-03 14:19:23 - [TEST_STEP][PASSED] - setText(findTestObject("Filter/Brand"), Brand, 0): Text 'TOYOTA' has been set to element 'Object Repository/Filter/Brand'

2019-12-03 14:19:23 - [MESSAGE][WARNING] - Timeout '0' is invalid. Using default page load timeout: '60'

2019-12-03 14:19:25 - [MESSAGE][PASSED] - Text 'TOYOTA' has been set to element 'Object Repository/Filter/Brand'

2019-12-03 14:19:25 - [TEST_STEP][PASSED] - tap(findTestObject("Filter/Click", ["text":Brand]), 0): Tapped on element 'Object Repository/Filter/Click'

2019-12-03 14:19:25 - [MESSAGE][WARNING] - Timeout '0' is invalid. Using default page load timeout: '60'

2019-12-03 14:19:28 - [MESSAGE][PASSED] - Tapped on element 'Object Repository/Filter/Click'

2019-12-03 14:19:28 - [TEST_STEP][PASSED] - setText(findTestObject("Filter/Type"), Type, 0): Text 'KIJANG INNOVA' has been set to element 'Object Repository/Filter/Type'

2019-12-03 14:19:28 - [MESSAGE][WARNING] - Timeout '0' is invalid. Using default page load timeout: '60'

2019-12-03 14:19:30 - [MESSAGE][PASSED] - Text 'KIJANG INNOVA' has been set to element 'Object Repository/Filter/Type'

2019-12-03 14:19:30 - [TEST_STEP][PASSED] - tap(findTestObject("Filter/Click", ["text":Type]), 0): Tapped on element 'Object Repository/Filter/Click'

2019-12-03 14:19:31 - [MESSAGE][WARNING] - Timeout '0' is invalid. Using default page load timeout: '60'

2019-12-03 14:19:34 - [MESSAGE][PASSED] - Tapped on element 'Object Repository/Filter/Click'

2019-12-03 14:19:34 - [TEST_STEP][PASSED] - setText(findTestObject("Filter/Model"), Model, 0): Text 'TG 40 V A/T 30' has been set to element 'Object Repository/Filter/Model'

2019-12-03 14:19:34 - [MESSAGE][WARNING] - Timeout '0' is invalid. Using default page load timeout: '60'

2019-12-03 14:19:36 - [MESSAGE][PASSED] - Text 'TG 40 V A/T 30' has been set to element 'Object Repository/Filter/Model'

2019-12-03 14:19:36 - [TEST_STEP][PASSED] - tap(findTestObject("Filter/Click", ["text":Model]), 0): Tapped on element 'Object Repository/Filter/Click'

2019-12-03 14:19:36 - [MESSAGE][WARNING] - Timeout '0' is invalid. Using default page load timeout: '60'

2019-12-03 14:19:39 - [MESSAGE][PASSED] - Tapped on element 'Object Repository/Filter/Click'

2019-12-03 14:19:39 - [TEST_STEP][PASSED] - setText(findTestObject("Filter/Tahun(Min)"), Tahun_MIN, 0): Text '2010' has been set to element 'Object Repository/Filter/Tahun(Min)'

2019-12-03 14:19:40 - [MESSAGE][WARNING] - Timeout '0' is invalid. Using default page load timeout: '60'

2019-12-03 14:19:42 - [MESSAGE][PASSED] - Text '2010' has been set to element 'Object Repository/Filter/Tahun(Min)'

2019-12-03 14:19:42 - [TEST_STEP][PASSED] - setText(findTestObject("Filter/Tahun(Max)"), Tahun_MAX, 0): Text '2015' has been set to element 'Object Repository/Filter/Tahun(Max)'

2019-12-03 14:19:42 - [MESSAGE][WARNING] - Timeout '0' is invalid. Using default page load timeout: '60'

2019-12-03 14:19:45 - [MESSAGE][PASSED] - Text '2015' has been set to element 'Object Repository/Filter/Tahun(Max)'

2019-12-03 14:19:45 - [TEST_STEP][PASSED] - if (Transmisi == "SEMUA"): null

2019-12-03 14:19:45 - [TEST_STEP][PASSED] - else if (Transmisi == "MANUAL"): Tapped on element 'Object Repository/Filter/BtnManual'

2019-12-03 14:19:45 - [TEST_STEP][PASSED] - tap(findTestObject("Filter/BtnManual"), 0): Tapped on element 'Object Repository/Filter/BtnManual'

2019-12-03 14:19:45 - [MESSAGE][WARNING] - Timeout '0' is invalid. Using default page load timeout: '60'

2019-12-03 14:19:47 - [MESSAGE][PASSED] - Tapped on element 'Object Repository/Filter/BtnManual'

2019-12-03 14:19:47 - [TEST_STEP][PASSED] - delay(2, STOP_ON_FAILURE): Delayed 2 second(s)

2019-12-03 14:19:49 - [MESSAGE][PASSED] - Delayed 2 second(s)

2019-12-03 14:19:49 - [TEST_STEP][PASSED] - if (Lelang == "TERBUKA"): null

2019-12-03 14:19:49 - [TEST_STEP][PASSED] - tap(findTestObject("Filter/BtnTemukanMobil"), 0): Tapped on element 'Object Repository/Filter/BtnTemukanMobil'

2019-12-03 14:19:50 - [MESSAGE][WARNING] - Timeout '0' is invalid. Using default page load timeout: '60'

2019-12-03 14:19:53 - [MESSAGE][PASSED] - Tapped on element 'Object Repository/Filter/BtnTemukanMobil'

2019-12-03 14:19:53 - [TEST_STEP][PASSED] - Start listener action : addFailedTCToList: null]]></system-out>
         <system-err><![CDATA[]]></system-err>
      </testcase>
      <testcase name="Test Cases/Filter/Filter" time="124.062" classname="Test Cases/Filter/Filter" status="PASSED">
         <system-out><![CDATA[2019-12-03 14:19:53 - [TEST_CASE][PASSED] - Test Cases/Filter/Filter: Test Cases/Filter/Filter

2019-12-03 14:19:53 - [TEST_STEP][PASSED] - Start listener action : executeRows: null

2019-12-03 14:19:54 - [TEST_STEP][PASSED] - startApplication("C:/Users/Marvin/Documents/GitHub/ACCBid-Mobile/accbid.apk", false): Started app at: 'C:\Users\Marvin\Documents\GitHub\ACCBid-Mobile\accbid.apk'

2019-12-03 14:19:54 - [MESSAGE][INFO] - User set preference: ['unicodeKeyboard', 'true']

2019-12-03 14:19:54 - [MESSAGE][INFO] - User set preference: ['resetKeyboard', 'true']

2019-12-03 14:19:54 - [MESSAGE][INFO] - User set preference: ['deviceId', '']

2019-12-03 14:20:20 - [MESSAGE][PASSED] - Started app at: 'C:\Users\Marvin\Documents\GitHub\ACCBid-Mobile\accbid.apk'

2019-12-03 14:20:20 - [TEST_STEP][PASSED] - tap(findTestObject("Filter/Btn_Lihat_Semua"), 0): Tapped on element 'Object Repository/Filter/Btn_Lihat_Semua'

2019-12-03 14:20:20 - [MESSAGE][WARNING] - Timeout '0' is invalid. Using default page load timeout: '60'

2019-12-03 14:20:29 - [MESSAGE][PASSED] - Tapped on element 'Object Repository/Filter/Btn_Lihat_Semua'

2019-12-03 14:20:29 - [TEST_STEP][PASSED] - tap(findTestObject("Filter/Filter"), 0): Tapped on element 'Object Repository/Filter/Filter'

2019-12-03 14:20:29 - [MESSAGE][WARNING] - Timeout '0' is invalid. Using default page load timeout: '60'

2019-12-03 14:21:31 - [MESSAGE][PASSED] - Tapped on element 'Object Repository/Filter/Filter'

2019-12-03 14:21:31 - [TEST_STEP][PASSED] - setText(findTestObject("Filter/Brand"), Brand, 0): Text 'DAIHATSU' has been set to element 'Object Repository/Filter/Brand'

2019-12-03 14:21:31 - [MESSAGE][WARNING] - Timeout '0' is invalid. Using default page load timeout: '60'

2019-12-03 14:21:33 - [MESSAGE][PASSED] - Text 'DAIHATSU' has been set to element 'Object Repository/Filter/Brand'

2019-12-03 14:21:33 - [TEST_STEP][PASSED] - tap(findTestObject("Filter/Click", ["text":Brand]), 0): Tapped on element 'Object Repository/Filter/Click'

2019-12-03 14:21:33 - [MESSAGE][WARNING] - Timeout '0' is invalid. Using default page load timeout: '60'

2019-12-03 14:21:35 - [MESSAGE][PASSED] - Tapped on element 'Object Repository/Filter/Click'

2019-12-03 14:21:35 - [TEST_STEP][PASSED] - setText(findTestObject("Filter/Type"), Type, 0): Text 'CERIA' has been set to element 'Object Repository/Filter/Type'

2019-12-03 14:21:36 - [MESSAGE][WARNING] - Timeout '0' is invalid. Using default page load timeout: '60'

2019-12-03 14:21:37 - [MESSAGE][PASSED] - Text 'CERIA' has been set to element 'Object Repository/Filter/Type'

2019-12-03 14:21:37 - [TEST_STEP][PASSED] - tap(findTestObject("Filter/Click", ["text":Type]), 0): Tapped on element 'Object Repository/Filter/Click'

2019-12-03 14:21:38 - [MESSAGE][WARNING] - Timeout '0' is invalid. Using default page load timeout: '60'

2019-12-03 14:21:40 - [MESSAGE][PASSED] - Tapped on element 'Object Repository/Filter/Click'

2019-12-03 14:21:40 - [TEST_STEP][PASSED] - setText(findTestObject("Filter/Model"), Model, 0): Text 'L201 KL' has been set to element 'Object Repository/Filter/Model'

2019-12-03 14:21:40 - [MESSAGE][WARNING] - Timeout '0' is invalid. Using default page load timeout: '60'

2019-12-03 14:21:42 - [MESSAGE][PASSED] - Text 'L201 KL' has been set to element 'Object Repository/Filter/Model'

2019-12-03 14:21:42 - [TEST_STEP][PASSED] - tap(findTestObject("Filter/Click", ["text":Model]), 0): Tapped on element 'Object Repository/Filter/Click'

2019-12-03 14:21:42 - [MESSAGE][WARNING] - Timeout '0' is invalid. Using default page load timeout: '60'

2019-12-03 14:21:45 - [MESSAGE][PASSED] - Tapped on element 'Object Repository/Filter/Click'

2019-12-03 14:21:45 - [TEST_STEP][PASSED] - setText(findTestObject("Filter/Tahun(Min)"), Tahun_MIN, 0): Text '2014' has been set to element 'Object Repository/Filter/Tahun(Min)'

2019-12-03 14:21:45 - [MESSAGE][WARNING] - Timeout '0' is invalid. Using default page load timeout: '60'

2019-12-03 14:21:47 - [MESSAGE][PASSED] - Text '2014' has been set to element 'Object Repository/Filter/Tahun(Min)'

2019-12-03 14:21:47 - [TEST_STEP][PASSED] - setText(findTestObject("Filter/Tahun(Max)"), Tahun_MAX, 0): Text '2019' has been set to element 'Object Repository/Filter/Tahun(Max)'

2019-12-03 14:21:47 - [MESSAGE][WARNING] - Timeout '0' is invalid. Using default page load timeout: '60'

2019-12-03 14:21:50 - [MESSAGE][PASSED] - Text '2019' has been set to element 'Object Repository/Filter/Tahun(Max)'

2019-12-03 14:21:50 - [TEST_STEP][PASSED] - if (Transmisi == "SEMUA"): null

2019-12-03 14:21:50 - [TEST_STEP][PASSED] - else if (Transmisi == "MANUAL"): null

2019-12-03 14:21:50 - [TEST_STEP][PASSED] - else if (Transmisi == "AUTOMATIC"): Tapped on element 'Object Repository/Filter/btnAutomatic'

2019-12-03 14:21:50 - [TEST_STEP][PASSED] - tap(findTestObject("Filter/btnAutomatic"), 0): Tapped on element 'Object Repository/Filter/btnAutomatic'

2019-12-03 14:21:50 - [MESSAGE][WARNING] - Timeout '0' is invalid. Using default page load timeout: '60'

2019-12-03 14:21:53 - [MESSAGE][PASSED] - Tapped on element 'Object Repository/Filter/btnAutomatic'

2019-12-03 14:21:53 - [TEST_STEP][PASSED] - delay(2, STOP_ON_FAILURE): Delayed 2 second(s)

2019-12-03 14:21:55 - [MESSAGE][PASSED] - Delayed 2 second(s)

2019-12-03 14:21:55 - [TEST_STEP][PASSED] - if (Lelang == "TERBUKA"): null

2019-12-03 14:21:55 - [TEST_STEP][PASSED] - tap(findTestObject("Filter/BtnTemukanMobil"), 0): Tapped on element 'Object Repository/Filter/BtnTemukanMobil'

2019-12-03 14:21:55 - [MESSAGE][WARNING] - Timeout '0' is invalid. Using default page load timeout: '60'

2019-12-03 14:21:57 - [MESSAGE][PASSED] - Tapped on element 'Object Repository/Filter/BtnTemukanMobil'

2019-12-03 14:21:57 - [TEST_STEP][PASSED] - Start listener action : addFailedTCToList: null]]></system-out>
         <system-err><![CDATA[]]></system-err>
      </testcase>
      <testcase name="Test Cases/Filter/Filter" time="129.441" classname="Test Cases/Filter/Filter" status="PASSED">
         <system-out><![CDATA[2019-12-03 14:21:57 - [TEST_CASE][PASSED] - Test Cases/Filter/Filter: Test Cases/Filter/Filter

2019-12-03 14:21:58 - [TEST_STEP][PASSED] - Start listener action : executeRows: null

2019-12-03 14:21:58 - [TEST_STEP][PASSED] - startApplication("C:/Users/Marvin/Documents/GitHub/ACCBid-Mobile/accbid.apk", false): Started app at: 'C:\Users\Marvin\Documents\GitHub\ACCBid-Mobile\accbid.apk'

2019-12-03 14:21:58 - [MESSAGE][INFO] - User set preference: ['unicodeKeyboard', 'true']

2019-12-03 14:21:58 - [MESSAGE][INFO] - User set preference: ['resetKeyboard', 'true']

2019-12-03 14:21:58 - [MESSAGE][INFO] - User set preference: ['deviceId', '']

2019-12-03 14:22:23 - [MESSAGE][PASSED] - Started app at: 'C:\Users\Marvin\Documents\GitHub\ACCBid-Mobile\accbid.apk'

2019-12-03 14:22:23 - [TEST_STEP][PASSED] - tap(findTestObject("Filter/Btn_Lihat_Semua"), 0): Tapped on element 'Object Repository/Filter/Btn_Lihat_Semua'

2019-12-03 14:22:23 - [MESSAGE][WARNING] - Timeout '0' is invalid. Using default page load timeout: '60'

2019-12-03 14:22:33 - [MESSAGE][PASSED] - Tapped on element 'Object Repository/Filter/Btn_Lihat_Semua'

2019-12-03 14:22:33 - [TEST_STEP][PASSED] - tap(findTestObject("Filter/Filter"), 0): Tapped on element 'Object Repository/Filter/Filter'

2019-12-03 14:22:33 - [MESSAGE][WARNING] - Timeout '0' is invalid. Using default page load timeout: '60'

2019-12-03 14:23:35 - [MESSAGE][PASSED] - Tapped on element 'Object Repository/Filter/Filter'

2019-12-03 14:23:35 - [TEST_STEP][PASSED] - setText(findTestObject("Filter/Brand"), Brand, 0): Text 'MITSUBISHI' has been set to element 'Object Repository/Filter/Brand'

2019-12-03 14:23:35 - [MESSAGE][WARNING] - Timeout '0' is invalid. Using default page load timeout: '60'

2019-12-03 14:23:38 - [MESSAGE][PASSED] - Text 'MITSUBISHI' has been set to element 'Object Repository/Filter/Brand'

2019-12-03 14:23:38 - [TEST_STEP][PASSED] - tap(findTestObject("Filter/Click", ["text":Brand]), 0): Tapped on element 'Object Repository/Filter/Click'

2019-12-03 14:23:38 - [MESSAGE][WARNING] - Timeout '0' is invalid. Using default page load timeout: '60'

2019-12-03 14:23:42 - [MESSAGE][PASSED] - Tapped on element 'Object Repository/Filter/Click'

2019-12-03 14:23:42 - [TEST_STEP][PASSED] - setText(findTestObject("Filter/Type"), Type, 0): Text 'OUTLANDER' has been set to element 'Object Repository/Filter/Type'

2019-12-03 14:23:42 - [MESSAGE][WARNING] - Timeout '0' is invalid. Using default page load timeout: '60'

2019-12-03 14:23:44 - [MESSAGE][PASSED] - Text 'OUTLANDER' has been set to element 'Object Repository/Filter/Type'

2019-12-03 14:23:44 - [TEST_STEP][PASSED] - tap(findTestObject("Filter/Click", ["text":Type]), 0): Tapped on element 'Object Repository/Filter/Click'

2019-12-03 14:23:45 - [MESSAGE][WARNING] - Timeout '0' is invalid. Using default page load timeout: '60'

2019-12-03 14:23:48 - [MESSAGE][PASSED] - Tapped on element 'Object Repository/Filter/Click'

2019-12-03 14:23:48 - [TEST_STEP][PASSED] - setText(findTestObject("Filter/Model"), Model, 0): Text 'PX 4X2 A/T' has been set to element 'Object Repository/Filter/Model'

2019-12-03 14:23:48 - [MESSAGE][WARNING] - Timeout '0' is invalid. Using default page load timeout: '60'

2019-12-03 14:23:50 - [MESSAGE][PASSED] - Text 'PX 4X2 A/T' has been set to element 'Object Repository/Filter/Model'

2019-12-03 14:23:50 - [TEST_STEP][PASSED] - tap(findTestObject("Filter/Click", ["text":Model]), 0): Tapped on element 'Object Repository/Filter/Click'

2019-12-03 14:23:51 - [MESSAGE][WARNING] - Timeout '0' is invalid. Using default page load timeout: '60'

2019-12-03 14:23:54 - [MESSAGE][PASSED] - Tapped on element 'Object Repository/Filter/Click'

2019-12-03 14:23:54 - [TEST_STEP][PASSED] - setText(findTestObject("Filter/Tahun(Min)"), Tahun_MIN, 0): Text '2011' has been set to element 'Object Repository/Filter/Tahun(Min)'

2019-12-03 14:23:54 - [MESSAGE][WARNING] - Timeout '0' is invalid. Using default page load timeout: '60'

2019-12-03 14:23:56 - [MESSAGE][PASSED] - Text '2011' has been set to element 'Object Repository/Filter/Tahun(Min)'

2019-12-03 14:23:56 - [TEST_STEP][PASSED] - setText(findTestObject("Filter/Tahun(Max)"), Tahun_MAX, 0): Text '2015' has been set to element 'Object Repository/Filter/Tahun(Max)'

2019-12-03 14:23:56 - [MESSAGE][WARNING] - Timeout '0' is invalid. Using default page load timeout: '60'

2019-12-03 14:23:59 - [MESSAGE][PASSED] - Text '2015' has been set to element 'Object Repository/Filter/Tahun(Max)'

2019-12-03 14:23:59 - [TEST_STEP][PASSED] - if (Transmisi == "SEMUA"): null

2019-12-03 14:23:59 - [TEST_STEP][PASSED] - else if (Transmisi == "MANUAL"): Tapped on element 'Object Repository/Filter/BtnManual'

2019-12-03 14:23:59 - [TEST_STEP][PASSED] - tap(findTestObject("Filter/BtnManual"), 0): Tapped on element 'Object Repository/Filter/BtnManual'

2019-12-03 14:23:59 - [MESSAGE][WARNING] - Timeout '0' is invalid. Using default page load timeout: '60'

2019-12-03 14:24:01 - [MESSAGE][PASSED] - Tapped on element 'Object Repository/Filter/BtnManual'

2019-12-03 14:24:01 - [TEST_STEP][PASSED] - delay(2, STOP_ON_FAILURE): Delayed 2 second(s)

2019-12-03 14:24:03 - [MESSAGE][PASSED] - Delayed 2 second(s)

2019-12-03 14:24:03 - [TEST_STEP][PASSED] - if (Lelang == "TERBUKA"): null

2019-12-03 14:24:03 - [TEST_STEP][PASSED] - tap(findTestObject("Filter/BtnTemukanMobil"), 0): Tapped on element 'Object Repository/Filter/BtnTemukanMobil'

2019-12-03 14:24:04 - [MESSAGE][WARNING] - Timeout '0' is invalid. Using default page load timeout: '60'

2019-12-03 14:24:07 - [MESSAGE][PASSED] - Tapped on element 'Object Repository/Filter/BtnTemukanMobil'

2019-12-03 14:24:07 - [TEST_STEP][PASSED] - Start listener action : addFailedTCToList: null]]></system-out>
         <system-err><![CDATA[]]></system-err>
      </testcase>
      <system-out><![CDATA[2019-12-03 14:17:24 - [TEST_SUITE][PASSED] - Filter: Test Cases/Filter/Filter]]></system-out>
      <system-err><![CDATA[]]></system-err>
   </testsuite>
</testsuites>
