<?xml version="1.0" encoding="UTF-8" standalone="yes"?>
<testsuites name="Penarikan" time="69" tests="1" failures="0" errors="0">
    <testsuite name="Penarikan" tests="1" failures="0" errors="0" time="69" timestamp="2019-11-11 16:02:55" hostname="Marvin - DESKTOP-98KC72N" id="Test Suites/TopUP/Penarikan">
        <properties>
            <property name="deviceName" value="samsung SM-A505F (Android 9)"/>
            <property name="devicePlatform" value=""/>
            <property name="logFolder" value="C:\\Users\\Marvin\\Documents\\GitHub\\ACCBid-Mobile\\Reports\\20191111_160244\\TopUP\\Penarikan\\20191111_160244"/>
            <property name="logFiles" value="C:\\Users\\Marvin\\Documents\\GitHub\\ACCBid-Mobile\\Reports\\20191111_160244\\TopUP\\Penarikan\\20191111_160244\\appium.log, C:\\Users\\Marvin\\Documents\\GitHub\\ACCBid-Mobile\\Reports\\20191111_160244\\TopUP\\Penarikan\\20191111_160244\\execution0.log"/>
            <property name="attachments" value=""/>
            <property name="hostName" value="Marvin - DESKTOP-98KC72N"/>
            <property name="os" value="Windows 10 64bit"/>
            <property name="appiumServerStatus" value="{\&quot;status\&quot;:0,\&quot;value\&quot;:{\&quot;build\&quot;:{\&quot;version\&quot;:\&quot;1.12.1\&quot;}},\&quot;sessionId\&quot;:null}"/>
            <property name="katalonVersion" value="6.3.3.11"/>
            <property name="deviceOS" value="Android"/>
            <property name="appiumVersion" value="1.12.1"/>
            <property name="deviceModel" value="SM-A505F"/>
            <property name="hostAddress" value="192.168.56.1"/>
            <property name="deviceManufacturer" value="samsung"/>
            <property name="deviceId" value="RR8M30NJEFN"/>
            <property name="deviceName" value="samsung SM-A505F (Android 9)"/>
            <property name="deviceOSVersion" value="9"/>
        </properties>
        <testcase name="Test Cases/TopUP/Penarikan" classname="Test Cases/TopUP/Penarikan" status="PASSED">
            <system-out>2019-11-11 16:02:57 - [TEST_CASE][PASSED] - Test Cases/TopUP/Penarikan: Test Cases/TopUP/Penarikan&#xD;
&#xD;
2019-11-11 16:02:58 - [TEST_STEP][PASSED] - Start listener action : executeRows: null&#xD;
&#xD;
2019-11-11 16:03:05 - [TEST_STEP][PASSED] - startApplication("C:/Users/Marvin/git/ACCBid-Mobile/accbid.apk", false): Started app at: 'C:\Users\Marvin\git\ACCBid-Mobile\accbid.apk'&#xD;
&#xD;
2019-11-11 16:03:06 - [MESSAGE][INFO] - User set preference: ['unicodeKeyboard', 'true']&#xD;
&#xD;
2019-11-11 16:03:06 - [MESSAGE][INFO] - User set preference: ['resetKeyboard', 'true']&#xD;
&#xD;
2019-11-11 16:03:06 - [MESSAGE][INFO] - User set preference: ['deviceId', '']&#xD;
&#xD;
2019-11-11 16:03:18 - [MESSAGE][INFO] - Appium server started on port 61,084&#xD;
&#xD;
2019-11-11 16:03:46 - [MESSAGE][PASSED] - Started app at: 'C:\Users\Marvin\git\ACCBid-Mobile\accbid.apk'&#xD;
&#xD;
2019-11-11 16:03:46 - [TEST_STEP][PASSED] - tap(findTestObject("TopUP/BTN_Deposit"), 0): Tapped on element 'Object Repository/TopUP/BTN_Deposit'&#xD;
&#xD;
2019-11-11 16:03:46 - [MESSAGE][WARNING] - Timeout '0' is invalid. Using default page load timeout: '60'&#xD;
&#xD;
2019-11-11 16:03:55 - [MESSAGE][PASSED] - Tapped on element 'Object Repository/TopUP/BTN_Deposit'&#xD;
&#xD;
2019-11-11 16:03:55 - [TEST_STEP][PASSED] - tap(findTestObject("TopUP/Penarikan/Btn_Penarikan"), 0): Tapped on element 'Object Repository/TopUP/Penarikan/Btn_Penarikan'&#xD;
&#xD;
2019-11-11 16:03:55 - [MESSAGE][WARNING] - Timeout '0' is invalid. Using default page load timeout: '60'&#xD;
&#xD;
2019-11-11 16:03:59 - [MESSAGE][PASSED] - Tapped on element 'Object Repository/TopUP/Penarikan/Btn_Penarikan'&#xD;
&#xD;
2019-11-11 16:03:59 - [TEST_STEP][PASSED] - setText(findTestObject("TopUP/Penarikan/Nominal"), Nominal, 0): Text '' has been set to element 'Object Repository/TopUP/Penarikan/Nominal'&#xD;
&#xD;
2019-11-11 16:03:59 - [MESSAGE][WARNING] - Timeout '0' is invalid. Using default page load timeout: '60'&#xD;
&#xD;
2019-11-11 16:04:02 - [MESSAGE][PASSED] - Text '' has been set to element 'Object Repository/TopUP/Penarikan/Nominal'&#xD;
&#xD;
2019-11-11 16:04:02 - [TEST_STEP][PASSED] - if (verifyElementVisible(findTestObject("TopUP/Penarikan/PopUpKelipatan"), 3, OPTIONAL)): Element 'Object Repository/TopUP/Penarikan/BTN_Lanjut' is visible&#xD;
&#xD;
2019-11-11 16:04:03 - [MESSAGE][PASSED] - Element 'Object Repository/TopUP/Penarikan/PopUpKelipatan' is visible&#xD;
&#xD;
2019-11-11 16:04:03 - [TEST_STEP][PASSED] - verifyElementVisible(findTestObject("TopUP/Penarikan/BTN_Lanjut"), 0): Element 'Object Repository/TopUP/Penarikan/BTN_Lanjut' is visible&#xD;
&#xD;
2019-11-11 16:04:03 - [MESSAGE][WARNING] - Timeout '0' is invalid. Using default page load timeout: '60'&#xD;
&#xD;
2019-11-11 16:04:04 - [MESSAGE][PASSED] - Element 'Object Repository/TopUP/Penarikan/BTN_Lanjut' is visible&#xD;
&#xD;
2019-11-11 16:04:04 - [TEST_STEP][PASSED] - switch ("Result"): null&#xD;
&#xD;
2019-11-11 16:04:04 - [TEST_STEP][PASSED] - Start listener action : addFailedTCToList: null</system-out>
            <system-err></system-err>
        </testcase>
        <system-out>2019-11-11 16:02:55 - [TEST_SUITE][INCOMPLETE] - Penarikan: null</system-out>
        <system-err>2019-11-11 16:02:55 - [TEST_SUITE][INCOMPLETE] - Penarikan: null</system-err>
    </testsuite>
</testsuites>
