<?xml version="1.0" encoding="UTF-8" standalone="yes"?>
<testsuites name="TOPUP" time="80" tests="1" failures="0" errors="0">
    <testsuite name="TOPUP" tests="1" failures="0" errors="0" time="80" timestamp="2019-10-31 11:03:02" hostname="Marvin - DESKTOP-98KC72N" id="Test Suites/TopUP/TOPUP">
        <properties>
            <property name="deviceName" value="samsung SM-A505F (Android 9)"/>
            <property name="devicePlatform" value=""/>
            <property name="logFolder" value="C:\\Users\\Marvin\\git\\ACCBid-Mobile\\Reports\\20191031_110255\\TopUP\\TOPUP\\20191031_110255"/>
            <property name="logFiles" value="C:\\Users\\Marvin\\git\\ACCBid-Mobile\\Reports\\20191031_110255\\TopUP\\TOPUP\\20191031_110255\\appium.log, C:\\Users\\Marvin\\git\\ACCBid-Mobile\\Reports\\20191031_110255\\TopUP\\TOPUP\\20191031_110255\\execution0.log"/>
            <property name="attachments" value=""/>
            <property name="hostName" value="Marvin - DESKTOP-98KC72N"/>
            <property name="os" value="Windows 10 64bit"/>
            <property name="appiumServerStatus" value="{\&quot;status\&quot;:0,\&quot;value\&quot;:{\&quot;build\&quot;:{\&quot;version\&quot;:\&quot;1.12.1\&quot;}},\&quot;sessionId\&quot;:null}"/>
            <property name="katalonVersion" value="6.3.3.11"/>
            <property name="deviceOS" value="Android"/>
            <property name="appiumVersion" value="1.12.1"/>
            <property name="deviceModel" value="SM-A505F"/>
            <property name="hostAddress" value="192.168.56.1"/>
            <property name="deviceManufacturer" value="samsung"/>
            <property name="deviceId" value="RR8M30NJEFN"/>
            <property name="deviceName" value="samsung SM-A505F (Android 9)"/>
            <property name="deviceOSVersion" value="9"/>
        </properties>
        <testcase name="Test Cases/TopUP/TopUP" classname="Test Cases/TopUP/TopUP" status="PASSED">
            <system-out>2019-10-31 11:03:03 - [TEST_CASE][PASSED] - Test Cases/TopUP/TopUP: Test Cases/TopUP/TopUP&#xD;
&#xD;
2019-10-31 11:03:04 - [TEST_STEP][PASSED] - startApplication("C:/Users/Marvin/git/ACCBid-Mobile/accbid.apk", false): Started app at: 'C:\Users\Marvin\git\ACCBid-Mobile\accbid.apk'&#xD;
&#xD;
2019-10-31 11:03:05 - [MESSAGE][INFO] - User set preference: ['unicodeKeyboard', 'true']&#xD;
&#xD;
2019-10-31 11:03:05 - [MESSAGE][INFO] - User set preference: ['resetKeyboard', 'true']&#xD;
&#xD;
2019-10-31 11:03:05 - [MESSAGE][INFO] - User set preference: ['deviceId', '']&#xD;
&#xD;
2019-10-31 11:03:15 - [MESSAGE][INFO] - Appium server started on port 58,385&#xD;
&#xD;
2019-10-31 11:03:44 - [MESSAGE][PASSED] - Started app at: 'C:\Users\Marvin\git\ACCBid-Mobile\accbid.apk'&#xD;
&#xD;
2019-10-31 11:03:44 - [TEST_STEP][PASSED] - getDeviceHeight(): Current device physical height is 2131&#xD;
&#xD;
2019-10-31 11:03:45 - [MESSAGE][PASSED] - Current device physical height is 2131&#xD;
&#xD;
2019-10-31 11:03:45 - [TEST_STEP][PASSED] - getDeviceWidth(): Current device physical width is 1080&#xD;
&#xD;
2019-10-31 11:03:46 - [MESSAGE][PASSED] - Current device physical width is 1080&#xD;
&#xD;
2019-10-31 11:03:46 - [TEST_STEP][PASSED] - tap(findTestObject("TopUP/BTN_Deposit"), 0): Tapped on element 'Object Repository/TopUP/BTN_Deposit'&#xD;
&#xD;
2019-10-31 11:03:46 - [MESSAGE][WARNING] - Timeout '0' is invalid. Using default page load timeout: '60'&#xD;
&#xD;
2019-10-31 11:03:51 - [MESSAGE][PASSED] - Tapped on element 'Object Repository/TopUP/BTN_Deposit'&#xD;
&#xD;
2019-10-31 11:03:51 - [TEST_STEP][PASSED] - tap(findTestObject("TopUP/Btn_TopUP"), 0): Tapped on element 'Object Repository/TopUP/Btn_TopUP'&#xD;
&#xD;
2019-10-31 11:03:52 - [MESSAGE][WARNING] - Timeout '0' is invalid. Using default page load timeout: '60'&#xD;
&#xD;
2019-10-31 11:03:55 - [MESSAGE][PASSED] - Tapped on element 'Object Repository/TopUP/Btn_TopUP'&#xD;
&#xD;
2019-10-31 11:03:55 - [TEST_STEP][PASSED] - setText(findTestObject("TopUP/InputNominal"), varTopUP, 0): Text '500000' has been set to element 'Object Repository/TopUP/InputNominal'&#xD;
&#xD;
2019-10-31 11:03:56 - [MESSAGE][WARNING] - Timeout '0' is invalid. Using default page load timeout: '60'&#xD;
&#xD;
2019-10-31 11:03:58 - [MESSAGE][PASSED] - Text '500000' has been set to element 'Object Repository/TopUP/InputNominal'&#xD;
&#xD;
2019-10-31 11:03:58 - [TEST_STEP][PASSED] - tap(findTestObject("TopUP/DropDownBank"), 0): Tapped on element 'Object Repository/TopUP/DropDownBank'&#xD;
&#xD;
2019-10-31 11:03:58 - [MESSAGE][WARNING] - Timeout '0' is invalid. Using default page load timeout: '60'&#xD;
&#xD;
2019-10-31 11:04:00 - [MESSAGE][PASSED] - Tapped on element 'Object Repository/TopUP/DropDownBank'&#xD;
&#xD;
2019-10-31 11:04:00 - [TEST_STEP][PASSED] - tap(findTestObject("Kalkulator/Click", ["text":varBank]), 0): Tapped on element 'Object Repository/Kalkulator/Click'&#xD;
&#xD;
2019-10-31 11:04:00 - [MESSAGE][WARNING] - Timeout '0' is invalid. Using default page load timeout: '60'&#xD;
&#xD;
2019-10-31 11:04:02 - [MESSAGE][PASSED] - Tapped on element 'Object Repository/Kalkulator/Click'&#xD;
&#xD;
2019-10-31 11:04:02 - [TEST_STEP][PASSED] - tap(findTestObject("TopUP/BtnLanjut"), 0): Tapped on element 'Object Repository/TopUP/BtnLanjut'&#xD;
&#xD;
2019-10-31 11:04:02 - [MESSAGE][WARNING] - Timeout '0' is invalid. Using default page load timeout: '60'&#xD;
&#xD;
2019-10-31 11:04:04 - [MESSAGE][PASSED] - Tapped on element 'Object Repository/TopUP/BtnLanjut'&#xD;
&#xD;
2019-10-31 11:04:04 - [TEST_STEP][PASSED] - tap(findTestObject("TopUP/Btn_View"), 0): Tapped on element 'Object Repository/TopUP/Btn_View'&#xD;
&#xD;
2019-10-31 11:04:04 - [MESSAGE][WARNING] - Timeout '0' is invalid. Using default page load timeout: '60'&#xD;
&#xD;
2019-10-31 11:04:11 - [MESSAGE][PASSED] - Tapped on element 'Object Repository/TopUP/Btn_View'&#xD;
&#xD;
2019-10-31 11:04:11 - [TEST_STEP][PASSED] - tap(findTestObject("TopUP/CloseBtn"), 0): Tapped on element 'Object Repository/TopUP/CloseBtn'&#xD;
&#xD;
2019-10-31 11:04:11 - [MESSAGE][WARNING] - Timeout '0' is invalid. Using default page load timeout: '60'&#xD;
&#xD;
2019-10-31 11:04:14 - [MESSAGE][PASSED] - Tapped on element 'Object Repository/TopUP/CloseBtn'&#xD;
&#xD;
2019-10-31 11:04:14 - [TEST_STEP][PASSED] - tap(findTestObject("TopUP/BankTransferDrop"), 0): Tapped on element 'Object Repository/TopUP/BankTransferDrop'&#xD;
&#xD;
2019-10-31 11:04:14 - [MESSAGE][WARNING] - Timeout '0' is invalid. Using default page load timeout: '60'&#xD;
&#xD;
2019-10-31 11:04:16 - [MESSAGE][PASSED] - Tapped on element 'Object Repository/TopUP/BankTransferDrop'&#xD;
&#xD;
2019-10-31 11:04:16 - [TEST_STEP][PASSED] - tap(findTestObject("TopUP/BCAPaymentButton"), 0): Tapped on element 'Object Repository/TopUP/BCAPaymentButton'&#xD;
&#xD;
2019-10-31 11:04:16 - [MESSAGE][WARNING] - Timeout '0' is invalid. Using default page load timeout: '60'&#xD;
&#xD;
2019-10-31 11:04:19 - [MESSAGE][PASSED] - Tapped on element 'Object Repository/TopUP/BCAPaymentButton'&#xD;
&#xD;
2019-10-31 11:04:19 - [TEST_STEP][PASSED] - ScrollUpDown.UpDown(52, 1891, 52, 1891): ScrollUpDown.UpDown is PASSED&#xD;
&#xD;
2019-10-31 11:04:20 - [MESSAGE][PASSED] - Current device physical height is 2131&#xD;
&#xD;
2019-10-31 11:04:20 - [MESSAGE][PASSED] - Current device physical width is 1080&#xD;
&#xD;
2019-10-31 11:04:22 - [MESSAGE][PASSED] - Swiped from 540,1,491 to 540,639&#xD;
&#xD;
2019-10-31 11:04:22 - [MESSAGE][PASSED] - ScrollUpDown.UpDown is PASSED</system-out>
            <system-err></system-err>
        </testcase>
        <system-out>2019-10-31 11:03:02 - [TEST_SUITE][INCOMPLETE] - TOPUP: null</system-out>
        <system-err>2019-10-31 11:03:02 - [TEST_SUITE][INCOMPLETE] - TOPUP: null</system-err>
    </testsuite>
</testsuites>
