<?xml version="1.0" encoding="UTF-8" standalone="yes"?>
<testsuites name="Kalkulator" time="146" tests="2" failures="0" errors="0">
    <testsuite name="Kalkulator" tests="2" failures="0" errors="0" time="146" timestamp="2019-11-07 11:31:47" hostname="Marvin - DESKTOP-98KC72N" id="Test Suites/Kalkulator/Kalkulator">
        <properties>
            <property name="deviceName" value="samsung SM-A505F (Android 9)"/>
            <property name="devicePlatform" value=""/>
            <property name="logFolder" value="C:\\Users\\Marvin\\Documents\\GitHub\\ACCBid-Mobile\\Reports\\20191107_113138\\Kalkulator\\Kalkulator\\20191107_113138"/>
            <property name="logFiles" value="C:\\Users\\Marvin\\Documents\\GitHub\\ACCBid-Mobile\\Reports\\20191107_113138\\Kalkulator\\Kalkulator\\20191107_113138\\appium.log, C:\\Users\\Marvin\\Documents\\GitHub\\ACCBid-Mobile\\Reports\\20191107_113138\\Kalkulator\\Kalkulator\\20191107_113138\\execution0.log"/>
            <property name="attachments" value="C:\\Users\\Marvin\\Documents\\GitHub\\ACCBid-Mobile\\Reports\\20191107_113138\\Kalkulator\\Kalkulator\\20191107_113138\\1573101176463.png, C:\\Users\\Marvin\\Documents\\GitHub\\ACCBid-Mobile\\Reports\\20191107_113138\\Kalkulator\\Kalkulator\\20191107_113138\\1573101237073.png"/>
            <property name="hostName" value="Marvin - DESKTOP-98KC72N"/>
            <property name="os" value="Windows 10 64bit"/>
            <property name="appiumServerStatus" value="{\&quot;status\&quot;:0,\&quot;value\&quot;:{\&quot;build\&quot;:{\&quot;version\&quot;:\&quot;1.12.1\&quot;}},\&quot;sessionId\&quot;:null}"/>
            <property name="katalonVersion" value="6.3.3.11"/>
            <property name="deviceOS" value="Android"/>
            <property name="appiumVersion" value="1.12.1"/>
            <property name="deviceModel" value="SM-A505F"/>
            <property name="hostAddress" value="192.168.56.1"/>
            <property name="deviceManufacturer" value="samsung"/>
            <property name="deviceId" value="RR8M30NJEFN"/>
            <property name="deviceName" value="samsung SM-A505F (Android 9)"/>
            <property name="deviceOSVersion" value="9"/>
        </properties>
        <testcase name="Test Cases/Kalkulator/Kalkulator" classname="Test Cases/Kalkulator/Kalkulator" status="PASSED">
            <system-out>2019-11-07 11:31:49 - [TEST_CASE][PASSED] - Test Cases/Kalkulator/Kalkulator: Test Cases/Kalkulator/Kalkulator&#xD;
&#xD;
2019-11-07 11:31:49 - [TEST_STEP][PASSED] - Start listener action : executeRows: null&#xD;
&#xD;
2019-11-07 11:31:53 - [TEST_STEP][PASSED] - startApplication("C:/Users/Marvin/git/ACCBid-Mobile/accbid.apk", false): Started app at: 'C:\Users\Marvin\git\ACCBid-Mobile\accbid.apk'&#xD;
&#xD;
2019-11-07 11:31:54 - [MESSAGE][INFO] - User set preference: ['unicodeKeyboard', 'true']&#xD;
&#xD;
2019-11-07 11:31:54 - [MESSAGE][INFO] - User set preference: ['resetKeyboard', 'true']&#xD;
&#xD;
2019-11-07 11:31:54 - [MESSAGE][INFO] - User set preference: ['deviceId', '']&#xD;
&#xD;
2019-11-07 11:32:07 - [MESSAGE][INFO] - Appium server started on port 55,124&#xD;
&#xD;
2019-11-07 11:32:40 - [MESSAGE][PASSED] - Started app at: 'C:\Users\Marvin\git\ACCBid-Mobile\accbid.apk'&#xD;
&#xD;
2019-11-07 11:32:40 - [TEST_STEP][PASSED] - tap(findTestObject("Kalkulator/BTN_Kalkulator"), 0): Tapped on element 'Object Repository/Kalkulator/BTN_Kalkulator'&#xD;
&#xD;
2019-11-07 11:32:40 - [MESSAGE][WARNING] - Timeout '0' is invalid. Using default page load timeout: '60'&#xD;
&#xD;
2019-11-07 11:32:46 - [MESSAGE][PASSED] - Tapped on element 'Object Repository/Kalkulator/BTN_Kalkulator'&#xD;
&#xD;
2019-11-07 11:32:46 - [TEST_STEP][PASSED] - setText(findTestObject("Kalkulator/HargaUnit"), HargaUnit, 0): Text '1200000' has been set to element 'Object Repository/Kalkulator/HargaUnit'&#xD;
&#xD;
2019-11-07 11:32:46 - [MESSAGE][WARNING] - Timeout '0' is invalid. Using default page load timeout: '60'&#xD;
&#xD;
2019-11-07 11:32:49 - [MESSAGE][PASSED] - Text '1200000' has been set to element 'Object Repository/Kalkulator/HargaUnit'&#xD;
&#xD;
2019-11-07 11:32:49 - [TEST_STEP][PASSED] - if (varPeriode == "12"): null&#xD;
&#xD;
2019-11-07 11:32:49 - [TEST_STEP][PASSED] - else if (varPeriode == "24"): null&#xD;
&#xD;
2019-11-07 11:32:49 - [TEST_STEP][PASSED] - else if (varPeriode == "36"): Tapped at [490, 584]&#xD;
&#xD;
2019-11-07 11:32:49 - [TEST_STEP][PASSED] - tapAtPosition(490, 584): Tapped at [490, 584]&#xD;
&#xD;
2019-11-07 11:32:50 - [MESSAGE][PASSED] - Tapped at [490, 584]&#xD;
&#xD;
2019-11-07 11:32:50 - [TEST_STEP][PASSED] - setText(findTestObject("Kalkulator/UangMukaRP"), UangMukaRp, 0): Text '3000000' has been set to element 'Object Repository/Kalkulator/UangMukaRP'&#xD;
&#xD;
2019-11-07 11:32:50 - [MESSAGE][WARNING] - Timeout '0' is invalid. Using default page load timeout: '60'&#xD;
&#xD;
2019-11-07 11:32:53 - [MESSAGE][PASSED] - Text '3000000' has been set to element 'Object Repository/Kalkulator/UangMukaRP'&#xD;
&#xD;
2019-11-07 11:32:53 - [TEST_STEP][PASSED] - if (verifyElementVisible(findTestObject("Kalkulator/MinimalUangMuka"), 3, OPTIONAL)): Element 'Object Repository/Kalkulator/MinimalUangMuka' not found&#xD;
&#xD;
2019-11-07 11:32:57 - [MESSAGE][WARNING] - Element 'Object Repository/Kalkulator/MinimalUangMuka' not found&#xD;
[[ATTACHMENT|C:\\Users\\Marvin\\Documents\\GitHub\\ACCBid-Mobile\\Reports\\20191107_113138\\Kalkulator\\Kalkulator\\20191107_113138\\1573101176463.png]]&#xD;
&#xD;
2019-11-07 11:32:57 - [TEST_STEP][PASSED] - else: Press back button successfully&#xD;
&#xD;
2019-11-07 11:32:57 - [TEST_STEP][PASSED] - tap(findTestObject("Kalkulator/DropDownAreaPengajuan"), 0): Tapped on element 'Object Repository/Kalkulator/DropDownAreaPengajuan'&#xD;
&#xD;
2019-11-07 11:32:57 - [MESSAGE][WARNING] - Timeout '0' is invalid. Using default page load timeout: '60'&#xD;
&#xD;
2019-11-07 11:32:59 - [MESSAGE][PASSED] - Tapped on element 'Object Repository/Kalkulator/DropDownAreaPengajuan'&#xD;
&#xD;
2019-11-07 11:32:59 - [TEST_STEP][PASSED] - tap(findTestObject("Kalkulator/Click", ["text":varAreaPengajuan]), 0): Tapped on element 'Object Repository/Kalkulator/Click'&#xD;
&#xD;
2019-11-07 11:33:00 - [MESSAGE][WARNING] - Timeout '0' is invalid. Using default page load timeout: '60'&#xD;
&#xD;
2019-11-07 11:33:02 - [MESSAGE][PASSED] - Tapped on element 'Object Repository/Kalkulator/Click'&#xD;
&#xD;
2019-11-07 11:33:02 - [TEST_STEP][PASSED] - ScrollUpDown.UpDown(86, 2185, 86, 2185): ScrollUpDown.UpDown is PASSED&#xD;
&#xD;
2019-11-07 11:33:03 - [MESSAGE][PASSED] - Current device physical height is 2131&#xD;
&#xD;
2019-11-07 11:33:03 - [MESSAGE][PASSED] - Current device physical width is 1080&#xD;
&#xD;
2019-11-07 11:33:05 - [MESSAGE][PASSED] - Swiped from 540,1,491 to 540,639&#xD;
&#xD;
2019-11-07 11:33:05 - [MESSAGE][PASSED] - ScrollUpDown.UpDown is PASSED&#xD;
&#xD;
2019-11-07 11:33:05 - [TEST_STEP][PASSED] - tap(findTestObject("Kalkulator/DropDownCabang"), 0): Tapped on element 'Object Repository/Kalkulator/DropDownCabang'&#xD;
&#xD;
2019-11-07 11:33:05 - [MESSAGE][WARNING] - Timeout '0' is invalid. Using default page load timeout: '60'&#xD;
&#xD;
2019-11-07 11:33:07 - [MESSAGE][PASSED] - Tapped on element 'Object Repository/Kalkulator/DropDownCabang'&#xD;
&#xD;
2019-11-07 11:33:07 - [TEST_STEP][PASSED] - tap(findTestObject("Kalkulator/Click", ["text":varCabang]), 0): Tapped on element 'Object Repository/Kalkulator/Click'&#xD;
&#xD;
2019-11-07 11:33:07 - [MESSAGE][WARNING] - Timeout '0' is invalid. Using default page load timeout: '60'&#xD;
&#xD;
2019-11-07 11:33:10 - [MESSAGE][PASSED] - Tapped on element 'Object Repository/Kalkulator/Click'&#xD;
&#xD;
2019-11-07 11:33:10 - [TEST_STEP][PASSED] - if (varPembayaran == "Tunai"): Element 'Object Repository/Kalkulator/CheckBoxTunai' is checked&#xD;
&#xD;
2019-11-07 11:33:10 - [TEST_STEP][PASSED] - checkElement(findTestObject("Kalkulator/CheckBoxTunai"), 0): Element 'Object Repository/Kalkulator/CheckBoxTunai' is checked&#xD;
&#xD;
2019-11-07 11:33:10 - [MESSAGE][WARNING] - Timeout '0' is invalid. Using default page load timeout: '60'&#xD;
&#xD;
2019-11-07 11:33:11 - [MESSAGE][PASSED] - Element 'Object Repository/Kalkulator/CheckBoxTunai' is checked&#xD;
&#xD;
2019-11-07 11:33:11 - [TEST_STEP][PASSED] - if (varCreditProtection == "Ya"): null&#xD;
&#xD;
2019-11-07 11:33:11 - [TEST_STEP][PASSED] - else if (varCreditProtection == "Tidak"): Element 'Object Repository/Kalkulator/CheckBoxCreditProtection' is un-checked&#xD;
&#xD;
2019-11-07 11:33:11 - [TEST_STEP][PASSED] - uncheckElement(findTestObject("Kalkulator/CheckBoxCreditProtection"), 0): Element 'Object Repository/Kalkulator/CheckBoxCreditProtection' is un-checked&#xD;
&#xD;
2019-11-07 11:33:12 - [MESSAGE][WARNING] - Timeout '0' is invalid. Using default page load timeout: '60'&#xD;
&#xD;
2019-11-07 11:33:14 - [MESSAGE][PASSED] - Element 'Object Repository/Kalkulator/CheckBoxCreditProtection' is un-checked&#xD;
&#xD;
2019-11-07 11:33:14 - [TEST_STEP][PASSED] - pressBack(): Press back button successfully&#xD;
&#xD;
2019-11-07 11:33:14 - [MESSAGE][PASSED] - Press back button successfully&#xD;
&#xD;
2019-11-07 11:33:14 - [TEST_STEP][PASSED] - switch ("Result"): null&#xD;
&#xD;
2019-11-07 11:33:14 - [TEST_STEP][PASSED] - Start listener action : addFailedTCToList: null</system-out>
            <system-err></system-err>
        </testcase>
        <testcase name="Test Cases/Kalkulator/Kalkulator" classname="Test Cases/Kalkulator/Kalkulator" status="PASSED">
            <system-out>2019-11-07 11:33:15 - [TEST_CASE][PASSED] - Test Cases/Kalkulator/Kalkulator: Test Cases/Kalkulator/Kalkulator&#xD;
&#xD;
2019-11-07 11:33:15 - [TEST_STEP][PASSED] - Start listener action : executeRows: null&#xD;
&#xD;
2019-11-07 11:33:15 - [TEST_STEP][PASSED] - startApplication("C:/Users/Marvin/git/ACCBid-Mobile/accbid.apk", false): Started app at: 'C:\Users\Marvin\git\ACCBid-Mobile\accbid.apk'&#xD;
&#xD;
2019-11-07 11:33:15 - [MESSAGE][INFO] - User set preference: ['unicodeKeyboard', 'true']&#xD;
&#xD;
2019-11-07 11:33:15 - [MESSAGE][INFO] - User set preference: ['resetKeyboard', 'true']&#xD;
&#xD;
2019-11-07 11:33:15 - [MESSAGE][INFO] - User set preference: ['deviceId', '']&#xD;
&#xD;
2019-11-07 11:33:40 - [MESSAGE][PASSED] - Started app at: 'C:\Users\Marvin\git\ACCBid-Mobile\accbid.apk'&#xD;
&#xD;
2019-11-07 11:33:40 - [TEST_STEP][PASSED] - tap(findTestObject("Kalkulator/BTN_Kalkulator"), 0): Tapped on element 'Object Repository/Kalkulator/BTN_Kalkulator'&#xD;
&#xD;
2019-11-07 11:33:41 - [MESSAGE][WARNING] - Timeout '0' is invalid. Using default page load timeout: '60'&#xD;
&#xD;
2019-11-07 11:33:48 - [MESSAGE][PASSED] - Tapped on element 'Object Repository/Kalkulator/BTN_Kalkulator'&#xD;
&#xD;
2019-11-07 11:33:48 - [TEST_STEP][PASSED] - setText(findTestObject("Kalkulator/HargaUnit"), HargaUnit, 0): Text '1200000' has been set to element 'Object Repository/Kalkulator/HargaUnit'&#xD;
&#xD;
2019-11-07 11:33:48 - [MESSAGE][WARNING] - Timeout '0' is invalid. Using default page load timeout: '60'&#xD;
&#xD;
2019-11-07 11:33:50 - [MESSAGE][PASSED] - Text '1200000' has been set to element 'Object Repository/Kalkulator/HargaUnit'&#xD;
&#xD;
2019-11-07 11:33:50 - [TEST_STEP][PASSED] - if (varPeriode == "12"): null&#xD;
&#xD;
2019-11-07 11:33:50 - [TEST_STEP][PASSED] - else if (varPeriode == "24"): null&#xD;
&#xD;
2019-11-07 11:33:50 - [TEST_STEP][PASSED] - else if (varPeriode == "36"): null&#xD;
&#xD;
2019-11-07 11:33:50 - [TEST_STEP][PASSED] - else if (varPeriode == "48"): null&#xD;
&#xD;
2019-11-07 11:33:50 - [TEST_STEP][PASSED] - else if (varPeriode == "60"): Tapped at [924, 584]&#xD;
&#xD;
2019-11-07 11:33:50 - [TEST_STEP][PASSED] - tapAtPosition(924, 584): Tapped at [924, 584]&#xD;
&#xD;
2019-11-07 11:33:51 - [MESSAGE][PASSED] - Tapped at [924, 584]&#xD;
&#xD;
2019-11-07 11:33:51 - [TEST_STEP][PASSED] - setText(findTestObject("Kalkulator/UangMukaRP"), UangMukaRp, 0): Text '400000' has been set to element 'Object Repository/Kalkulator/UangMukaRP'&#xD;
&#xD;
2019-11-07 11:33:51 - [MESSAGE][WARNING] - Timeout '0' is invalid. Using default page load timeout: '60'&#xD;
&#xD;
2019-11-07 11:33:53 - [MESSAGE][PASSED] - Text '400000' has been set to element 'Object Repository/Kalkulator/UangMukaRP'&#xD;
&#xD;
2019-11-07 11:33:53 - [TEST_STEP][PASSED] - if (verifyElementVisible(findTestObject("Kalkulator/MinimalUangMuka"), 3, OPTIONAL)): Element 'Object Repository/Kalkulator/MinimalUangMuka' not found&#xD;
&#xD;
2019-11-07 11:33:58 - [MESSAGE][WARNING] - Element 'Object Repository/Kalkulator/MinimalUangMuka' not found&#xD;
[[ATTACHMENT|C:\\Users\\Marvin\\Documents\\GitHub\\ACCBid-Mobile\\Reports\\20191107_113138\\Kalkulator\\Kalkulator\\20191107_113138\\1573101237073.png]]&#xD;
&#xD;
2019-11-07 11:33:58 - [TEST_STEP][PASSED] - else: Press back button successfully&#xD;
&#xD;
2019-11-07 11:33:58 - [TEST_STEP][PASSED] - tap(findTestObject("Kalkulator/DropDownAreaPengajuan"), 0): Tapped on element 'Object Repository/Kalkulator/DropDownAreaPengajuan'&#xD;
&#xD;
2019-11-07 11:33:58 - [MESSAGE][WARNING] - Timeout '0' is invalid. Using default page load timeout: '60'&#xD;
&#xD;
2019-11-07 11:34:01 - [MESSAGE][PASSED] - Tapped on element 'Object Repository/Kalkulator/DropDownAreaPengajuan'&#xD;
&#xD;
2019-11-07 11:34:01 - [TEST_STEP][PASSED] - tap(findTestObject("Kalkulator/Click", ["text":varAreaPengajuan]), 0): Tapped on element 'Object Repository/Kalkulator/Click'&#xD;
&#xD;
2019-11-07 11:34:01 - [MESSAGE][WARNING] - Timeout '0' is invalid. Using default page load timeout: '60'&#xD;
&#xD;
2019-11-07 11:34:03 - [MESSAGE][PASSED] - Tapped on element 'Object Repository/Kalkulator/Click'&#xD;
&#xD;
2019-11-07 11:34:03 - [TEST_STEP][PASSED] - ScrollUpDown.UpDown(86, 2185, 86, 2185): ScrollUpDown.UpDown is PASSED&#xD;
&#xD;
2019-11-07 11:34:04 - [MESSAGE][PASSED] - Current device physical height is 2131&#xD;
&#xD;
2019-11-07 11:34:05 - [MESSAGE][PASSED] - Current device physical width is 1080&#xD;
&#xD;
2019-11-07 11:34:06 - [MESSAGE][PASSED] - Swiped from 540,1,491 to 540,639&#xD;
&#xD;
2019-11-07 11:34:06 - [MESSAGE][PASSED] - ScrollUpDown.UpDown is PASSED&#xD;
&#xD;
2019-11-07 11:34:06 - [TEST_STEP][PASSED] - tap(findTestObject("Kalkulator/DropDownCabang"), 0): Tapped on element 'Object Repository/Kalkulator/DropDownCabang'&#xD;
&#xD;
2019-11-07 11:34:06 - [MESSAGE][WARNING] - Timeout '0' is invalid. Using default page load timeout: '60'&#xD;
&#xD;
2019-11-07 11:34:09 - [MESSAGE][PASSED] - Tapped on element 'Object Repository/Kalkulator/DropDownCabang'&#xD;
&#xD;
2019-11-07 11:34:09 - [TEST_STEP][PASSED] - tap(findTestObject("Kalkulator/Click", ["text":varCabang]), 0): Tapped on element 'Object Repository/Kalkulator/Click'&#xD;
&#xD;
2019-11-07 11:34:09 - [MESSAGE][WARNING] - Timeout '0' is invalid. Using default page load timeout: '60'&#xD;
&#xD;
2019-11-07 11:34:10 - [MESSAGE][PASSED] - Tapped on element 'Object Repository/Kalkulator/Click'&#xD;
&#xD;
2019-11-07 11:34:10 - [TEST_STEP][PASSED] - if (varPembayaran == "Tunai"): null&#xD;
&#xD;
2019-11-07 11:34:10 - [TEST_STEP][PASSED] - else if (varPembayaran == "Kredit"): Element 'Object Repository/Kalkulator/CheckBoxKredit' is checked&#xD;
&#xD;
2019-11-07 11:34:10 - [TEST_STEP][PASSED] - checkElement(findTestObject("Kalkulator/CheckBoxKredit"), 0): Element 'Object Repository/Kalkulator/CheckBoxKredit' is checked&#xD;
&#xD;
2019-11-07 11:34:10 - [MESSAGE][WARNING] - Timeout '0' is invalid. Using default page load timeout: '60'&#xD;
&#xD;
2019-11-07 11:34:11 - [MESSAGE][PASSED] - Element 'Object Repository/Kalkulator/CheckBoxKredit' is checked&#xD;
&#xD;
2019-11-07 11:34:11 - [TEST_STEP][PASSED] - if (varCreditProtection == "Ya"): Element 'Object Repository/Kalkulator/CheckBoxCreditProtection' is checked&#xD;
&#xD;
2019-11-07 11:34:11 - [TEST_STEP][PASSED] - checkElement(findTestObject("Kalkulator/CheckBoxCreditProtection"), 0): Element 'Object Repository/Kalkulator/CheckBoxCreditProtection' is checked&#xD;
&#xD;
2019-11-07 11:34:12 - [MESSAGE][WARNING] - Timeout '0' is invalid. Using default page load timeout: '60'&#xD;
&#xD;
2019-11-07 11:34:12 - [MESSAGE][PASSED] - Element 'Object Repository/Kalkulator/CheckBoxCreditProtection' is checked&#xD;
&#xD;
2019-11-07 11:34:12 - [TEST_STEP][PASSED] - pressBack(): Press back button successfully&#xD;
&#xD;
2019-11-07 11:34:13 - [MESSAGE][PASSED] - Press back button successfully&#xD;
&#xD;
2019-11-07 11:34:13 - [TEST_STEP][PASSED] - switch ("Result"): null&#xD;
&#xD;
2019-11-07 11:34:13 - [TEST_STEP][PASSED] - Start listener action : addFailedTCToList: null</system-out>
            <system-err></system-err>
        </testcase>
        <system-out>2019-11-07 11:31:47 - [TEST_SUITE][INCOMPLETE] - Kalkulator: null</system-out>
        <system-err>2019-11-07 11:31:47 - [TEST_SUITE][INCOMPLETE] - Kalkulator: null</system-err>
    </testsuite>
</testsuites>
