<?xml version="1.0" encoding="UTF-8"?>
<testsuites name="Penarikan" time="88.649" tests="1" failures="0" errors="0">
   <testsuite name="Penarikan" tests="1" failures="0" errors="0" time="88.649" timestamp="2019-11-14 09:06:16" hostname="Marvin - DESKTOP-98KC72N" id="Test Suites/TopUP/Penarikan">
      <properties>
         <property name="deviceName" value="samsung SM-A505F (Android 9)"/>
         <property name="devicePlatform" value=""/>
         <property name="logFolder" value="C:\\Users\\Marvin\\Documents\\GitHub\\ACCBid-Mobile\\Reports\\20191114_090603\\TopUP\\Penarikan\\20191114_090603"/>
         <property name="logFiles" value="C:\\Users\\Marvin\\Documents\\GitHub\\ACCBid-Mobile\\Reports\\20191114_090603\\TopUP\\Penarikan\\20191114_090603\\appium.log, C:\\Users\\Marvin\\Documents\\GitHub\\ACCBid-Mobile\\Reports\\20191114_090603\\TopUP\\Penarikan\\20191114_090603\\execution0.log"/>
         <property name="attachments" value=""/>
         <property name="hostName" value="Marvin - DESKTOP-98KC72N"/>
         <property name="os" value="Windows 10 64bit"/>
         <property name="appiumServerStatus" value="{\&quot;status\&quot;:0,\&quot;value\&quot;:{\&quot;build\&quot;:{\&quot;version\&quot;:\&quot;1.12.1\&quot;}},\&quot;sessionId\&quot;:null}"/>
         <property name="katalonVersion" value="7.0.8.1"/>
         <property name="deviceOS" value="Android"/>
         <property name="appiumVersion" value="1.12.1"/>
         <property name="deviceModel" value="SM-A505F"/>
         <property name="hostAddress" value="192.168.56.1"/>
         <property name="deviceManufacturer" value="samsung"/>
         <property name="deviceId" value="RR8M30NJEFN"/>
         <property name="deviceName" value="samsung SM-A505F (Android 9)"/>
         <property name="deviceOSVersion" value="9"/>
      </properties>
      <testcase name="Test Cases/TopUP/Penarikan" time="84.071" classname="Test Cases/TopUP/Penarikan" status="PASSED">
         <system-out><![CDATA[2019-11-14 09:06:17 - [TEST_CASE][PASSED] - Test Cases/TopUP/Penarikan: Test Cases/TopUP/Penarikan

2019-11-14 09:06:18 - [TEST_STEP][PASSED] - Start listener action : executeRows: null

2019-11-14 09:06:21 - [TEST_STEP][PASSED] - startApplication("C:/Users/Marvin/git/ACCBid-Mobile/accbid.apk", false): Started app at: 'C:\Users\Marvin\git\ACCBid-Mobile\accbid.apk'

2019-11-14 09:06:22 - [MESSAGE][INFO] - User set preference: ['unicodeKeyboard', 'true']

2019-11-14 09:06:22 - [MESSAGE][INFO] - User set preference: ['resetKeyboard', 'true']

2019-11-14 09:06:22 - [MESSAGE][INFO] - User set preference: ['deviceId', '']

2019-11-14 09:06:32 - [MESSAGE][INFO] - Appium server started on port 61,020

2019-11-14 09:07:01 - [MESSAGE][PASSED] - Started app at: 'C:\Users\Marvin\git\ACCBid-Mobile\accbid.apk'

2019-11-14 09:07:01 - [TEST_STEP][PASSED] - tap(findTestObject("TopUP/BTN_Deposit"), 0): Tapped on element 'Object Repository/TopUP/BTN_Deposit'

2019-11-14 09:07:02 - [MESSAGE][WARNING] - Timeout '0' is invalid. Using default page load timeout: '60'

2019-11-14 09:07:26 - [MESSAGE][PASSED] - Tapped on element 'Object Repository/TopUP/BTN_Deposit'

2019-11-14 09:07:26 - [TEST_STEP][PASSED] - if (JenisPenarikan == "Astria"): null

2019-11-14 09:07:26 - [TEST_STEP][PASSED] - else if (JenisPenarikan == "IBID"): null

2019-11-14 09:07:26 - [TEST_STEP][PASSED] - tap(findTestObject("TopUP/PenarikanIBID/BtnPenarikanIBID"), 0): Tapped on element 'Object Repository/TopUP/PenarikanIBID/BtnPenarikanIBID'

2019-11-14 09:07:27 - [MESSAGE][WARNING] - Timeout '0' is invalid. Using default page load timeout: '60'

2019-11-14 09:07:31 - [MESSAGE][PASSED] - Tapped on element 'Object Repository/TopUP/PenarikanIBID/BtnPenarikanIBID'

2019-11-14 09:07:31 - [TEST_STEP][PASSED] - setText(findTestObject("TopUP/PenarikanIBID/InputNominalPenarikanIBID"), Nominal, 0): Text '' has been set to element 'Object Repository/TopUP/PenarikanIBID/InputNominalPenarikanIBID'

2019-11-14 09:07:32 - [MESSAGE][WARNING] - Timeout '0' is invalid. Using default page load timeout: '60'

2019-11-14 09:07:33 - [MESSAGE][PASSED] - Text '' has been set to element 'Object Repository/TopUP/PenarikanIBID/InputNominalPenarikanIBID'

2019-11-14 09:07:33 - [TEST_STEP][PASSED] - tap(findTestObject("TopUP/PenarikanIBID/DropDownBank"), 0): Tapped on element 'Object Repository/TopUP/PenarikanIBID/DropDownBank'

2019-11-14 09:07:33 - [MESSAGE][WARNING] - Timeout '0' is invalid. Using default page load timeout: '60'

2019-11-14 09:07:35 - [MESSAGE][PASSED] - Tapped on element 'Object Repository/TopUP/PenarikanIBID/DropDownBank'

2019-11-14 09:07:35 - [TEST_STEP][PASSED] - tap(findTestObject("Kalkulator/Click", ["text":"BANK CENTRAL DAGANG"]), 0): Tapped on element 'Object Repository/Kalkulator/Click'

2019-11-14 09:07:35 - [MESSAGE][WARNING] - Timeout '0' is invalid. Using default page load timeout: '60'

2019-11-14 09:07:37 - [MESSAGE][PASSED] - Tapped on element 'Object Repository/Kalkulator/Click'

2019-11-14 09:07:37 - [TEST_STEP][PASSED] - tap(findTestObject("TopUP/PenarikanIBID/BTNLANJUTIBID"), 0): Tapped on element 'Object Repository/TopUP/PenarikanIBID/BTNLANJUTIBID'

2019-11-14 09:07:37 - [MESSAGE][WARNING] - Timeout '0' is invalid. Using default page load timeout: '60'

2019-11-14 09:07:39 - [MESSAGE][PASSED] - Tapped on element 'Object Repository/TopUP/PenarikanIBID/BTNLANJUTIBID'

2019-11-14 09:07:39 - [TEST_STEP][PASSED] - if (verifyElementVisible(findTestObject("TopUP/PenarikanIBID/AlertPenarikanIBID"), 0, OPTIONAL)): null

2019-11-14 09:07:39 - [MESSAGE][WARNING] - Timeout '0' is invalid. Using default page load timeout: '60'

2019-11-14 09:07:40 - [MESSAGE][PASSED] - Element 'Object Repository/TopUP/PenarikanIBID/AlertPenarikanIBID' is visible

2019-11-14 09:07:40 - [TEST_STEP][PASSED] - verifyElementVisible(findTestObject("TopUP/PenarikanIBID/BTNLANJUTIBID"), 0): Element 'Object Repository/TopUP/PenarikanIBID/BTNLANJUTIBID' is visible

2019-11-14 09:07:41 - [MESSAGE][WARNING] - Timeout '0' is invalid. Using default page load timeout: '60'

2019-11-14 09:07:41 - [MESSAGE][PASSED] - Element 'Object Repository/TopUP/PenarikanIBID/BTNLANJUTIBID' is visible

2019-11-14 09:07:41 - [TEST_STEP][PASSED] - switch ("Result"): null

2019-11-14 09:07:41 - [TEST_STEP][PASSED] - Start listener action : addFailedTCToList: null]]></system-out>
         <system-err><![CDATA[]]></system-err>
      </testcase>
      <system-out><![CDATA[2019-11-14 09:06:16 - [TEST_SUITE][PASSED] - Penarikan: Test Cases/TopUP/Penarikan]]></system-out>
      <system-err><![CDATA[]]></system-err>
   </testsuite>
</testsuites>
