<?xml version="1.0" encoding="UTF-8"?>
<testsuites name="Lelang Tertutup" time="136.918" tests="1" failures="0" errors="0">
   <testsuite name="Lelang Tertutup" tests="1" failures="0" errors="0" time="136.918" timestamp="2020-01-29 14:19:44" hostname="Marvin - DESKTOP-98KC72N" id="Test Suites/Lelang tertutup/Lelang Tertutup">
      <properties>
         <property name="deviceName" value="samsung SM-A505F (Android 9)"/>
         <property name="devicePlatform" value=""/>
         <property name="logFolder" value="C:\\Users\\Marvin\\git\\ACCBid-Mobile\\Reports\\20200129_141937\\Lelang tertutup\\Lelang Tertutup\\20200129_141937"/>
         <property name="logFiles" value="C:\\Users\\Marvin\\git\\ACCBid-Mobile\\Reports\\20200129_141937\\Lelang tertutup\\Lelang Tertutup\\20200129_141937\\appium.log, C:\\Users\\Marvin\\git\\ACCBid-Mobile\\Reports\\20200129_141937\\Lelang tertutup\\Lelang Tertutup\\20200129_141937\\execution0.log"/>
         <property name="attachments" value="C:\\Users\\Marvin\\git\\ACCBid-Mobile\\Reports\\20200129_141937\\Lelang tertutup\\Lelang Tertutup\\20200129_141937\\1580282511062.png"/>
         <property name="hostName" value="Marvin - DESKTOP-98KC72N"/>
         <property name="os" value="Windows 10 64bit"/>
         <property name="appiumServerStatus" value="{\&quot;status\&quot;:0,\&quot;value\&quot;:{\&quot;build\&quot;:{\&quot;version\&quot;:\&quot;1.12.1\&quot;}},\&quot;sessionId\&quot;:null}"/>
         <property name="katalonVersion" value="7.0.8.1"/>
         <property name="deviceOS" value="Android"/>
         <property name="appiumVersion" value="1.12.1"/>
         <property name="deviceModel" value="SM-A505F"/>
         <property name="hostAddress" value="10.53.3.175"/>
         <property name="deviceManufacturer" value="samsung"/>
         <property name="deviceId" value="RR8M30NJEFN"/>
         <property name="deviceName" value="samsung SM-A505F (Android 9)"/>
         <property name="deviceOSVersion" value="9"/>
      </properties>
      <testcase name="Test Cases/Lelang Tertutup/Lelang Tertutup" time="133.535" classname="Test Cases/Lelang Tertutup/Lelang Tertutup" status="PASSED">
         <system-out><![CDATA[2020-01-29 14:19:45 - [TEST_CASE][PASSED] - Test Cases/Lelang Tertutup/Lelang Tertutup: Test Cases/Lelang Tertutup/Lelang Tertutup

2020-01-29 14:19:47 - [TEST_STEP][PASSED] - startApplication("C:/Users/Marvin/git/ACCBid-Mobile/accbid.apk", false): Started app at: 'C:\Users\Marvin\git\ACCBid-Mobile\accbid.apk'

2020-01-29 14:19:48 - [MESSAGE][INFO] - User set preference: ['unicodeKeyboard', 'true']

2020-01-29 14:19:48 - [MESSAGE][INFO] - User set preference: ['resetKeyboard', 'true']

2020-01-29 14:19:48 - [MESSAGE][INFO] - User set preference: ['deviceId', '']

2020-01-29 14:19:57 - [MESSAGE][INFO] - Appium server started on port 63,377

2020-01-29 14:20:22 - [MESSAGE][PASSED] - Started app at: 'C:\Users\Marvin\git\ACCBid-Mobile\accbid.apk'

2020-01-29 14:20:22 - [TEST_STEP][PASSED] - delay(2, STOP_ON_FAILURE): Delayed 2 second(s)

2020-01-29 14:20:24 - [MESSAGE][PASSED] - Delayed 2 second(s)

2020-01-29 14:20:24 - [TEST_STEP][PASSED] - mobile.Swipers.RightLeft(0.9, 0.5, 1450): mobile.Swipers.RightLeft is PASSED

2020-01-29 14:20:25 - [MESSAGE][PASSED] - Current device physical width is 1080

2020-01-29 14:20:26 - [MESSAGE][PASSED] - Current device physical height is 2131

2020-01-29 14:20:26 - [MESSAGE][INFO] - Device Height : 2131

2020-01-29 14:20:26 - [MESSAGE][INFO] - Device Width : 1080

2020-01-29 14:20:26 - [MESSAGE][INFO] - Swipe start at Width : 971

2020-01-29 14:20:26 - [MESSAGE][INFO] - Swipe end at Witdh : 540

2020-01-29 14:20:26 - [MESSAGE][INFO] - Y Position : 1450

2020-01-29 14:20:27 - [MESSAGE][PASSED] - Swiped from 971,1,450 to 540,1,450

2020-01-29 14:20:27 - [MESSAGE][PASSED] - mobile.Swipers.RightLeft is PASSED

2020-01-29 14:20:27 - [TEST_STEP][PASSED] - mobile.Swipers.RightLeft(0.9, 0.5, 1450): mobile.Swipers.RightLeft is PASSED

2020-01-29 14:20:28 - [MESSAGE][PASSED] - Current device physical width is 1080

2020-01-29 14:20:29 - [MESSAGE][PASSED] - Current device physical height is 2131

2020-01-29 14:20:29 - [MESSAGE][INFO] - Device Height : 2131

2020-01-29 14:20:29 - [MESSAGE][INFO] - Device Width : 1080

2020-01-29 14:20:29 - [MESSAGE][INFO] - Swipe start at Width : 971

2020-01-29 14:20:29 - [MESSAGE][INFO] - Swipe end at Witdh : 540

2020-01-29 14:20:29 - [MESSAGE][INFO] - Y Position : 1450

2020-01-29 14:20:30 - [MESSAGE][PASSED] - Swiped from 971,1,450 to 540,1,450

2020-01-29 14:20:30 - [MESSAGE][PASSED] - mobile.Swipers.RightLeft is PASSED

2020-01-29 14:20:30 - [TEST_STEP][PASSED] - mobile.Swipers.RightLeft(0.9, 0.5, 1450): mobile.Swipers.RightLeft is PASSED

2020-01-29 14:20:31 - [MESSAGE][PASSED] - Current device physical width is 1080

2020-01-29 14:20:31 - [MESSAGE][PASSED] - Current device physical height is 2131

2020-01-29 14:20:31 - [MESSAGE][INFO] - Device Height : 2131

2020-01-29 14:20:31 - [MESSAGE][INFO] - Device Width : 1080

2020-01-29 14:20:31 - [MESSAGE][INFO] - Swipe start at Width : 971

2020-01-29 14:20:31 - [MESSAGE][INFO] - Swipe end at Witdh : 540

2020-01-29 14:20:31 - [MESSAGE][INFO] - Y Position : 1450

2020-01-29 14:20:33 - [MESSAGE][PASSED] - Swiped from 971,1,450 to 540,1,450

2020-01-29 14:20:33 - [MESSAGE][PASSED] - mobile.Swipers.RightLeft is PASSED

2020-01-29 14:20:33 - [TEST_STEP][PASSED] - tap(findTestObject("Lelang Tertutup/Lihat_Semua_Event2"), 0): Tapped on element 'Object Repository/Lelang Tertutup/Lihat_Semua_Event2'

2020-01-29 14:20:34 - [MESSAGE][WARNING] - Timeout '0' is invalid. Using default page load timeout: '60'

2020-01-29 14:20:38 - [MESSAGE][PASSED] - Tapped on element 'Object Repository/Lelang Tertutup/Lihat_Semua_Event2'

2020-01-29 14:20:38 - [TEST_STEP][PASSED] - scrollToText(NamaLelang, STOP_ON_FAILURE): Scrolling to text 'IBID - Mobil Keraton Agung Sejagad' successfully

2020-01-29 14:20:40 - [MESSAGE][PASSED] - Scrolling to text 'IBID - Mobil Keraton Agung Sejagad' successfully

2020-01-29 14:20:40 - [TEST_STEP][PASSED] - tap(findTestObject("Lelang Tertutup/Select_Lelang", ["text":NamaLelang]), 0): Tapped on element 'Object Repository/Lelang Tertutup/Select_Lelang'

2020-01-29 14:20:40 - [MESSAGE][WARNING] - Timeout '0' is invalid. Using default page load timeout: '60'

2020-01-29 14:20:42 - [MESSAGE][PASSED] - Tapped on element 'Object Repository/Lelang Tertutup/Select_Lelang'

2020-01-29 14:20:42 - [TEST_STEP][PASSED] - tap(findTestObject("Lelang Tertutup/Ikut_Lelang_BTN"), 0): Tapped on element 'Object Repository/Lelang Tertutup/Ikut_Lelang_BTN'

2020-01-29 14:20:42 - [MESSAGE][WARNING] - Timeout '0' is invalid. Using default page load timeout: '60'

2020-01-29 14:20:46 - [MESSAGE][PASSED] - Tapped on element 'Object Repository/Lelang Tertutup/Ikut_Lelang_BTN'

2020-01-29 14:20:46 - [TEST_STEP][PASSED] - tap(findTestObject("Lelang Tertutup/Masukan_Penawaran_BTN"), 0): Tapped on element 'Object Repository/Lelang Tertutup/Masukan_Penawaran_BTN'

2020-01-29 14:20:46 - [MESSAGE][WARNING] - Timeout '0' is invalid. Using default page load timeout: '60'

2020-01-29 14:20:50 - [MESSAGE][PASSED] - Tapped on element 'Object Repository/Lelang Tertutup/Masukan_Penawaran_BTN'

2020-01-29 14:20:50 - [TEST_STEP][PASSED] - if (verifyElementVisible(findTestObject("Lelang Tertutup/Alert_Dana_Tidak_Mecukupi"), 0, OPTIONAL)): Element 'Object Repository/Lelang Tertutup/Alert_Dana_Tidak_Mecukupi' not found

2020-01-29 14:20:50 - [MESSAGE][WARNING] - Timeout '0' is invalid. Using default page load timeout: '60'

2020-01-29 14:21:52 - [MESSAGE][WARNING] - Element 'Object Repository/Lelang Tertutup/Alert_Dana_Tidak_Mecukupi' not found
[[ATTACHMENT|C:\\Users\\Marvin\\git\\ACCBid-Mobile\\Reports\\20200129_141937\\Lelang tertutup\\Lelang Tertutup\\20200129_141937\\1580282511062.png]]

2020-01-29 14:21:52 - [TEST_STEP][PASSED] - else: null

2020-01-29 14:21:52 - [TEST_STEP][PASSED] - setText(findTestObject("Lelang Tertutup/Input_Penwaran"), UangLelang, 0): Text '50000000' has been set to element 'Object Repository/Lelang Tertutup/Input_Penwaran'

2020-01-29 14:21:52 - [MESSAGE][WARNING] - Timeout '0' is invalid. Using default page load timeout: '60'

2020-01-29 14:21:54 - [MESSAGE][PASSED] - Text '50000000' has been set to element 'Object Repository/Lelang Tertutup/Input_Penwaran'

2020-01-29 14:21:54 - [TEST_STEP][PASSED] - tap(findTestObject("Lelang Tertutup/Bid_BTN"), 0): Tapped on element 'Object Repository/Lelang Tertutup/Bid_BTN'

2020-01-29 14:21:54 - [MESSAGE][WARNING] - Timeout '0' is invalid. Using default page load timeout: '60'

2020-01-29 14:21:57 - [MESSAGE][PASSED] - Tapped on element 'Object Repository/Lelang Tertutup/Bid_BTN'

2020-01-29 14:21:57 - [TEST_STEP][PASSED] - if (verifyElementVisible(findTestObject("Lelang Tertutup/Alert_Penawaran_Kelipatan_500K"), 0, OPTIONAL)): null

2020-01-29 14:21:57 - [MESSAGE][WARNING] - Timeout '0' is invalid. Using default page load timeout: '60'

2020-01-29 14:21:58 - [MESSAGE][PASSED] - Element 'Object Repository/Lelang Tertutup/Alert_Penawaran_Kelipatan_500K' is visible

2020-01-29 14:21:58 - [TEST_STEP][PASSED] - verifyElementVisible(findTestObject("Lelang Tertutup/Bid_BTN"), 0): Element 'Object Repository/Lelang Tertutup/Bid_BTN' is visible

2020-01-29 14:21:58 - [MESSAGE][WARNING] - Timeout '0' is invalid. Using default page load timeout: '60'

2020-01-29 14:21:59 - [MESSAGE][PASSED] - Element 'Object Repository/Lelang Tertutup/Bid_BTN' is visible

2020-01-29 14:21:59 - [TEST_STEP][PASSED] - switch ("Expected"): null]]></system-out>
         <system-err><![CDATA[]]></system-err>
      </testcase>
      <system-out><![CDATA[2020-01-29 14:19:44 - [TEST_SUITE][PASSED] - Lelang Tertutup: Test Cases/Lelang Tertutup/Lelang Tertutup]]></system-out>
      <system-err><![CDATA[]]></system-err>
   </testsuite>
</testsuites>
