<?xml version="1.0" encoding="UTF-8" standalone="yes"?>
<testsuites name="Kalkulator" time="126" tests="2" failures="0" errors="0">
    <testsuite name="Kalkulator" tests="2" failures="0" errors="0" time="126" timestamp="2019-11-06 17:08:50" hostname="Marvin - DESKTOP-98KC72N" id="Test Suites/Kalkulator/Kalkulator">
        <properties>
            <property name="deviceName" value="samsung SM-A505F (Android 9)"/>
            <property name="devicePlatform" value=""/>
            <property name="logFolder" value="C:\\Users\\Marvin\\Documents\\GitHub\\ACCBid-Mobile\\Reports\\20191106_170843\\Kalkulator\\Kalkulator\\20191106_170843"/>
            <property name="logFiles" value="C:\\Users\\Marvin\\Documents\\GitHub\\ACCBid-Mobile\\Reports\\20191106_170843\\Kalkulator\\Kalkulator\\20191106_170843\\appium.log, C:\\Users\\Marvin\\Documents\\GitHub\\ACCBid-Mobile\\Reports\\20191106_170843\\Kalkulator\\Kalkulator\\20191106_170843\\execution0.log"/>
            <property name="attachments" value="C:\\Users\\Marvin\\Documents\\GitHub\\ACCBid-Mobile\\Reports\\20191106_170843\\Kalkulator\\Kalkulator\\20191106_170843\\1573034990334.png"/>
            <property name="hostName" value="Marvin - DESKTOP-98KC72N"/>
            <property name="os" value="Windows 10 64bit"/>
            <property name="appiumServerStatus" value="{\&quot;status\&quot;:0,\&quot;value\&quot;:{\&quot;build\&quot;:{\&quot;version\&quot;:\&quot;1.12.1\&quot;}},\&quot;sessionId\&quot;:null}"/>
            <property name="katalonVersion" value="6.3.3.11"/>
            <property name="deviceOS" value="Android"/>
            <property name="appiumVersion" value="1.12.1"/>
            <property name="deviceModel" value="SM-A505F"/>
            <property name="hostAddress" value="192.168.56.1"/>
            <property name="deviceManufacturer" value="samsung"/>
            <property name="deviceId" value="RR8M30NJEFN"/>
            <property name="deviceName" value="samsung SM-A505F (Android 9)"/>
            <property name="deviceOSVersion" value="9"/>
        </properties>
        <testcase name="Test Cases/Kalkulator/Kalkulator" classname="Test Cases/Kalkulator/Kalkulator" status="PASSED">
            <system-out>2019-11-06 17:08:52 - [TEST_CASE][PASSED] - Test Cases/Kalkulator/Kalkulator: Test Cases/Kalkulator/Kalkulator&#xD;
&#xD;
2019-11-06 17:08:52 - [TEST_STEP][PASSED] - Start listener action : executeRows: null&#xD;
&#xD;
2019-11-06 17:08:56 - [TEST_STEP][PASSED] - startApplication("C:/Users/Marvin/git/ACCBid-Mobile/accbid.apk", false): Started app at: 'C:\Users\Marvin\git\ACCBid-Mobile\accbid.apk'&#xD;
&#xD;
2019-11-06 17:08:56 - [MESSAGE][INFO] - User set preference: ['unicodeKeyboard', 'true']&#xD;
&#xD;
2019-11-06 17:08:56 - [MESSAGE][INFO] - User set preference: ['resetKeyboard', 'true']&#xD;
&#xD;
2019-11-06 17:08:56 - [MESSAGE][INFO] - User set preference: ['deviceId', '']&#xD;
&#xD;
2019-11-06 17:09:06 - [MESSAGE][INFO] - Appium server started on port 52,565&#xD;
&#xD;
2019-11-06 17:09:34 - [MESSAGE][PASSED] - Started app at: 'C:\Users\Marvin\git\ACCBid-Mobile\accbid.apk'&#xD;
&#xD;
2019-11-06 17:09:34 - [TEST_STEP][PASSED] - tap(findTestObject("Kalkulator/BTN_Kalkulator"), 0): Tapped on element 'Object Repository/Kalkulator/BTN_Kalkulator'&#xD;
&#xD;
2019-11-06 17:09:34 - [MESSAGE][WARNING] - Timeout '0' is invalid. Using default page load timeout: '60'&#xD;
&#xD;
2019-11-06 17:09:41 - [MESSAGE][PASSED] - Tapped on element 'Object Repository/Kalkulator/BTN_Kalkulator'&#xD;
&#xD;
2019-11-06 17:09:41 - [TEST_STEP][PASSED] - setText(findTestObject("Kalkulator/HargaUnit"), HargaUnit, 0): Text '1200000' has been set to element 'Object Repository/Kalkulator/HargaUnit'&#xD;
&#xD;
2019-11-06 17:09:41 - [MESSAGE][WARNING] - Timeout '0' is invalid. Using default page load timeout: '60'&#xD;
&#xD;
2019-11-06 17:09:43 - [MESSAGE][PASSED] - Text '1200000' has been set to element 'Object Repository/Kalkulator/HargaUnit'&#xD;
&#xD;
2019-11-06 17:09:43 - [TEST_STEP][PASSED] - if (varPeriode == "12"): null&#xD;
&#xD;
2019-11-06 17:09:43 - [TEST_STEP][PASSED] - else if (varPeriode == "24"): null&#xD;
&#xD;
2019-11-06 17:09:43 - [TEST_STEP][PASSED] - else if (varPeriode == "36"): Tapped at [490, 584]&#xD;
&#xD;
2019-11-06 17:09:43 - [TEST_STEP][PASSED] - tapAtPosition(490, 584): Tapped at [490, 584]&#xD;
&#xD;
2019-11-06 17:09:44 - [MESSAGE][PASSED] - Tapped at [490, 584]&#xD;
&#xD;
2019-11-06 17:09:44 - [TEST_STEP][PASSED] - setText(findTestObject("Kalkulator/UangMuka"), UangMuka, 0): Text '25' has been set to element 'Object Repository/Kalkulator/UangMuka'&#xD;
&#xD;
2019-11-06 17:09:44 - [MESSAGE][WARNING] - Timeout '0' is invalid. Using default page load timeout: '60'&#xD;
&#xD;
2019-11-06 17:09:46 - [MESSAGE][PASSED] - Text '25' has been set to element 'Object Repository/Kalkulator/UangMuka'&#xD;
&#xD;
2019-11-06 17:09:46 - [TEST_STEP][PASSED] - if (verifyElementVisible(findTestObject("Kalkulator/MinimalUangMuka"), 3, OPTIONAL)): Element 'Object Repository/Kalkulator/MinimalUangMuka' not found&#xD;
&#xD;
2019-11-06 17:09:51 - [MESSAGE][WARNING] - Element 'Object Repository/Kalkulator/MinimalUangMuka' not found&#xD;
[[ATTACHMENT|C:\\Users\\Marvin\\Documents\\GitHub\\ACCBid-Mobile\\Reports\\20191106_170843\\Kalkulator\\Kalkulator\\20191106_170843\\1573034990334.png]]&#xD;
&#xD;
2019-11-06 17:09:51 - [TEST_STEP][PASSED] - else: Press back button successfully&#xD;
&#xD;
2019-11-06 17:09:51 - [TEST_STEP][PASSED] - tap(findTestObject("Kalkulator/DropDownAreaPengajuan"), 0): Tapped on element 'Object Repository/Kalkulator/DropDownAreaPengajuan'&#xD;
&#xD;
2019-11-06 17:09:51 - [MESSAGE][WARNING] - Timeout '0' is invalid. Using default page load timeout: '60'&#xD;
&#xD;
2019-11-06 17:09:54 - [MESSAGE][PASSED] - Tapped on element 'Object Repository/Kalkulator/DropDownAreaPengajuan'&#xD;
&#xD;
2019-11-06 17:09:54 - [TEST_STEP][PASSED] - tap(findTestObject("Kalkulator/Click", ["text":varAreaPengajuan]), 0): Tapped on element 'Object Repository/Kalkulator/Click'&#xD;
&#xD;
2019-11-06 17:09:54 - [MESSAGE][WARNING] - Timeout '0' is invalid. Using default page load timeout: '60'&#xD;
&#xD;
2019-11-06 17:09:56 - [MESSAGE][PASSED] - Tapped on element 'Object Repository/Kalkulator/Click'&#xD;
&#xD;
2019-11-06 17:09:56 - [TEST_STEP][PASSED] - ScrollUpDown.UpDown(86, 2185, 86, 2185): ScrollUpDown.UpDown is PASSED&#xD;
&#xD;
2019-11-06 17:09:57 - [MESSAGE][PASSED] - Current device physical height is 2131&#xD;
&#xD;
2019-11-06 17:09:57 - [MESSAGE][PASSED] - Current device physical width is 1080&#xD;
&#xD;
2019-11-06 17:09:59 - [MESSAGE][PASSED] - Swiped from 540,1,491 to 540,639&#xD;
&#xD;
2019-11-06 17:09:59 - [MESSAGE][PASSED] - ScrollUpDown.UpDown is PASSED&#xD;
&#xD;
2019-11-06 17:09:59 - [TEST_STEP][PASSED] - tap(findTestObject("Kalkulator/DropDownCabang"), 0): Tapped on element 'Object Repository/Kalkulator/DropDownCabang'&#xD;
&#xD;
2019-11-06 17:09:59 - [MESSAGE][WARNING] - Timeout '0' is invalid. Using default page load timeout: '60'&#xD;
&#xD;
2019-11-06 17:10:01 - [MESSAGE][PASSED] - Tapped on element 'Object Repository/Kalkulator/DropDownCabang'&#xD;
&#xD;
2019-11-06 17:10:01 - [TEST_STEP][PASSED] - tap(findTestObject("Kalkulator/Click", ["text":varCabang]), 0): Tapped on element 'Object Repository/Kalkulator/Click'&#xD;
&#xD;
2019-11-06 17:10:01 - [MESSAGE][WARNING] - Timeout '0' is invalid. Using default page load timeout: '60'&#xD;
&#xD;
2019-11-06 17:10:03 - [MESSAGE][PASSED] - Tapped on element 'Object Repository/Kalkulator/Click'&#xD;
&#xD;
2019-11-06 17:10:03 - [TEST_STEP][PASSED] - if (varPembayaran == "Tunai"): Element 'Object Repository/Kalkulator/CheckBoxTunai' is checked&#xD;
&#xD;
2019-11-06 17:10:03 - [TEST_STEP][PASSED] - checkElement(findTestObject("Kalkulator/CheckBoxTunai"), 0): Element 'Object Repository/Kalkulator/CheckBoxTunai' is checked&#xD;
&#xD;
2019-11-06 17:10:04 - [MESSAGE][WARNING] - Timeout '0' is invalid. Using default page load timeout: '60'&#xD;
&#xD;
2019-11-06 17:10:06 - [MESSAGE][PASSED] - Element 'Object Repository/Kalkulator/CheckBoxTunai' is checked&#xD;
&#xD;
2019-11-06 17:10:06 - [TEST_STEP][PASSED] - if (varCreditProtection == "Ya"): null&#xD;
&#xD;
2019-11-06 17:10:06 - [TEST_STEP][PASSED] - else if (varCreditProtection == "Tidak"): Element 'Object Repository/Kalkulator/CheckBoxCreditProtection' is un-checked&#xD;
&#xD;
2019-11-06 17:10:06 - [TEST_STEP][PASSED] - uncheckElement(findTestObject("Kalkulator/CheckBoxCreditProtection"), 0): Element 'Object Repository/Kalkulator/CheckBoxCreditProtection' is un-checked&#xD;
&#xD;
2019-11-06 17:10:06 - [MESSAGE][WARNING] - Timeout '0' is invalid. Using default page load timeout: '60'&#xD;
&#xD;
2019-11-06 17:10:08 - [MESSAGE][PASSED] - Element 'Object Repository/Kalkulator/CheckBoxCreditProtection' is un-checked&#xD;
&#xD;
2019-11-06 17:10:08 - [TEST_STEP][PASSED] - pressBack(): Press back button successfully&#xD;
&#xD;
2019-11-06 17:10:09 - [MESSAGE][PASSED] - Press back button successfully&#xD;
&#xD;
2019-11-06 17:10:09 - [TEST_STEP][PASSED] - switch ("Result"): null&#xD;
&#xD;
2019-11-06 17:10:09 - [TEST_STEP][PASSED] - Start listener action : addFailedTCToList: null</system-out>
            <system-err></system-err>
        </testcase>
        <testcase name="Test Cases/Kalkulator/Kalkulator" classname="Test Cases/Kalkulator/Kalkulator" status="PASSED">
            <system-out>2019-11-06 17:10:09 - [TEST_CASE][PASSED] - Test Cases/Kalkulator/Kalkulator: Test Cases/Kalkulator/Kalkulator&#xD;
&#xD;
2019-11-06 17:10:09 - [TEST_STEP][PASSED] - Start listener action : executeRows: null&#xD;
&#xD;
2019-11-06 17:10:10 - [TEST_STEP][PASSED] - startApplication("C:/Users/Marvin/git/ACCBid-Mobile/accbid.apk", false): Started app at: 'C:\Users\Marvin\git\ACCBid-Mobile\accbid.apk'&#xD;
&#xD;
2019-11-06 17:10:10 - [MESSAGE][INFO] - User set preference: ['unicodeKeyboard', 'true']&#xD;
&#xD;
2019-11-06 17:10:10 - [MESSAGE][INFO] - User set preference: ['resetKeyboard', 'true']&#xD;
&#xD;
2019-11-06 17:10:10 - [MESSAGE][INFO] - User set preference: ['deviceId', '']&#xD;
&#xD;
2019-11-06 17:10:35 - [MESSAGE][PASSED] - Started app at: 'C:\Users\Marvin\git\ACCBid-Mobile\accbid.apk'&#xD;
&#xD;
2019-11-06 17:10:35 - [TEST_STEP][PASSED] - tap(findTestObject("Kalkulator/BTN_Kalkulator"), 0): Tapped on element 'Object Repository/Kalkulator/BTN_Kalkulator'&#xD;
&#xD;
2019-11-06 17:10:35 - [MESSAGE][WARNING] - Timeout '0' is invalid. Using default page load timeout: '60'&#xD;
&#xD;
2019-11-06 17:10:43 - [MESSAGE][PASSED] - Tapped on element 'Object Repository/Kalkulator/BTN_Kalkulator'&#xD;
&#xD;
2019-11-06 17:10:43 - [TEST_STEP][PASSED] - setText(findTestObject("Kalkulator/HargaUnit"), HargaUnit, 0): Text '1200000' has been set to element 'Object Repository/Kalkulator/HargaUnit'&#xD;
&#xD;
2019-11-06 17:10:43 - [MESSAGE][WARNING] - Timeout '0' is invalid. Using default page load timeout: '60'&#xD;
&#xD;
2019-11-06 17:10:46 - [MESSAGE][PASSED] - Text '1200000' has been set to element 'Object Repository/Kalkulator/HargaUnit'&#xD;
&#xD;
2019-11-06 17:10:46 - [TEST_STEP][PASSED] - if (varPeriode == "12"): null&#xD;
&#xD;
2019-11-06 17:10:46 - [TEST_STEP][PASSED] - else if (varPeriode == "24"): null&#xD;
&#xD;
2019-11-06 17:10:46 - [TEST_STEP][PASSED] - else if (varPeriode == "36"): null&#xD;
&#xD;
2019-11-06 17:10:46 - [TEST_STEP][PASSED] - else if (varPeriode == "48"): null&#xD;
&#xD;
2019-11-06 17:10:46 - [TEST_STEP][PASSED] - else if (varPeriode == "60"): Tapped at [924, 584]&#xD;
&#xD;
2019-11-06 17:10:46 - [TEST_STEP][PASSED] - tapAtPosition(924, 584): Tapped at [924, 584]&#xD;
&#xD;
2019-11-06 17:10:46 - [MESSAGE][PASSED] - Tapped at [924, 584]&#xD;
&#xD;
2019-11-06 17:10:46 - [TEST_STEP][PASSED] - setText(findTestObject("Kalkulator/UangMuka"), UangMuka, 0): Text '15' has been set to element 'Object Repository/Kalkulator/UangMuka'&#xD;
&#xD;
2019-11-06 17:10:46 - [MESSAGE][WARNING] - Timeout '0' is invalid. Using default page load timeout: '60'&#xD;
&#xD;
2019-11-06 17:10:49 - [MESSAGE][PASSED] - Text '15' has been set to element 'Object Repository/Kalkulator/UangMuka'&#xD;
&#xD;
2019-11-06 17:10:49 - [TEST_STEP][PASSED] - if (verifyElementVisible(findTestObject("Kalkulator/MinimalUangMuka"), 3, OPTIONAL)): Delayed 5 second(s)&#xD;
&#xD;
2019-11-06 17:10:50 - [MESSAGE][PASSED] - Element 'Object Repository/Kalkulator/MinimalUangMuka' is visible&#xD;
&#xD;
2019-11-06 17:10:50 - [TEST_STEP][PASSED] - verifyElementVisible(findTestObject("TopUP/Penarikan/DropDownBank"), 0, OPTIONAL): Element 'Object Repository/TopUP/Penarikan/DropDownBank' is visible&#xD;
&#xD;
2019-11-06 17:10:51 - [MESSAGE][WARNING] - Timeout '0' is invalid. Using default page load timeout: '60'&#xD;
&#xD;
2019-11-06 17:10:51 - [MESSAGE][PASSED] - Element 'Object Repository/TopUP/Penarikan/DropDownBank' is visible&#xD;
&#xD;
2019-11-06 17:10:51 - [TEST_STEP][PASSED] - delay(5, STOP_ON_FAILURE): Delayed 5 second(s)&#xD;
&#xD;
2019-11-06 17:10:56 - [MESSAGE][PASSED] - Delayed 5 second(s)&#xD;
&#xD;
2019-11-06 17:10:56 - [TEST_STEP][PASSED] - switch ("Result"): null&#xD;
&#xD;
2019-11-06 17:10:56 - [TEST_STEP][PASSED] - Start listener action : addFailedTCToList: null</system-out>
            <system-err></system-err>
        </testcase>
        <system-out>2019-11-06 17:08:50 - [TEST_SUITE][INCOMPLETE] - Kalkulator: null</system-out>
        <system-err>2019-11-06 17:08:50 - [TEST_SUITE][INCOMPLETE] - Kalkulator: null</system-err>
    </testsuite>
</testsuites>
