<?xml version="1.0" encoding="UTF-8" standalone="yes"?>
<testsuites name="Kalkulator" time="106" tests="1" failures="0" errors="0">
    <testsuite name="Kalkulator" tests="1" failures="0" errors="0" time="106" timestamp="2019-11-06 14:44:58" hostname="Marvin - DESKTOP-98KC72N" id="Test Suites/Kalkulator/Kalkulator">
        <properties>
            <property name="deviceName" value="samsung SM-A505F (Android 9)"/>
            <property name="devicePlatform" value=""/>
            <property name="logFolder" value="C:\\Users\\Marvin\\Documents\\GitHub\\ACCBid-Mobile\\Reports\\20191106_144435\\Kalkulator\\Kalkulator\\20191106_144435"/>
            <property name="logFiles" value="C:\\Users\\Marvin\\Documents\\GitHub\\ACCBid-Mobile\\Reports\\20191106_144435\\Kalkulator\\Kalkulator\\20191106_144435\\appium.log, C:\\Users\\Marvin\\Documents\\GitHub\\ACCBid-Mobile\\Reports\\20191106_144435\\Kalkulator\\Kalkulator\\20191106_144435\\execution0.log"/>
            <property name="attachments" value="C:\\Users\\Marvin\\Documents\\GitHub\\ACCBid-Mobile\\Reports\\20191106_144435\\Kalkulator\\Kalkulator\\20191106_144435\\1573026385404.png"/>
            <property name="hostName" value="Marvin - DESKTOP-98KC72N"/>
            <property name="os" value="Windows 10 64bit"/>
            <property name="appiumServerStatus" value="{\&quot;status\&quot;:0,\&quot;value\&quot;:{\&quot;build\&quot;:{\&quot;version\&quot;:\&quot;1.12.1\&quot;}},\&quot;sessionId\&quot;:null}"/>
            <property name="katalonVersion" value="6.3.3.11"/>
            <property name="deviceOS" value="Android"/>
            <property name="appiumVersion" value="1.12.1"/>
            <property name="deviceModel" value="SM-A505F"/>
            <property name="hostAddress" value="192.168.56.1"/>
            <property name="deviceManufacturer" value="samsung"/>
            <property name="deviceId" value="RR8M30NJEFN"/>
            <property name="deviceName" value="samsung SM-A505F (Android 9)"/>
            <property name="deviceOSVersion" value="9"/>
        </properties>
        <testcase name="Test Cases/Kalkulator/Kalkulator" classname="Test Cases/Kalkulator/Kalkulator" status="PASSED">
            <system-out>2019-11-06 14:45:00 - [TEST_CASE][PASSED] - Test Cases/Kalkulator/Kalkulator: Test Cases/Kalkulator/Kalkulator&#xD;
&#xD;
2019-11-06 14:45:00 - [TEST_STEP][PASSED] - Start listener action : executeRows: null&#xD;
&#xD;
2019-11-06 14:45:04 - [TEST_STEP][PASSED] - startApplication("C:/Users/Marvin/git/ACCBid-Mobile/accbid.apk", false): Started app at: 'C:\Users\Marvin\git\ACCBid-Mobile\accbid.apk'&#xD;
&#xD;
2019-11-06 14:45:04 - [MESSAGE][INFO] - User set preference: ['unicodeKeyboard', 'true']&#xD;
&#xD;
2019-11-06 14:45:04 - [MESSAGE][INFO] - User set preference: ['resetKeyboard', 'true']&#xD;
&#xD;
2019-11-06 14:45:04 - [MESSAGE][INFO] - User set preference: ['deviceId', '']&#xD;
&#xD;
2019-11-06 14:45:22 - [MESSAGE][INFO] - Appium server started on port 61,028&#xD;
&#xD;
2019-11-06 14:46:09 - [MESSAGE][PASSED] - Started app at: 'C:\Users\Marvin\git\ACCBid-Mobile\accbid.apk'&#xD;
&#xD;
2019-11-06 14:46:09 - [TEST_STEP][PASSED] - tap(findTestObject("Kalkulator/BTN_Kalkulator"), 0): Tapped on element 'Object Repository/Kalkulator/BTN_Kalkulator'&#xD;
&#xD;
2019-11-06 14:46:09 - [MESSAGE][WARNING] - Timeout '0' is invalid. Using default page load timeout: '60'&#xD;
&#xD;
2019-11-06 14:46:16 - [MESSAGE][PASSED] - Tapped on element 'Object Repository/Kalkulator/BTN_Kalkulator'&#xD;
&#xD;
2019-11-06 14:46:16 - [TEST_STEP][PASSED] - setText(findTestObject("Kalkulator/HargaUnit"), HargaUnit, 0): Text '1200000' has been set to element 'Object Repository/Kalkulator/HargaUnit'&#xD;
&#xD;
2019-11-06 14:46:16 - [MESSAGE][WARNING] - Timeout '0' is invalid. Using default page load timeout: '60'&#xD;
&#xD;
2019-11-06 14:46:18 - [MESSAGE][PASSED] - Text '1200000' has been set to element 'Object Repository/Kalkulator/HargaUnit'&#xD;
&#xD;
2019-11-06 14:46:18 - [TEST_STEP][PASSED] - if (varPeriode == "12"): null&#xD;
&#xD;
2019-11-06 14:46:18 - [TEST_STEP][PASSED] - else if (varPeriode == "24"): null&#xD;
&#xD;
2019-11-06 14:46:18 - [TEST_STEP][PASSED] - else if (varPeriode == "36"): Tapped at [490, 584]&#xD;
&#xD;
2019-11-06 14:46:18 - [TEST_STEP][PASSED] - tapAtPosition(490, 584): Tapped at [490, 584]&#xD;
&#xD;
2019-11-06 14:46:19 - [MESSAGE][PASSED] - Tapped at [490, 584]&#xD;
&#xD;
2019-11-06 14:46:19 - [TEST_STEP][PASSED] - setText(findTestObject("Kalkulator/UangMuka"), UangMuka, 0): Text '25' has been set to element 'Object Repository/Kalkulator/UangMuka'&#xD;
&#xD;
2019-11-06 14:46:19 - [MESSAGE][WARNING] - Timeout '0' is invalid. Using default page load timeout: '60'&#xD;
&#xD;
2019-11-06 14:46:21 - [MESSAGE][PASSED] - Text '25' has been set to element 'Object Repository/Kalkulator/UangMuka'&#xD;
&#xD;
2019-11-06 14:46:21 - [TEST_STEP][PASSED] - if (verifyElementVisible(findTestObject("Kalkulator/MinimalUangMuka"), 3, OPTIONAL)): Element 'Object Repository/Kalkulator/MinimalUangMuka' not found&#xD;
&#xD;
2019-11-06 14:46:26 - [MESSAGE][WARNING] - Element 'Object Repository/Kalkulator/MinimalUangMuka' not found&#xD;
[[ATTACHMENT|C:\\Users\\Marvin\\Documents\\GitHub\\ACCBid-Mobile\\Reports\\20191106_144435\\Kalkulator\\Kalkulator\\20191106_144435\\1573026385404.png]]&#xD;
&#xD;
2019-11-06 14:46:26 - [TEST_STEP][PASSED] - else: Press back button successfully&#xD;
&#xD;
2019-11-06 14:46:26 - [TEST_STEP][PASSED] - tap(findTestObject("Kalkulator/DropDownAreaPengajuan"), 0): Tapped on element 'Object Repository/Kalkulator/DropDownAreaPengajuan'&#xD;
&#xD;
2019-11-06 14:46:26 - [MESSAGE][WARNING] - Timeout '0' is invalid. Using default page load timeout: '60'&#xD;
&#xD;
2019-11-06 14:46:28 - [MESSAGE][PASSED] - Tapped on element 'Object Repository/Kalkulator/DropDownAreaPengajuan'&#xD;
&#xD;
2019-11-06 14:46:28 - [TEST_STEP][PASSED] - tap(findTestObject("Kalkulator/Click", ["text":varAreaPengajuan]), 0): Tapped on element 'Object Repository/Kalkulator/Click'&#xD;
&#xD;
2019-11-06 14:46:29 - [MESSAGE][WARNING] - Timeout '0' is invalid. Using default page load timeout: '60'&#xD;
&#xD;
2019-11-06 14:46:31 - [MESSAGE][PASSED] - Tapped on element 'Object Repository/Kalkulator/Click'&#xD;
&#xD;
2019-11-06 14:46:31 - [TEST_STEP][PASSED] - ScrollUpDown.UpDown(86, 2185, 86, 2185): ScrollUpDown.UpDown is PASSED&#xD;
&#xD;
2019-11-06 14:46:32 - [MESSAGE][PASSED] - Current device physical height is 2131&#xD;
&#xD;
2019-11-06 14:46:32 - [MESSAGE][PASSED] - Current device physical width is 1080&#xD;
&#xD;
2019-11-06 14:46:34 - [MESSAGE][PASSED] - Swiped from 540,1,491 to 540,639&#xD;
&#xD;
2019-11-06 14:46:34 - [MESSAGE][PASSED] - ScrollUpDown.UpDown is PASSED&#xD;
&#xD;
2019-11-06 14:46:34 - [TEST_STEP][PASSED] - tap(findTestObject("Kalkulator/DropDownCabang"), 0): Tapped on element 'Object Repository/Kalkulator/DropDownCabang'&#xD;
&#xD;
2019-11-06 14:46:34 - [MESSAGE][WARNING] - Timeout '0' is invalid. Using default page load timeout: '60'&#xD;
&#xD;
2019-11-06 14:46:36 - [MESSAGE][PASSED] - Tapped on element 'Object Repository/Kalkulator/DropDownCabang'&#xD;
&#xD;
2019-11-06 14:46:36 - [TEST_STEP][PASSED] - tap(findTestObject("Kalkulator/Click", ["text":varCabang]), 0): Tapped on element 'Object Repository/Kalkulator/Click'&#xD;
&#xD;
2019-11-06 14:46:37 - [MESSAGE][WARNING] - Timeout '0' is invalid. Using default page load timeout: '60'&#xD;
&#xD;
2019-11-06 14:46:39 - [MESSAGE][PASSED] - Tapped on element 'Object Repository/Kalkulator/Click'&#xD;
&#xD;
2019-11-06 14:46:39 - [TEST_STEP][PASSED] - if (varPembayaran == "Tunai"): Element 'Object Repository/Kalkulator/CheckBoxTunai' is checked&#xD;
&#xD;
2019-11-06 14:46:39 - [TEST_STEP][PASSED] - checkElement(findTestObject("Kalkulator/CheckBoxTunai"), 0): Element 'Object Repository/Kalkulator/CheckBoxTunai' is checked&#xD;
&#xD;
2019-11-06 14:46:39 - [MESSAGE][WARNING] - Timeout '0' is invalid. Using default page load timeout: '60'&#xD;
&#xD;
2019-11-06 14:46:41 - [MESSAGE][PASSED] - Element 'Object Repository/Kalkulator/CheckBoxTunai' is checked&#xD;
&#xD;
2019-11-06 14:46:41 - [TEST_STEP][PASSED] - if (varCreditProtection == "Ya"): null&#xD;
&#xD;
2019-11-06 14:46:41 - [TEST_STEP][PASSED] - else if (varCreditProtection == "Tidak"): Element 'Object Repository/Kalkulator/CheckBoxCreditProtection' is un-checked&#xD;
&#xD;
2019-11-06 14:46:41 - [TEST_STEP][PASSED] - uncheckElement(findTestObject("Kalkulator/CheckBoxCreditProtection"), 0): Element 'Object Repository/Kalkulator/CheckBoxCreditProtection' is un-checked&#xD;
&#xD;
2019-11-06 14:46:41 - [MESSAGE][WARNING] - Timeout '0' is invalid. Using default page load timeout: '60'&#xD;
&#xD;
2019-11-06 14:46:43 - [MESSAGE][PASSED] - Element 'Object Repository/Kalkulator/CheckBoxCreditProtection' is un-checked&#xD;
&#xD;
2019-11-06 14:46:43 - [TEST_STEP][PASSED] - pressBack(): Press back button successfully&#xD;
&#xD;
2019-11-06 14:46:44 - [MESSAGE][PASSED] - Press back button successfully&#xD;
&#xD;
2019-11-06 14:46:45 - [TEST_STEP][PASSED] - Start listener action : addFailedTCToList: null</system-out>
            <system-err></system-err>
        </testcase>
        <system-out>2019-11-06 14:44:58 - [TEST_SUITE][INCOMPLETE] - Kalkulator: null</system-out>
        <system-err>2019-11-06 14:44:58 - [TEST_SUITE][INCOMPLETE] - Kalkulator: null</system-err>
    </testsuite>
</testsuites>
