<?xml version="1.0" encoding="UTF-8" standalone="yes"?>
<testsuites name="TOPUP" time="140" tests="2" failures="0" errors="0">
    <testsuite name="TOPUP" tests="2" failures="0" errors="0" time="140" timestamp="2019-11-07 11:46:23" hostname="Marvin - DESKTOP-98KC72N" id="Test Suites/TopUP/TOPUP">
        <properties>
            <property name="deviceName" value="samsung SM-A505F (Android 9)"/>
            <property name="devicePlatform" value=""/>
            <property name="logFolder" value="C:\\Users\\Marvin\\Documents\\GitHub\\ACCBid-Mobile\\Reports\\20191107_114612\\TopUP\\TOPUP\\20191107_114612"/>
            <property name="logFiles" value="C:\\Users\\Marvin\\Documents\\GitHub\\ACCBid-Mobile\\Reports\\20191107_114612\\TopUP\\TOPUP\\20191107_114612\\appium.log, C:\\Users\\Marvin\\Documents\\GitHub\\ACCBid-Mobile\\Reports\\20191107_114612\\TopUP\\TOPUP\\20191107_114612\\execution0.log"/>
            <property name="attachments" value="C:\\Users\\Marvin\\Documents\\GitHub\\ACCBid-Mobile\\Reports\\20191107_114612\\TopUP\\TOPUP\\20191107_114612\\1573102046005.png"/>
            <property name="hostName" value="Marvin - DESKTOP-98KC72N"/>
            <property name="os" value="Windows 10 64bit"/>
            <property name="appiumServerStatus" value="{\&quot;status\&quot;:0,\&quot;value\&quot;:{\&quot;build\&quot;:{\&quot;version\&quot;:\&quot;1.12.1\&quot;}},\&quot;sessionId\&quot;:null}"/>
            <property name="katalonVersion" value="6.3.3.11"/>
            <property name="deviceOS" value="Android"/>
            <property name="appiumVersion" value="1.12.1"/>
            <property name="deviceModel" value="SM-A505F"/>
            <property name="hostAddress" value="192.168.56.1"/>
            <property name="deviceManufacturer" value="samsung"/>
            <property name="deviceId" value="RR8M30NJEFN"/>
            <property name="deviceName" value="samsung SM-A505F (Android 9)"/>
            <property name="deviceOSVersion" value="9"/>
        </properties>
        <testcase name="Test Cases/TopUP/TopUP" classname="Test Cases/TopUP/TopUP" status="PASSED">
            <system-out>2019-11-07 11:46:24 - [TEST_CASE][PASSED] - Test Cases/TopUP/TopUP: Test Cases/TopUP/TopUP&#xD;
&#xD;
2019-11-07 11:46:24 - [TEST_STEP][PASSED] - Start listener action : executeRows: null&#xD;
&#xD;
2019-11-07 11:46:28 - [TEST_STEP][PASSED] - startApplication("C:/Users/Marvin/git/ACCBid-Mobile/accbid.apk", false): Started app at: 'C:\Users\Marvin\git\ACCBid-Mobile\accbid.apk'&#xD;
&#xD;
2019-11-07 11:46:28 - [MESSAGE][INFO] - User set preference: ['unicodeKeyboard', 'true']&#xD;
&#xD;
2019-11-07 11:46:28 - [MESSAGE][INFO] - User set preference: ['resetKeyboard', 'true']&#xD;
&#xD;
2019-11-07 11:46:28 - [MESSAGE][INFO] - User set preference: ['deviceId', '']&#xD;
&#xD;
2019-11-07 11:46:37 - [MESSAGE][INFO] - Appium server started on port 57,473&#xD;
&#xD;
2019-11-07 11:47:03 - [MESSAGE][PASSED] - Started app at: 'C:\Users\Marvin\git\ACCBid-Mobile\accbid.apk'&#xD;
&#xD;
2019-11-07 11:47:03 - [TEST_STEP][PASSED] - getDeviceHeight(): Current device physical height is 2131&#xD;
&#xD;
2019-11-07 11:47:04 - [MESSAGE][PASSED] - Current device physical height is 2131&#xD;
&#xD;
2019-11-07 11:47:04 - [TEST_STEP][PASSED] - getDeviceWidth(): Current device physical width is 1080&#xD;
&#xD;
2019-11-07 11:47:05 - [MESSAGE][PASSED] - Current device physical width is 1080&#xD;
&#xD;
2019-11-07 11:47:05 - [TEST_STEP][PASSED] - tap(findTestObject("TopUP/BTN_Deposit"), 0): Tapped on element 'Object Repository/TopUP/BTN_Deposit'&#xD;
&#xD;
2019-11-07 11:47:06 - [MESSAGE][WARNING] - Timeout '0' is invalid. Using default page load timeout: '60'&#xD;
&#xD;
2019-11-07 11:47:12 - [MESSAGE][PASSED] - Tapped on element 'Object Repository/TopUP/BTN_Deposit'&#xD;
&#xD;
2019-11-07 11:47:12 - [TEST_STEP][PASSED] - tap(findTestObject("TopUP/Btn_TopUP"), 0): Tapped on element 'Object Repository/TopUP/Btn_TopUP'&#xD;
&#xD;
2019-11-07 11:47:12 - [MESSAGE][WARNING] - Timeout '0' is invalid. Using default page load timeout: '60'&#xD;
&#xD;
2019-11-07 11:47:15 - [MESSAGE][PASSED] - Tapped on element 'Object Repository/TopUP/Btn_TopUP'&#xD;
&#xD;
2019-11-07 11:47:15 - [TEST_STEP][PASSED] - setText(findTestObject("TopUP/InputNominal"), varTopUP, 0): Text '500000' has been set to element 'Object Repository/TopUP/InputNominal'&#xD;
&#xD;
2019-11-07 11:47:15 - [MESSAGE][WARNING] - Timeout '0' is invalid. Using default page load timeout: '60'&#xD;
&#xD;
2019-11-07 11:47:17 - [MESSAGE][PASSED] - Text '500000' has been set to element 'Object Repository/TopUP/InputNominal'&#xD;
&#xD;
2019-11-07 11:47:17 - [TEST_STEP][PASSED] - tap(findTestObject("TopUP/DropDownBank"), 0): Tapped on element 'Object Repository/TopUP/DropDownBank'&#xD;
&#xD;
2019-11-07 11:47:17 - [MESSAGE][WARNING] - Timeout '0' is invalid. Using default page load timeout: '60'&#xD;
&#xD;
2019-11-07 11:47:19 - [MESSAGE][PASSED] - Tapped on element 'Object Repository/TopUP/DropDownBank'&#xD;
&#xD;
2019-11-07 11:47:19 - [TEST_STEP][PASSED] - tap(findTestObject("Kalkulator/Click", ["text":varBank]), 0): Tapped on element 'Object Repository/Kalkulator/Click'&#xD;
&#xD;
2019-11-07 11:47:20 - [MESSAGE][WARNING] - Timeout '0' is invalid. Using default page load timeout: '60'&#xD;
&#xD;
2019-11-07 11:47:22 - [MESSAGE][PASSED] - Tapped on element 'Object Repository/Kalkulator/Click'&#xD;
&#xD;
2019-11-07 11:47:22 - [TEST_STEP][PASSED] - if (verifyElementVisible(findTestObject("TopUP/NotifKelipatan"), 3, OPTIONAL)): Element 'Object Repository/TopUP/NotifKelipatan' not found&#xD;
&#xD;
2019-11-07 11:47:27 - [MESSAGE][WARNING] - Element 'Object Repository/TopUP/NotifKelipatan' not found&#xD;
[[ATTACHMENT|C:\\Users\\Marvin\\Documents\\GitHub\\ACCBid-Mobile\\Reports\\20191107_114612\\TopUP\\TOPUP\\20191107_114612\\1573102046005.png]]&#xD;
&#xD;
2019-11-07 11:47:27 - [TEST_STEP][PASSED] - else: Delayed 4 second(s)&#xD;
&#xD;
2019-11-07 11:47:27 - [TEST_STEP][PASSED] - tap(findTestObject("TopUP/BtnLanjut"), 0): Tapped on element 'Object Repository/TopUP/BtnLanjut'&#xD;
&#xD;
2019-11-07 11:47:27 - [MESSAGE][WARNING] - Timeout '0' is invalid. Using default page load timeout: '60'&#xD;
&#xD;
2019-11-07 11:47:29 - [MESSAGE][PASSED] - Tapped on element 'Object Repository/TopUP/BtnLanjut'&#xD;
&#xD;
2019-11-07 11:47:29 - [TEST_STEP][PASSED] - tap(findTestObject("TopUP/Btn_View"), 0): Tapped on element 'Object Repository/TopUP/Btn_View'&#xD;
&#xD;
2019-11-07 11:47:29 - [MESSAGE][WARNING] - Timeout '0' is invalid. Using default page load timeout: '60'&#xD;
&#xD;
2019-11-07 11:47:36 - [MESSAGE][PASSED] - Tapped on element 'Object Repository/TopUP/Btn_View'&#xD;
&#xD;
2019-11-07 11:47:36 - [TEST_STEP][PASSED] - tap(findTestObject("TopUP/CloseBtn"), 0): Tapped on element 'Object Repository/TopUP/CloseBtn'&#xD;
&#xD;
2019-11-07 11:47:36 - [MESSAGE][WARNING] - Timeout '0' is invalid. Using default page load timeout: '60'&#xD;
&#xD;
2019-11-07 11:47:39 - [MESSAGE][PASSED] - Tapped on element 'Object Repository/TopUP/CloseBtn'&#xD;
&#xD;
2019-11-07 11:47:39 - [TEST_STEP][PASSED] - tap(findTestObject("TopUP/BankTransferDrop"), 0): Tapped on element 'Object Repository/TopUP/BankTransferDrop'&#xD;
&#xD;
2019-11-07 11:47:39 - [MESSAGE][WARNING] - Timeout '0' is invalid. Using default page load timeout: '60'&#xD;
&#xD;
2019-11-07 11:47:41 - [MESSAGE][PASSED] - Tapped on element 'Object Repository/TopUP/BankTransferDrop'&#xD;
&#xD;
2019-11-07 11:47:41 - [TEST_STEP][PASSED] - tap(findTestObject("TopUP/BCAPaymentButton"), 0): Tapped on element 'Object Repository/TopUP/BCAPaymentButton'&#xD;
&#xD;
2019-11-07 11:47:41 - [MESSAGE][WARNING] - Timeout '0' is invalid. Using default page load timeout: '60'&#xD;
&#xD;
2019-11-07 11:47:44 - [MESSAGE][PASSED] - Tapped on element 'Object Repository/TopUP/BCAPaymentButton'&#xD;
&#xD;
2019-11-07 11:47:44 - [TEST_STEP][PASSED] - ScrollUpDown.UpDown(52, 1891, 52, 1891): ScrollUpDown.UpDown is PASSED&#xD;
&#xD;
2019-11-07 11:47:45 - [MESSAGE][PASSED] - Current device physical height is 2131&#xD;
&#xD;
2019-11-07 11:47:46 - [MESSAGE][PASSED] - Current device physical width is 1080&#xD;
&#xD;
2019-11-07 11:47:48 - [MESSAGE][PASSED] - Swiped from 540,1,491 to 540,639&#xD;
&#xD;
2019-11-07 11:47:48 - [MESSAGE][PASSED] - ScrollUpDown.UpDown is PASSED&#xD;
&#xD;
2019-11-07 11:47:48 - [TEST_STEP][PASSED] - pressHome(): Home button is pressed&#xD;
&#xD;
2019-11-07 11:47:48 - [MESSAGE][PASSED] - Home button is pressed&#xD;
&#xD;
2019-11-07 11:47:48 - [TEST_STEP][PASSED] - delay(4, STOP_ON_FAILURE): Delayed 4 second(s)&#xD;
&#xD;
2019-11-07 11:47:53 - [MESSAGE][PASSED] - Delayed 4 second(s)&#xD;
&#xD;
2019-11-07 11:47:53 - [TEST_STEP][PASSED] - switch ("Result"): null&#xD;
&#xD;
2019-11-07 11:47:53 - [TEST_STEP][PASSED] - Start listener action : addFailedTCToList: null</system-out>
            <system-err></system-err>
        </testcase>
        <testcase name="Test Cases/TopUP/TopUP" classname="Test Cases/TopUP/TopUP" status="PASSED">
            <system-out>2019-11-07 11:47:53 - [TEST_CASE][PASSED] - Test Cases/TopUP/TopUP: Test Cases/TopUP/TopUP&#xD;
&#xD;
2019-11-07 11:47:53 - [TEST_STEP][PASSED] - Start listener action : executeRows: null&#xD;
&#xD;
2019-11-07 11:47:53 - [TEST_STEP][PASSED] - startApplication("C:/Users/Marvin/git/ACCBid-Mobile/accbid.apk", false): Started app at: 'C:\Users\Marvin\git\ACCBid-Mobile\accbid.apk'&#xD;
&#xD;
2019-11-07 11:47:53 - [MESSAGE][INFO] - User set preference: ['unicodeKeyboard', 'true']&#xD;
&#xD;
2019-11-07 11:47:53 - [MESSAGE][INFO] - User set preference: ['resetKeyboard', 'true']&#xD;
&#xD;
2019-11-07 11:47:53 - [MESSAGE][INFO] - User set preference: ['deviceId', '']&#xD;
&#xD;
2019-11-07 11:48:18 - [MESSAGE][PASSED] - Started app at: 'C:\Users\Marvin\git\ACCBid-Mobile\accbid.apk'&#xD;
&#xD;
2019-11-07 11:48:18 - [TEST_STEP][PASSED] - getDeviceHeight(): Current device physical height is 2131&#xD;
&#xD;
2019-11-07 11:48:19 - [MESSAGE][PASSED] - Current device physical height is 2131&#xD;
&#xD;
2019-11-07 11:48:19 - [TEST_STEP][PASSED] - getDeviceWidth(): Current device physical width is 1080&#xD;
&#xD;
2019-11-07 11:48:19 - [MESSAGE][PASSED] - Current device physical width is 1080&#xD;
&#xD;
2019-11-07 11:48:19 - [TEST_STEP][PASSED] - tap(findTestObject("TopUP/BTN_Deposit"), 0): Tapped on element 'Object Repository/TopUP/BTN_Deposit'&#xD;
&#xD;
2019-11-07 11:48:19 - [MESSAGE][WARNING] - Timeout '0' is invalid. Using default page load timeout: '60'&#xD;
&#xD;
2019-11-07 11:48:27 - [MESSAGE][PASSED] - Tapped on element 'Object Repository/TopUP/BTN_Deposit'&#xD;
&#xD;
2019-11-07 11:48:27 - [TEST_STEP][PASSED] - tap(findTestObject("TopUP/Btn_TopUP"), 0): Tapped on element 'Object Repository/TopUP/Btn_TopUP'&#xD;
&#xD;
2019-11-07 11:48:27 - [MESSAGE][WARNING] - Timeout '0' is invalid. Using default page load timeout: '60'&#xD;
&#xD;
2019-11-07 11:48:31 - [MESSAGE][PASSED] - Tapped on element 'Object Repository/TopUP/Btn_TopUP'&#xD;
&#xD;
2019-11-07 11:48:31 - [TEST_STEP][PASSED] - setText(findTestObject("TopUP/InputNominal"), varTopUP, 0): Text '400000' has been set to element 'Object Repository/TopUP/InputNominal'&#xD;
&#xD;
2019-11-07 11:48:31 - [MESSAGE][WARNING] - Timeout '0' is invalid. Using default page load timeout: '60'&#xD;
&#xD;
2019-11-07 11:48:32 - [MESSAGE][PASSED] - Text '400000' has been set to element 'Object Repository/TopUP/InputNominal'&#xD;
&#xD;
2019-11-07 11:48:32 - [TEST_STEP][PASSED] - tap(findTestObject("TopUP/DropDownBank"), 0): Tapped on element 'Object Repository/TopUP/DropDownBank'&#xD;
&#xD;
2019-11-07 11:48:33 - [MESSAGE][WARNING] - Timeout '0' is invalid. Using default page load timeout: '60'&#xD;
&#xD;
2019-11-07 11:48:35 - [MESSAGE][PASSED] - Tapped on element 'Object Repository/TopUP/DropDownBank'&#xD;
&#xD;
2019-11-07 11:48:35 - [TEST_STEP][PASSED] - tap(findTestObject("Kalkulator/Click", ["text":varBank]), 0): Tapped on element 'Object Repository/Kalkulator/Click'&#xD;
&#xD;
2019-11-07 11:48:35 - [MESSAGE][WARNING] - Timeout '0' is invalid. Using default page load timeout: '60'&#xD;
&#xD;
2019-11-07 11:48:37 - [MESSAGE][PASSED] - Tapped on element 'Object Repository/Kalkulator/Click'&#xD;
&#xD;
2019-11-07 11:48:37 - [TEST_STEP][PASSED] - if (verifyElementVisible(findTestObject("TopUP/NotifKelipatan"), 3, OPTIONAL)): Delayed 4 second(s)&#xD;
&#xD;
2019-11-07 11:48:38 - [MESSAGE][PASSED] - Element 'Object Repository/TopUP/NotifKelipatan' is visible&#xD;
&#xD;
2019-11-07 11:48:38 - [TEST_STEP][PASSED] - verifyElementVisible(findTestObject("TopUP/BtnLanjut"), 0, STOP_ON_FAILURE): Element 'Object Repository/TopUP/BtnLanjut' is visible&#xD;
&#xD;
2019-11-07 11:48:38 - [MESSAGE][WARNING] - Timeout '0' is invalid. Using default page load timeout: '60'&#xD;
&#xD;
2019-11-07 11:48:39 - [MESSAGE][PASSED] - Element 'Object Repository/TopUP/BtnLanjut' is visible&#xD;
&#xD;
2019-11-07 11:48:39 - [TEST_STEP][PASSED] - delay(4, STOP_ON_FAILURE): Delayed 4 second(s)&#xD;
&#xD;
2019-11-07 11:48:43 - [MESSAGE][PASSED] - Delayed 4 second(s)&#xD;
&#xD;
2019-11-07 11:48:43 - [TEST_STEP][PASSED] - switch ("Result"): null&#xD;
&#xD;
2019-11-07 11:48:43 - [TEST_STEP][PASSED] - Start listener action : addFailedTCToList: null</system-out>
            <system-err></system-err>
        </testcase>
        <system-out>2019-11-07 11:46:23 - [TEST_SUITE][INCOMPLETE] - TOPUP: null</system-out>
        <system-err>2019-11-07 11:46:23 - [TEST_SUITE][INCOMPLETE] - TOPUP: null</system-err>
    </testsuite>
</testsuites>
