<?xml version="1.0" encoding="UTF-8" standalone="yes"?>
<testsuites name="TOPUP" time="85" tests="1" failures="0" errors="0">
    <testsuite name="TOPUP" tests="1" failures="0" errors="0" time="85" timestamp="2019-10-31 10:59:51" hostname="Marvin - DESKTOP-98KC72N" id="Test Suites/TopUP/TOPUP">
        <properties>
            <property name="deviceName" value="samsung SM-A505F (Android 9)"/>
            <property name="devicePlatform" value=""/>
            <property name="logFolder" value="C:\\Users\\Marvin\\git\\ACCBid-Mobile\\Reports\\20191031_105941\\TopUP\\TOPUP\\20191031_105941"/>
            <property name="logFiles" value="C:\\Users\\Marvin\\git\\ACCBid-Mobile\\Reports\\20191031_105941\\TopUP\\TOPUP\\20191031_105941\\appium.log, C:\\Users\\Marvin\\git\\ACCBid-Mobile\\Reports\\20191031_105941\\TopUP\\TOPUP\\20191031_105941\\execution0.log"/>
            <property name="attachments" value=""/>
            <property name="hostName" value="Marvin - DESKTOP-98KC72N"/>
            <property name="os" value="Windows 10 64bit"/>
            <property name="appiumServerStatus" value="{\&quot;status\&quot;:0,\&quot;value\&quot;:{\&quot;build\&quot;:{\&quot;version\&quot;:\&quot;1.12.1\&quot;}},\&quot;sessionId\&quot;:null}"/>
            <property name="katalonVersion" value="6.3.3.11"/>
            <property name="deviceOS" value="Android"/>
            <property name="appiumVersion" value="1.12.1"/>
            <property name="deviceModel" value="SM-A505F"/>
            <property name="hostAddress" value="192.168.56.1"/>
            <property name="deviceManufacturer" value="samsung"/>
            <property name="deviceId" value="RR8M30NJEFN"/>
            <property name="deviceName" value="samsung SM-A505F (Android 9)"/>
            <property name="deviceOSVersion" value="9"/>
        </properties>
        <testcase name="Test Cases/TopUP/TopUP" classname="Test Cases/TopUP/TopUP" status="PASSED">
            <system-out>2019-10-31 10:59:53 - [TEST_CASE][PASSED] - Test Cases/TopUP/TopUP: Test Cases/TopUP/TopUP&#xD;
&#xD;
2019-10-31 10:59:54 - [TEST_STEP][PASSED] - startApplication("C:/Users/Marvin/git/ACCBid-Mobile/accbid.apk", false): Started app at: 'C:\Users\Marvin\git\ACCBid-Mobile\accbid.apk'&#xD;
&#xD;
2019-10-31 10:59:55 - [MESSAGE][INFO] - User set preference: ['unicodeKeyboard', 'true']&#xD;
&#xD;
2019-10-31 10:59:55 - [MESSAGE][INFO] - User set preference: ['resetKeyboard', 'true']&#xD;
&#xD;
2019-10-31 10:59:55 - [MESSAGE][INFO] - User set preference: ['deviceId', '']&#xD;
&#xD;
2019-10-31 11:00:06 - [MESSAGE][INFO] - Appium server started on port 58,059&#xD;
&#xD;
2019-10-31 11:00:37 - [MESSAGE][PASSED] - Started app at: 'C:\Users\Marvin\git\ACCBid-Mobile\accbid.apk'&#xD;
&#xD;
2019-10-31 11:00:37 - [TEST_STEP][PASSED] - getDeviceHeight(): Current device physical height is 2131&#xD;
&#xD;
2019-10-31 11:00:38 - [MESSAGE][PASSED] - Current device physical height is 2131&#xD;
&#xD;
2019-10-31 11:00:38 - [TEST_STEP][PASSED] - getDeviceWidth(): Current device physical width is 1080&#xD;
&#xD;
2019-10-31 11:00:39 - [MESSAGE][PASSED] - Current device physical width is 1080&#xD;
&#xD;
2019-10-31 11:00:39 - [TEST_STEP][PASSED] - tap(findTestObject("TopUP/BTN_Deposit"), 0): Tapped on element 'Object Repository/TopUP/BTN_Deposit'&#xD;
&#xD;
2019-10-31 11:00:39 - [MESSAGE][WARNING] - Timeout '0' is invalid. Using default page load timeout: '60'&#xD;
&#xD;
2019-10-31 11:00:44 - [MESSAGE][PASSED] - Tapped on element 'Object Repository/TopUP/BTN_Deposit'&#xD;
&#xD;
2019-10-31 11:00:44 - [TEST_STEP][PASSED] - tap(findTestObject("TopUP/Btn_TopUP"), 0): Tapped on element 'Object Repository/TopUP/Btn_TopUP'&#xD;
&#xD;
2019-10-31 11:00:44 - [MESSAGE][WARNING] - Timeout '0' is invalid. Using default page load timeout: '60'&#xD;
&#xD;
2019-10-31 11:00:49 - [MESSAGE][PASSED] - Tapped on element 'Object Repository/TopUP/Btn_TopUP'&#xD;
&#xD;
2019-10-31 11:00:49 - [TEST_STEP][PASSED] - setText(findTestObject("TopUP/InputNominal"), varTopUP, 0): Text '500000' has been set to element 'Object Repository/TopUP/InputNominal'&#xD;
&#xD;
2019-10-31 11:00:49 - [MESSAGE][WARNING] - Timeout '0' is invalid. Using default page load timeout: '60'&#xD;
&#xD;
2019-10-31 11:00:51 - [MESSAGE][PASSED] - Text '500000' has been set to element 'Object Repository/TopUP/InputNominal'&#xD;
&#xD;
2019-10-31 11:00:51 - [TEST_STEP][PASSED] - tap(findTestObject("TopUP/DropDownBank"), 0): Tapped on element 'Object Repository/TopUP/DropDownBank'&#xD;
&#xD;
2019-10-31 11:00:51 - [MESSAGE][WARNING] - Timeout '0' is invalid. Using default page load timeout: '60'&#xD;
&#xD;
2019-10-31 11:00:53 - [MESSAGE][PASSED] - Tapped on element 'Object Repository/TopUP/DropDownBank'&#xD;
&#xD;
2019-10-31 11:00:53 - [TEST_STEP][PASSED] - tap(findTestObject("Kalkulator/Click", ["text":varBank]), 0): Tapped on element 'Object Repository/Kalkulator/Click'&#xD;
&#xD;
2019-10-31 11:00:54 - [MESSAGE][WARNING] - Timeout '0' is invalid. Using default page load timeout: '60'&#xD;
&#xD;
2019-10-31 11:00:55 - [MESSAGE][PASSED] - Tapped on element 'Object Repository/Kalkulator/Click'&#xD;
&#xD;
2019-10-31 11:00:55 - [TEST_STEP][PASSED] - tap(findTestObject("TopUP/BtnLanjut"), 0): Tapped on element 'Object Repository/TopUP/BtnLanjut'&#xD;
&#xD;
2019-10-31 11:00:56 - [MESSAGE][WARNING] - Timeout '0' is invalid. Using default page load timeout: '60'&#xD;
&#xD;
2019-10-31 11:00:57 - [MESSAGE][PASSED] - Tapped on element 'Object Repository/TopUP/BtnLanjut'&#xD;
&#xD;
2019-10-31 11:00:57 - [TEST_STEP][PASSED] - tap(findTestObject("TopUP/Btn_View"), 0): Tapped on element 'Object Repository/TopUP/Btn_View'&#xD;
&#xD;
2019-10-31 11:00:58 - [MESSAGE][WARNING] - Timeout '0' is invalid. Using default page load timeout: '60'&#xD;
&#xD;
2019-10-31 11:01:06 - [MESSAGE][PASSED] - Tapped on element 'Object Repository/TopUP/Btn_View'&#xD;
&#xD;
2019-10-31 11:01:06 - [TEST_STEP][PASSED] - tap(findTestObject("TopUP/CloseBtn"), 0): Tapped on element 'Object Repository/TopUP/CloseBtn'&#xD;
&#xD;
2019-10-31 11:01:06 - [MESSAGE][WARNING] - Timeout '0' is invalid. Using default page load timeout: '60'&#xD;
&#xD;
2019-10-31 11:01:08 - [MESSAGE][PASSED] - Tapped on element 'Object Repository/TopUP/CloseBtn'&#xD;
&#xD;
2019-10-31 11:01:08 - [TEST_STEP][PASSED] - tap(findTestObject("TopUP/BankTransferDrop"), 0): Tapped on element 'Object Repository/TopUP/BankTransferDrop'&#xD;
&#xD;
2019-10-31 11:01:08 - [MESSAGE][WARNING] - Timeout '0' is invalid. Using default page load timeout: '60'&#xD;
&#xD;
2019-10-31 11:01:11 - [MESSAGE][PASSED] - Tapped on element 'Object Repository/TopUP/BankTransferDrop'&#xD;
&#xD;
2019-10-31 11:01:11 - [TEST_STEP][PASSED] - tap(findTestObject("TopUP/BCAPaymentButton"), 0): Tapped on element 'Object Repository/TopUP/BCAPaymentButton'&#xD;
&#xD;
2019-10-31 11:01:11 - [MESSAGE][WARNING] - Timeout '0' is invalid. Using default page load timeout: '60'&#xD;
&#xD;
2019-10-31 11:01:14 - [MESSAGE][PASSED] - Tapped on element 'Object Repository/TopUP/BCAPaymentButton'&#xD;
&#xD;
2019-10-31 11:01:14 - [TEST_STEP][PASSED] - ScrollUpDown.UpDown(52, 1891, 52, 1891): ScrollUpDown.UpDown is PASSED&#xD;
&#xD;
2019-10-31 11:01:15 - [MESSAGE][PASSED] - Current device physical height is 2131&#xD;
&#xD;
2019-10-31 11:01:15 - [MESSAGE][PASSED] - Current device physical width is 1080&#xD;
&#xD;
2019-10-31 11:01:17 - [MESSAGE][PASSED] - Swiped from 540,639 to 540,1,491&#xD;
&#xD;
2019-10-31 11:01:17 - [MESSAGE][PASSED] - ScrollUpDown.UpDown is PASSED</system-out>
            <system-err></system-err>
        </testcase>
        <system-out>2019-10-31 10:59:51 - [TEST_SUITE][INCOMPLETE] - TOPUP: null</system-out>
        <system-err>2019-10-31 10:59:51 - [TEST_SUITE][INCOMPLETE] - TOPUP: null</system-err>
    </testsuite>
</testsuites>
