<?xml version="1.0" encoding="UTF-8"?>
<testsuites name="ACC Bid" time="308.201" tests="3" failures="0" errors="0">
   <testsuite name="ACC Bid" tests="3" failures="0" errors="0" time="308.201" timestamp="2019-12-12 14:11:55" hostname="15420 - 10.7.8.181" id="Test Suites/ACC Bid">
      <properties>
         <property name="deviceName" value="samsung SM-A505F (Android 9)"/>
         <property name="devicePlatform" value=""/>
         <property name="logFolder" value="C:\\Users\\15420\\git\\ACCBid-Mobile99\\Reports\\20191212_141137\\ACC Bid\\20191212_141137"/>
         <property name="logFiles" value="C:\\Users\\15420\\git\\ACCBid-Mobile99\\Reports\\20191212_141137\\ACC Bid\\20191212_141137\\appium.log, C:\\Users\\15420\\git\\ACCBid-Mobile99\\Reports\\20191212_141137\\ACC Bid\\20191212_141137\\execution0.log"/>
         <property name="attachments" value=""/>
         <property name="hostName" value="15420 - 10.7.8.181"/>
         <property name="os" value="Windows 10 64bit"/>
         <property name="appiumServerStatus" value="{\&quot;status\&quot;:0,\&quot;value\&quot;:{\&quot;build\&quot;:{\&quot;version\&quot;:\&quot;1.12.1\&quot;}},\&quot;sessionId\&quot;:null}"/>
         <property name="katalonVersion" value="7.0.7.1"/>
         <property name="deviceOS" value="Android"/>
         <property name="appiumVersion" value="1.12.1"/>
         <property name="deviceModel" value="SM-A505F"/>
         <property name="hostAddress" value="10.7.8.181"/>
         <property name="deviceManufacturer" value="samsung"/>
         <property name="deviceId" value="RR8M30NJEFN"/>
         <property name="deviceName" value="samsung SM-A505F (Android 9)"/>
         <property name="deviceOSVersion" value="9"/>
      </properties>
      <testcase name="Test Cases/Christi/Task 18 (Kritik dan Saran)" time="116.116" classname="Test Cases/Christi/Task 18 (Kritik dan Saran)" status="PASSED">
         <system-out><![CDATA[2019-12-12 14:11:56 - [TEST_CASE][PASSED] - Test Cases/Christi/Task 18 (Kritik dan Saran): Test Cases/Christi/Task 18 (Kritik dan Saran)

2019-12-12 14:11:57 - [TEST_STEP][NOT_RUN] - callTestCase(findTestCase("Christi/User_Login"), ["email":"christiantiangelin@gmail.com", "password":"Chr!st1"], STOP_ON_FAILURE): NOT_RUN: callTestCase(findTestCase("Christi/User_Login"), ["email":"christiantiangelin@gmail.com", "password":"Chr!st1"], STOP_ON_FAILURE)

2019-12-12 14:11:57 - [MESSAGE][NOT_RUN] - NOT_RUN: callTestCase(findTestCase("Christi/User_Login"), ["email":"christiantiangelin@gmail.com", "password":"Chr!st1"], STOP_ON_FAILURE)

2019-12-12 14:11:57 - [TEST_STEP][PASSED] - startApplication("C:\Users\15420\git\ACCBid-Mobile99\accbid.apk", false): Started app at: 'C:\Users\15420\git\ACCBid-Mobile99\accbid.apk'

2019-12-12 14:11:57 - [MESSAGE][INFO] - User set preference: ['unicodeKeyboard', 'true']

2019-12-12 14:11:57 - [MESSAGE][INFO] - User set preference: ['resetKeyboard', 'true']

2019-12-12 14:11:57 - [MESSAGE][INFO] - User set preference: ['deviceId', '']

2019-12-12 14:12:14 - [MESSAGE][INFO] - Appium server started on port 59,941

2019-12-12 14:12:54 - [MESSAGE][PASSED] - Started app at: 'C:\Users\15420\git\ACCBid-Mobile99\accbid.apk'

2019-12-12 14:12:54 - [TEST_STEP][PASSED] - delay(15): Delayed 15 second(s)

2019-12-12 14:13:09 - [MESSAGE][PASSED] - Delayed 15 second(s)

2019-12-12 14:13:09 - [TEST_STEP][NOT_RUN] - tap(findTestObject("Page_Login/AKUN"), 0): NOT_RUN: tap(findTestObject("Page_Login/AKUN"), 0)

2019-12-12 14:13:09 - [MESSAGE][NOT_RUN] - NOT_RUN: tap(findTestObject("Page_Login/AKUN"), 0)

2019-12-12 14:13:09 - [TEST_STEP][PASSED] - tap(findTestObject("akun"), 0): Tapped on element 'Object Repository/akun'

2019-12-12 14:13:10 - [MESSAGE][WARNING] - Timeout '0' is invalid. Using default page load timeout: '60'

2019-12-12 14:13:15 - [MESSAGE][PASSED] - Tapped on element 'Object Repository/akun'

2019-12-12 14:13:15 - [TEST_STEP][PASSED] - delay(3): Delayed 3 second(s)

2019-12-12 14:13:18 - [MESSAGE][PASSED] - Delayed 3 second(s)

2019-12-12 14:13:18 - [TEST_STEP][PASSED] - tap(findTestObject("thara/Kritik  Saran"), 0): Tapped on element 'Object Repository/thara/Kritik  Saran'

2019-12-12 14:13:18 - [MESSAGE][WARNING] - Timeout '0' is invalid. Using default page load timeout: '60'

2019-12-12 14:13:22 - [MESSAGE][PASSED] - Tapped on element 'Object Repository/thara/Kritik  Saran'

2019-12-12 14:13:22 - [TEST_STEP][PASSED] - delay(3): Delayed 3 second(s)

2019-12-12 14:13:25 - [MESSAGE][PASSED] - Delayed 3 second(s)

2019-12-12 14:13:25 - [TEST_STEP][PASSED] - tap(findTestObject("thara/Kritik  Saran Produk"), 0): Tapped on element 'Object Repository/thara/Kritik  Saran Produk'

2019-12-12 14:13:25 - [MESSAGE][WARNING] - Timeout '0' is invalid. Using default page load timeout: '60'

2019-12-12 14:13:28 - [MESSAGE][PASSED] - Tapped on element 'Object Repository/thara/Kritik  Saran Produk'

2019-12-12 14:13:28 - [TEST_STEP][PASSED] - delay(3): Delayed 3 second(s)

2019-12-12 14:13:31 - [MESSAGE][PASSED] - Delayed 3 second(s)

2019-12-12 14:13:31 - [TEST_STEP][PASSED] - switch (expected.toString()): null

2019-12-12 14:13:31 - [TEST_STEP][PASSED] - case "failed":: null

2019-12-12 14:13:31 - [TEST_STEP][PASSED] - tap(findTestObject("Kritik Saran/btn submit"), 0): Tapped on element 'Object Repository/Kritik Saran/btn submit'

2019-12-12 14:13:31 - [MESSAGE][WARNING] - Timeout '0' is invalid. Using default page load timeout: '60'

2019-12-12 14:13:33 - [MESSAGE][PASSED] - Tapped on element 'Object Repository/Kritik Saran/btn submit'

2019-12-12 14:13:33 - [TEST_STEP][PASSED] - delay(5): Delayed 5 second(s)

2019-12-12 14:13:38 - [MESSAGE][PASSED] - Delayed 5 second(s)

2019-12-12 14:13:38 - [TEST_STEP][PASSED] - verifyElementVisible(findTestObject("ACC Bid/android.view.error.empty.input"), 0): Element 'Object Repository/ACC Bid/android.view.error.empty.input' is visible

2019-12-12 14:13:39 - [MESSAGE][WARNING] - Timeout '0' is invalid. Using default page load timeout: '60'

2019-12-12 14:13:42 - [MESSAGE][PASSED] - Element 'Object Repository/ACC Bid/android.view.error.empty.input' is visible

2019-12-12 14:13:42 - [TEST_STEP][PASSED] - break: null

2019-12-12 14:13:42 - [TEST_STEP][PASSED] - delay(7): Delayed 7 second(s)

2019-12-12 14:13:49 - [MESSAGE][PASSED] - Delayed 7 second(s)

2019-12-12 14:13:49 - [TEST_STEP][PASSED] - closeApplication(): Close app successfully

2019-12-12 14:13:52 - [MESSAGE][PASSED] - Close app successfully]]></system-out>
         <system-err><![CDATA[]]></system-err>
      </testcase>
      <testcase name="Test Cases/Christi/Task 18 (Kritik dan Saran)" time="95.596" classname="Test Cases/Christi/Task 18 (Kritik dan Saran)" status="PASSED">
         <system-out><![CDATA[2019-12-12 14:13:52 - [TEST_CASE][PASSED] - Test Cases/Christi/Task 18 (Kritik dan Saran): Test Cases/Christi/Task 18 (Kritik dan Saran)

2019-12-12 14:13:52 - [TEST_STEP][NOT_RUN] - callTestCase(findTestCase("Christi/User_Login"), ["email":"christiantiangelin@gmail.com", "password":"Chr!st1"], STOP_ON_FAILURE): NOT_RUN: callTestCase(findTestCase("Christi/User_Login"), ["email":"christiantiangelin@gmail.com", "password":"Chr!st1"], STOP_ON_FAILURE)

2019-12-12 14:13:52 - [MESSAGE][NOT_RUN] - NOT_RUN: callTestCase(findTestCase("Christi/User_Login"), ["email":"christiantiangelin@gmail.com", "password":"Chr!st1"], STOP_ON_FAILURE)

2019-12-12 14:13:52 - [TEST_STEP][PASSED] - startApplication("C:\Users\15420\git\ACCBid-Mobile99\accbid.apk", false): Started app at: 'C:\Users\15420\git\ACCBid-Mobile99\accbid.apk'

2019-12-12 14:13:52 - [MESSAGE][INFO] - User set preference: ['unicodeKeyboard', 'true']

2019-12-12 14:13:52 - [MESSAGE][INFO] - User set preference: ['resetKeyboard', 'true']

2019-12-12 14:13:52 - [MESSAGE][INFO] - User set preference: ['deviceId', '']

2019-12-12 14:14:02 - [MESSAGE][INFO] - Appium server started on port 60,246

2019-12-12 14:14:35 - [MESSAGE][PASSED] - Started app at: 'C:\Users\15420\git\ACCBid-Mobile99\accbid.apk'

2019-12-12 14:14:35 - [TEST_STEP][PASSED] - delay(15): Delayed 15 second(s)

2019-12-12 14:14:50 - [MESSAGE][PASSED] - Delayed 15 second(s)

2019-12-12 14:14:50 - [TEST_STEP][NOT_RUN] - tap(findTestObject("Page_Login/AKUN"), 0): NOT_RUN: tap(findTestObject("Page_Login/AKUN"), 0)

2019-12-12 14:14:50 - [MESSAGE][NOT_RUN] - NOT_RUN: tap(findTestObject("Page_Login/AKUN"), 0)

2019-12-12 14:14:50 - [TEST_STEP][PASSED] - tap(findTestObject("akun"), 0): Tapped on element 'Object Repository/akun'

2019-12-12 14:14:50 - [MESSAGE][WARNING] - Timeout '0' is invalid. Using default page load timeout: '60'

2019-12-12 14:14:55 - [MESSAGE][PASSED] - Tapped on element 'Object Repository/akun'

2019-12-12 14:14:55 - [TEST_STEP][PASSED] - delay(3): Delayed 3 second(s)

2019-12-12 14:14:58 - [MESSAGE][PASSED] - Delayed 3 second(s)

2019-12-12 14:14:58 - [TEST_STEP][PASSED] - tap(findTestObject("thara/Kritik  Saran"), 0): Tapped on element 'Object Repository/thara/Kritik  Saran'

2019-12-12 14:14:58 - [MESSAGE][WARNING] - Timeout '0' is invalid. Using default page load timeout: '60'

2019-12-12 14:15:01 - [MESSAGE][PASSED] - Tapped on element 'Object Repository/thara/Kritik  Saran'

2019-12-12 14:15:01 - [TEST_STEP][PASSED] - delay(3): Delayed 3 second(s)

2019-12-12 14:15:04 - [MESSAGE][PASSED] - Delayed 3 second(s)

2019-12-12 14:15:04 - [TEST_STEP][PASSED] - tap(findTestObject("thara/Kritik  Saran Produk"), 0): Tapped on element 'Object Repository/thara/Kritik  Saran Produk'

2019-12-12 14:15:04 - [MESSAGE][WARNING] - Timeout '0' is invalid. Using default page load timeout: '60'

2019-12-12 14:15:07 - [MESSAGE][PASSED] - Tapped on element 'Object Repository/thara/Kritik  Saran Produk'

2019-12-12 14:15:07 - [TEST_STEP][PASSED] - delay(3): Delayed 3 second(s)

2019-12-12 14:15:10 - [MESSAGE][PASSED] - Delayed 3 second(s)

2019-12-12 14:15:10 - [TEST_STEP][PASSED] - switch (expected.toString()): null

2019-12-12 14:15:10 - [TEST_STEP][PASSED] - case "pass":: null

2019-12-12 14:15:10 - [TEST_STEP][PASSED] - setText(findTestObject("thara/textarea"), input_text, 0): Text 'testing input' has been set to element 'Object Repository/thara/textarea'

2019-12-12 14:15:10 - [MESSAGE][WARNING] - Timeout '0' is invalid. Using default page load timeout: '60'

2019-12-12 14:15:12 - [MESSAGE][PASSED] - Text 'testing input' has been set to element 'Object Repository/thara/textarea'

2019-12-12 14:15:12 - [TEST_STEP][PASSED] - delay(3): Delayed 3 second(s)

2019-12-12 14:15:15 - [MESSAGE][PASSED] - Delayed 3 second(s)

2019-12-12 14:15:15 - [TEST_STEP][PASSED] - tap(findTestObject("Kritik Saran/btn submit"), 0): Tapped on element 'Object Repository/Kritik Saran/btn submit'

2019-12-12 14:15:16 - [MESSAGE][WARNING] - Timeout '0' is invalid. Using default page load timeout: '60'

2019-12-12 14:15:18 - [MESSAGE][PASSED] - Tapped on element 'Object Repository/Kritik Saran/btn submit'

2019-12-12 14:15:18 - [TEST_STEP][PASSED] - break: null

2019-12-12 14:15:18 - [TEST_STEP][PASSED] - delay(7): Delayed 7 second(s)

2019-12-12 14:15:25 - [MESSAGE][PASSED] - Delayed 7 second(s)

2019-12-12 14:15:25 - [TEST_STEP][PASSED] - closeApplication(): Close app successfully

2019-12-12 14:15:28 - [MESSAGE][PASSED] - Close app successfully]]></system-out>
         <system-err><![CDATA[]]></system-err>
      </testcase>
      <testcase name="Test Cases/Christi/Task 18 (Kritik dan Saran)" time="95.434" classname="Test Cases/Christi/Task 18 (Kritik dan Saran)" status="PASSED">
         <system-out><![CDATA[2019-12-12 14:15:28 - [TEST_CASE][PASSED] - Test Cases/Christi/Task 18 (Kritik dan Saran): Test Cases/Christi/Task 18 (Kritik dan Saran)

2019-12-12 14:15:28 - [TEST_STEP][NOT_RUN] - callTestCase(findTestCase("Christi/User_Login"), ["email":"christiantiangelin@gmail.com", "password":"Chr!st1"], STOP_ON_FAILURE): NOT_RUN: callTestCase(findTestCase("Christi/User_Login"), ["email":"christiantiangelin@gmail.com", "password":"Chr!st1"], STOP_ON_FAILURE)

2019-12-12 14:15:28 - [MESSAGE][NOT_RUN] - NOT_RUN: callTestCase(findTestCase("Christi/User_Login"), ["email":"christiantiangelin@gmail.com", "password":"Chr!st1"], STOP_ON_FAILURE)

2019-12-12 14:15:28 - [TEST_STEP][PASSED] - startApplication("C:\Users\15420\git\ACCBid-Mobile99\accbid.apk", false): Started app at: 'C:\Users\15420\git\ACCBid-Mobile99\accbid.apk'

2019-12-12 14:15:28 - [MESSAGE][INFO] - User set preference: ['unicodeKeyboard', 'true']

2019-12-12 14:15:28 - [MESSAGE][INFO] - User set preference: ['resetKeyboard', 'true']

2019-12-12 14:15:28 - [MESSAGE][INFO] - User set preference: ['deviceId', '']

2019-12-12 14:15:36 - [MESSAGE][INFO] - Appium server started on port 60,524

2019-12-12 14:16:08 - [MESSAGE][PASSED] - Started app at: 'C:\Users\15420\git\ACCBid-Mobile99\accbid.apk'

2019-12-12 14:16:08 - [TEST_STEP][PASSED] - delay(15): Delayed 15 second(s)

2019-12-12 14:16:23 - [MESSAGE][PASSED] - Delayed 15 second(s)

2019-12-12 14:16:23 - [TEST_STEP][NOT_RUN] - tap(findTestObject("Page_Login/AKUN"), 0): NOT_RUN: tap(findTestObject("Page_Login/AKUN"), 0)

2019-12-12 14:16:23 - [MESSAGE][NOT_RUN] - NOT_RUN: tap(findTestObject("Page_Login/AKUN"), 0)

2019-12-12 14:16:23 - [TEST_STEP][PASSED] - tap(findTestObject("akun"), 0): Tapped on element 'Object Repository/akun'

2019-12-12 14:16:23 - [MESSAGE][WARNING] - Timeout '0' is invalid. Using default page load timeout: '60'

2019-12-12 14:16:28 - [MESSAGE][PASSED] - Tapped on element 'Object Repository/akun'

2019-12-12 14:16:28 - [TEST_STEP][PASSED] - delay(3): Delayed 3 second(s)

2019-12-12 14:16:31 - [MESSAGE][PASSED] - Delayed 3 second(s)

2019-12-12 14:16:31 - [TEST_STEP][PASSED] - tap(findTestObject("thara/Kritik  Saran"), 0): Tapped on element 'Object Repository/thara/Kritik  Saran'

2019-12-12 14:16:31 - [MESSAGE][WARNING] - Timeout '0' is invalid. Using default page load timeout: '60'

2019-12-12 14:16:35 - [MESSAGE][PASSED] - Tapped on element 'Object Repository/thara/Kritik  Saran'

2019-12-12 14:16:35 - [TEST_STEP][PASSED] - delay(3): Delayed 3 second(s)

2019-12-12 14:16:38 - [MESSAGE][PASSED] - Delayed 3 second(s)

2019-12-12 14:16:38 - [TEST_STEP][PASSED] - tap(findTestObject("thara/Kritik  Saran Produk"), 0): Tapped on element 'Object Repository/thara/Kritik  Saran Produk'

2019-12-12 14:16:38 - [MESSAGE][WARNING] - Timeout '0' is invalid. Using default page load timeout: '60'

2019-12-12 14:16:41 - [MESSAGE][PASSED] - Tapped on element 'Object Repository/thara/Kritik  Saran Produk'

2019-12-12 14:16:41 - [TEST_STEP][PASSED] - delay(3): Delayed 3 second(s)

2019-12-12 14:16:44 - [MESSAGE][PASSED] - Delayed 3 second(s)

2019-12-12 14:16:44 - [TEST_STEP][PASSED] - switch (expected.toString()): null

2019-12-12 14:16:44 - [TEST_STEP][PASSED] - case "pass":: null

2019-12-12 14:16:44 - [TEST_STEP][PASSED] - setText(findTestObject("thara/textarea"), input_text, 0): Text '1234567890' has been set to element 'Object Repository/thara/textarea'

2019-12-12 14:16:44 - [MESSAGE][WARNING] - Timeout '0' is invalid. Using default page load timeout: '60'

2019-12-12 14:16:46 - [MESSAGE][PASSED] - Text '1234567890' has been set to element 'Object Repository/thara/textarea'

2019-12-12 14:16:46 - [TEST_STEP][PASSED] - delay(3): Delayed 3 second(s)

2019-12-12 14:16:49 - [MESSAGE][PASSED] - Delayed 3 second(s)

2019-12-12 14:16:49 - [TEST_STEP][PASSED] - tap(findTestObject("Kritik Saran/btn submit"), 0): Tapped on element 'Object Repository/Kritik Saran/btn submit'

2019-12-12 14:16:50 - [MESSAGE][WARNING] - Timeout '0' is invalid. Using default page load timeout: '60'

2019-12-12 14:16:53 - [MESSAGE][PASSED] - Tapped on element 'Object Repository/Kritik Saran/btn submit'

2019-12-12 14:16:53 - [TEST_STEP][PASSED] - break: null

2019-12-12 14:16:53 - [TEST_STEP][PASSED] - delay(7): Delayed 7 second(s)

2019-12-12 14:17:00 - [MESSAGE][PASSED] - Delayed 7 second(s)

2019-12-12 14:17:00 - [TEST_STEP][PASSED] - closeApplication(): Close app successfully

2019-12-12 14:17:03 - [MESSAGE][PASSED] - Close app successfully]]></system-out>
         <system-err><![CDATA[]]></system-err>
      </testcase>
      <system-out><![CDATA[2019-12-12 14:11:55 - [TEST_SUITE][PASSED] - ACC Bid: Test Cases/Christi/Task 18 (Kritik dan Saran)]]></system-out>
      <system-err><![CDATA[]]></system-err>
   </testsuite>
</testsuites>
