<?xml version="1.0" encoding="UTF-8" standalone="yes"?>
<testsuites name="TOPUP" time="124" tests="2" failures="0" errors="0">
    <testsuite name="TOPUP" tests="2" failures="0" errors="0" time="124" timestamp="2019-11-06 09:06:57" hostname="Marvin - DESKTOP-98KC72N" id="Test Suites/TopUP/TOPUP">
        <properties>
            <property name="deviceName" value="samsung SM-A505F (Android 9)"/>
            <property name="devicePlatform" value=""/>
            <property name="logFolder" value="C:\\Users\\Marvin\\Documents\\GitHub\\ACCBid-Mobile\\Reports\\20191106_090650\\TopUP\\TOPUP\\20191106_090650"/>
            <property name="logFiles" value="C:\\Users\\Marvin\\Documents\\GitHub\\ACCBid-Mobile\\Reports\\20191106_090650\\TopUP\\TOPUP\\20191106_090650\\appium.log, C:\\Users\\Marvin\\Documents\\GitHub\\ACCBid-Mobile\\Reports\\20191106_090650\\TopUP\\TOPUP\\20191106_090650\\execution0.log"/>
            <property name="attachments" value=""/>
            <property name="hostName" value="Marvin - DESKTOP-98KC72N"/>
            <property name="os" value="Windows 10 64bit"/>
            <property name="appiumServerStatus" value="{\&quot;status\&quot;:0,\&quot;value\&quot;:{\&quot;build\&quot;:{\&quot;version\&quot;:\&quot;1.12.1\&quot;}},\&quot;sessionId\&quot;:null}"/>
            <property name="katalonVersion" value="6.3.3.11"/>
            <property name="deviceOS" value="Android"/>
            <property name="appiumVersion" value="1.12.1"/>
            <property name="deviceModel" value="SM-A505F"/>
            <property name="hostAddress" value="192.168.56.1"/>
            <property name="deviceManufacturer" value="samsung"/>
            <property name="deviceId" value="RR8M30NJEFN"/>
            <property name="deviceName" value="samsung SM-A505F (Android 9)"/>
            <property name="deviceOSVersion" value="9"/>
        </properties>
        <testcase name="Test Cases/TopUP/TopUP" classname="Test Cases/TopUP/TopUP" status="PASSED">
            <system-out>2019-11-06 09:06:59 - [TEST_CASE][PASSED] - Test Cases/TopUP/TopUP: Test Cases/TopUP/TopUP&#xD;
&#xD;
2019-11-06 09:06:59 - [TEST_STEP][PASSED] - Start listener action : executeRows: null&#xD;
&#xD;
2019-11-06 09:07:03 - [TEST_STEP][PASSED] - startApplication("C:/Users/Marvin/git/ACCBid-Mobile/accbid.apk", false): Started app at: 'C:\Users\Marvin\git\ACCBid-Mobile\accbid.apk'&#xD;
&#xD;
2019-11-06 09:07:03 - [MESSAGE][INFO] - User set preference: ['unicodeKeyboard', 'true']&#xD;
&#xD;
2019-11-06 09:07:03 - [MESSAGE][INFO] - User set preference: ['resetKeyboard', 'true']&#xD;
&#xD;
2019-11-06 09:07:03 - [MESSAGE][INFO] - User set preference: ['deviceId', '']&#xD;
&#xD;
2019-11-06 09:07:12 - [MESSAGE][INFO] - Appium server started on port 55,373&#xD;
&#xD;
2019-11-06 09:07:40 - [MESSAGE][PASSED] - Started app at: 'C:\Users\Marvin\git\ACCBid-Mobile\accbid.apk'&#xD;
&#xD;
2019-11-06 09:07:40 - [TEST_STEP][PASSED] - getDeviceHeight(): Current device physical height is 2131&#xD;
&#xD;
2019-11-06 09:07:41 - [MESSAGE][PASSED] - Current device physical height is 2131&#xD;
&#xD;
2019-11-06 09:07:41 - [TEST_STEP][PASSED] - getDeviceWidth(): Current device physical width is 1080&#xD;
&#xD;
2019-11-06 09:07:42 - [MESSAGE][PASSED] - Current device physical width is 1080&#xD;
&#xD;
2019-11-06 09:07:42 - [TEST_STEP][PASSED] - tap(findTestObject("TopUP/BTN_Deposit"), 0): Tapped on element 'Object Repository/TopUP/BTN_Deposit'&#xD;
&#xD;
2019-11-06 09:07:43 - [MESSAGE][WARNING] - Timeout '0' is invalid. Using default page load timeout: '60'&#xD;
&#xD;
2019-11-06 09:07:47 - [MESSAGE][PASSED] - Tapped on element 'Object Repository/TopUP/BTN_Deposit'&#xD;
&#xD;
2019-11-06 09:07:47 - [TEST_STEP][PASSED] - tap(findTestObject("TopUP/Btn_TopUP"), 0): Tapped on element 'Object Repository/TopUP/Btn_TopUP'&#xD;
&#xD;
2019-11-06 09:07:47 - [MESSAGE][WARNING] - Timeout '0' is invalid. Using default page load timeout: '60'&#xD;
&#xD;
2019-11-06 09:07:50 - [MESSAGE][PASSED] - Tapped on element 'Object Repository/TopUP/Btn_TopUP'&#xD;
&#xD;
2019-11-06 09:07:50 - [TEST_STEP][PASSED] - setText(findTestObject("TopUP/InputNominal"), varTopUP, 0): Text '500000' has been set to element 'Object Repository/TopUP/InputNominal'&#xD;
&#xD;
2019-11-06 09:07:51 - [MESSAGE][WARNING] - Timeout '0' is invalid. Using default page load timeout: '60'&#xD;
&#xD;
2019-11-06 09:07:52 - [MESSAGE][PASSED] - Text '500000' has been set to element 'Object Repository/TopUP/InputNominal'&#xD;
&#xD;
2019-11-06 09:07:52 - [TEST_STEP][PASSED] - tap(findTestObject("TopUP/DropDownBank"), 0): Tapped on element 'Object Repository/TopUP/DropDownBank'&#xD;
&#xD;
2019-11-06 09:07:52 - [MESSAGE][WARNING] - Timeout '0' is invalid. Using default page load timeout: '60'&#xD;
&#xD;
2019-11-06 09:07:54 - [MESSAGE][PASSED] - Tapped on element 'Object Repository/TopUP/DropDownBank'&#xD;
&#xD;
2019-11-06 09:07:54 - [TEST_STEP][PASSED] - tap(findTestObject("Kalkulator/Click", ["text":varBank]), 0): Tapped on element 'Object Repository/Kalkulator/Click'&#xD;
&#xD;
2019-11-06 09:07:55 - [MESSAGE][WARNING] - Timeout '0' is invalid. Using default page load timeout: '60'&#xD;
&#xD;
2019-11-06 09:07:57 - [MESSAGE][PASSED] - Tapped on element 'Object Repository/Kalkulator/Click'&#xD;
&#xD;
2019-11-06 09:07:57 - [TEST_STEP][PASSED] - if (expected == "Pass"): Home button is pressed&#xD;
&#xD;
2019-11-06 09:07:57 - [TEST_STEP][PASSED] - tap(findTestObject("TopUP/BtnLanjut"), 0): Tapped on element 'Object Repository/TopUP/BtnLanjut'&#xD;
&#xD;
2019-11-06 09:07:57 - [MESSAGE][WARNING] - Timeout '0' is invalid. Using default page load timeout: '60'&#xD;
&#xD;
2019-11-06 09:07:59 - [MESSAGE][PASSED] - Tapped on element 'Object Repository/TopUP/BtnLanjut'&#xD;
&#xD;
2019-11-06 09:07:59 - [TEST_STEP][PASSED] - tap(findTestObject("TopUP/Btn_View"), 0): Tapped on element 'Object Repository/TopUP/Btn_View'&#xD;
&#xD;
2019-11-06 09:07:59 - [MESSAGE][WARNING] - Timeout '0' is invalid. Using default page load timeout: '60'&#xD;
&#xD;
2019-11-06 09:08:05 - [MESSAGE][PASSED] - Tapped on element 'Object Repository/TopUP/Btn_View'&#xD;
&#xD;
2019-11-06 09:08:05 - [TEST_STEP][PASSED] - tap(findTestObject("TopUP/CloseBtn"), 0): Tapped on element 'Object Repository/TopUP/CloseBtn'&#xD;
&#xD;
2019-11-06 09:08:05 - [MESSAGE][WARNING] - Timeout '0' is invalid. Using default page load timeout: '60'&#xD;
&#xD;
2019-11-06 09:08:08 - [MESSAGE][PASSED] - Tapped on element 'Object Repository/TopUP/CloseBtn'&#xD;
&#xD;
2019-11-06 09:08:08 - [TEST_STEP][PASSED] - tap(findTestObject("TopUP/BankTransferDrop"), 0): Tapped on element 'Object Repository/TopUP/BankTransferDrop'&#xD;
&#xD;
2019-11-06 09:08:08 - [MESSAGE][WARNING] - Timeout '0' is invalid. Using default page load timeout: '60'&#xD;
&#xD;
2019-11-06 09:08:10 - [MESSAGE][PASSED] - Tapped on element 'Object Repository/TopUP/BankTransferDrop'&#xD;
&#xD;
2019-11-06 09:08:10 - [TEST_STEP][PASSED] - tap(findTestObject("TopUP/BCAPaymentButton"), 0): Tapped on element 'Object Repository/TopUP/BCAPaymentButton'&#xD;
&#xD;
2019-11-06 09:08:10 - [MESSAGE][WARNING] - Timeout '0' is invalid. Using default page load timeout: '60'&#xD;
&#xD;
2019-11-06 09:08:14 - [MESSAGE][PASSED] - Tapped on element 'Object Repository/TopUP/BCAPaymentButton'&#xD;
&#xD;
2019-11-06 09:08:14 - [TEST_STEP][PASSED] - ScrollUpDown.UpDown(52, 1891, 52, 1891): ScrollUpDown.UpDown is PASSED&#xD;
&#xD;
2019-11-06 09:08:14 - [MESSAGE][PASSED] - Current device physical height is 2131&#xD;
&#xD;
2019-11-06 09:08:15 - [MESSAGE][PASSED] - Current device physical width is 1080&#xD;
&#xD;
2019-11-06 09:08:17 - [MESSAGE][PASSED] - Swiped from 540,1,491 to 540,639&#xD;
&#xD;
2019-11-06 09:08:17 - [MESSAGE][PASSED] - ScrollUpDown.UpDown is PASSED&#xD;
&#xD;
2019-11-06 09:08:17 - [TEST_STEP][PASSED] - pressHome(): Home button is pressed&#xD;
&#xD;
2019-11-06 09:08:17 - [MESSAGE][PASSED] - Home button is pressed&#xD;
&#xD;
2019-11-06 09:08:17 - [TEST_STEP][PASSED] - Start listener action : addFailedTCToList: null</system-out>
            <system-err></system-err>
        </testcase>
        <testcase name="Test Cases/TopUP/TopUP" classname="Test Cases/TopUP/TopUP" status="PASSED">
            <system-out>2019-11-06 09:08:18 - [TEST_CASE][PASSED] - Test Cases/TopUP/TopUP: Test Cases/TopUP/TopUP&#xD;
&#xD;
2019-11-06 09:08:18 - [TEST_STEP][PASSED] - Start listener action : executeRows: null&#xD;
&#xD;
2019-11-06 09:08:18 - [TEST_STEP][PASSED] - startApplication("C:/Users/Marvin/git/ACCBid-Mobile/accbid.apk", false): Started app at: 'C:\Users\Marvin\git\ACCBid-Mobile\accbid.apk'&#xD;
&#xD;
2019-11-06 09:08:18 - [MESSAGE][INFO] - User set preference: ['unicodeKeyboard', 'true']&#xD;
&#xD;
2019-11-06 09:08:18 - [MESSAGE][INFO] - User set preference: ['resetKeyboard', 'true']&#xD;
&#xD;
2019-11-06 09:08:18 - [MESSAGE][INFO] - User set preference: ['deviceId', '']&#xD;
&#xD;
2019-11-06 09:08:42 - [MESSAGE][PASSED] - Started app at: 'C:\Users\Marvin\git\ACCBid-Mobile\accbid.apk'&#xD;
&#xD;
2019-11-06 09:08:42 - [TEST_STEP][PASSED] - getDeviceHeight(): Current device physical height is 2131&#xD;
&#xD;
2019-11-06 09:08:43 - [MESSAGE][PASSED] - Current device physical height is 2131&#xD;
&#xD;
2019-11-06 09:08:43 - [TEST_STEP][PASSED] - getDeviceWidth(): Current device physical width is 1080&#xD;
&#xD;
2019-11-06 09:08:44 - [MESSAGE][PASSED] - Current device physical width is 1080&#xD;
&#xD;
2019-11-06 09:08:44 - [TEST_STEP][PASSED] - tap(findTestObject("TopUP/BTN_Deposit"), 0): Tapped on element 'Object Repository/TopUP/BTN_Deposit'&#xD;
&#xD;
2019-11-06 09:08:44 - [MESSAGE][WARNING] - Timeout '0' is invalid. Using default page load timeout: '60'&#xD;
&#xD;
2019-11-06 09:08:50 - [MESSAGE][PASSED] - Tapped on element 'Object Repository/TopUP/BTN_Deposit'&#xD;
&#xD;
2019-11-06 09:08:50 - [TEST_STEP][PASSED] - tap(findTestObject("TopUP/Btn_TopUP"), 0): Tapped on element 'Object Repository/TopUP/Btn_TopUP'&#xD;
&#xD;
2019-11-06 09:08:50 - [MESSAGE][WARNING] - Timeout '0' is invalid. Using default page load timeout: '60'&#xD;
&#xD;
2019-11-06 09:08:54 - [MESSAGE][PASSED] - Tapped on element 'Object Repository/TopUP/Btn_TopUP'&#xD;
&#xD;
2019-11-06 09:08:54 - [TEST_STEP][PASSED] - setText(findTestObject("TopUP/InputNominal"), varTopUP, 0): Text '400000' has been set to element 'Object Repository/TopUP/InputNominal'&#xD;
&#xD;
2019-11-06 09:08:54 - [MESSAGE][WARNING] - Timeout '0' is invalid. Using default page load timeout: '60'&#xD;
&#xD;
2019-11-06 09:08:56 - [MESSAGE][PASSED] - Text '400000' has been set to element 'Object Repository/TopUP/InputNominal'&#xD;
&#xD;
2019-11-06 09:08:56 - [TEST_STEP][PASSED] - tap(findTestObject("TopUP/DropDownBank"), 0): Tapped on element 'Object Repository/TopUP/DropDownBank'&#xD;
&#xD;
2019-11-06 09:08:56 - [MESSAGE][WARNING] - Timeout '0' is invalid. Using default page load timeout: '60'&#xD;
&#xD;
2019-11-06 09:08:58 - [MESSAGE][PASSED] - Tapped on element 'Object Repository/TopUP/DropDownBank'&#xD;
&#xD;
2019-11-06 09:08:58 - [TEST_STEP][PASSED] - tap(findTestObject("Kalkulator/Click", ["text":varBank]), 0): Tapped on element 'Object Repository/Kalkulator/Click'&#xD;
&#xD;
2019-11-06 09:08:58 - [MESSAGE][WARNING] - Timeout '0' is invalid. Using default page load timeout: '60'&#xD;
&#xD;
2019-11-06 09:09:00 - [MESSAGE][PASSED] - Tapped on element 'Object Repository/Kalkulator/Click'&#xD;
&#xD;
2019-11-06 09:09:00 - [TEST_STEP][PASSED] - if (expected == "Pass"): null&#xD;
&#xD;
2019-11-06 09:09:00 - [TEST_STEP][PASSED] - else if (expected == "Failed"): Pass&#xD;
&#xD;
2019-11-06 09:09:00 - [TEST_STEP][PASSED] - verifyElementVisible(findTestObject("TopUP/BtnLanjut"), 0, STOP_ON_FAILURE): Element 'Object Repository/TopUP/BtnLanjut' is visible&#xD;
&#xD;
2019-11-06 09:09:00 - [MESSAGE][WARNING] - Timeout '0' is invalid. Using default page load timeout: '60'&#xD;
&#xD;
2019-11-06 09:09:01 - [MESSAGE][PASSED] - Element 'Object Repository/TopUP/BtnLanjut' is visible&#xD;
&#xD;
2019-11-06 09:09:01 - [TEST_STEP][PASSED] - comment("Pass"): Pass&#xD;
&#xD;
2019-11-06 09:09:01 - [MESSAGE][INFO] - Pass&#xD;
&#xD;
2019-11-06 09:09:01 - [TEST_STEP][PASSED] - Start listener action : addFailedTCToList: null</system-out>
            <system-err></system-err>
        </testcase>
        <system-out>2019-11-06 09:06:57 - [TEST_SUITE][INCOMPLETE] - TOPUP: null</system-out>
        <system-err>2019-11-06 09:06:57 - [TEST_SUITE][INCOMPLETE] - TOPUP: null</system-err>
    </testsuite>
</testsuites>
