<?xml version="1.0" encoding="UTF-8" standalone="yes"?>
<testsuites name="Penarikan" time="167" tests="3" failures="0" errors="0">
    <testsuite name="Penarikan" tests="3" failures="0" errors="0" time="167" timestamp="2019-11-06 15:33:16" hostname="Marvin - DESKTOP-98KC72N" id="Test Suites/TopUP/Penarikan">
        <properties>
            <property name="deviceName" value="samsung SM-A505F (Android 9)"/>
            <property name="devicePlatform" value=""/>
            <property name="logFolder" value="C:\\Users\\Marvin\\Documents\\GitHub\\ACCBid-Mobile\\Reports\\20191106_153309\\TopUP\\Penarikan\\20191106_153309"/>
            <property name="logFiles" value="C:\\Users\\Marvin\\Documents\\GitHub\\ACCBid-Mobile\\Reports\\20191106_153309\\TopUP\\Penarikan\\20191106_153309\\appium.log, C:\\Users\\Marvin\\Documents\\GitHub\\ACCBid-Mobile\\Reports\\20191106_153309\\TopUP\\Penarikan\\20191106_153309\\execution0.log"/>
            <property name="attachments" value="C:\\Users\\Marvin\\Documents\\GitHub\\ACCBid-Mobile\\Reports\\20191106_153309\\TopUP\\Penarikan\\20191106_153309\\1573029258574.png, C:\\Users\\Marvin\\Documents\\GitHub\\ACCBid-Mobile\\Reports\\20191106_153309\\TopUP\\Penarikan\\20191106_153309\\1573029353721.png"/>
            <property name="hostName" value="Marvin - DESKTOP-98KC72N"/>
            <property name="os" value="Windows 10 64bit"/>
            <property name="appiumServerStatus" value="{\&quot;status\&quot;:0,\&quot;value\&quot;:{\&quot;build\&quot;:{\&quot;version\&quot;:\&quot;1.12.1\&quot;}},\&quot;sessionId\&quot;:null}"/>
            <property name="katalonVersion" value="6.3.3.11"/>
            <property name="deviceOS" value="Android"/>
            <property name="appiumVersion" value="1.12.1"/>
            <property name="deviceModel" value="SM-A505F"/>
            <property name="hostAddress" value="192.168.56.1"/>
            <property name="deviceManufacturer" value="samsung"/>
            <property name="deviceId" value="RR8M30NJEFN"/>
            <property name="deviceName" value="samsung SM-A505F (Android 9)"/>
            <property name="deviceOSVersion" value="9"/>
        </properties>
        <testcase name="Test Cases/TopUP/Penarikan" classname="Test Cases/TopUP/Penarikan" status="PASSED">
            <system-out>2019-11-06 15:33:18 - [TEST_CASE][PASSED] - Test Cases/TopUP/Penarikan: Test Cases/TopUP/Penarikan&#xD;
&#xD;
2019-11-06 15:33:18 - [TEST_STEP][PASSED] - Start listener action : executeRows: null&#xD;
&#xD;
2019-11-06 15:33:22 - [TEST_STEP][PASSED] - startApplication("C:/Users/Marvin/git/ACCBid-Mobile/accbid.apk", false): Started app at: 'C:\Users\Marvin\git\ACCBid-Mobile\accbid.apk'&#xD;
&#xD;
2019-11-06 15:33:23 - [MESSAGE][INFO] - User set preference: ['unicodeKeyboard', 'true']&#xD;
&#xD;
2019-11-06 15:33:23 - [MESSAGE][INFO] - User set preference: ['resetKeyboard', 'true']&#xD;
&#xD;
2019-11-06 15:33:23 - [MESSAGE][INFO] - User set preference: ['deviceId', '']&#xD;
&#xD;
2019-11-06 15:33:33 - [MESSAGE][INFO] - Appium server started on port 55,420&#xD;
&#xD;
2019-11-06 15:34:00 - [MESSAGE][PASSED] - Started app at: 'C:\Users\Marvin\git\ACCBid-Mobile\accbid.apk'&#xD;
&#xD;
2019-11-06 15:34:00 - [TEST_STEP][PASSED] - tap(findTestObject("TopUP/BTN_Deposit"), 0): Tapped on element 'Object Repository/TopUP/BTN_Deposit'&#xD;
&#xD;
2019-11-06 15:34:00 - [MESSAGE][WARNING] - Timeout '0' is invalid. Using default page load timeout: '60'&#xD;
&#xD;
2019-11-06 15:34:08 - [MESSAGE][PASSED] - Tapped on element 'Object Repository/TopUP/BTN_Deposit'&#xD;
&#xD;
2019-11-06 15:34:08 - [TEST_STEP][PASSED] - tap(findTestObject("TopUP/Penarikan/Btn_Penarikan"), 0): Tapped on element 'Object Repository/TopUP/Penarikan/Btn_Penarikan'&#xD;
&#xD;
2019-11-06 15:34:08 - [MESSAGE][WARNING] - Timeout '0' is invalid. Using default page load timeout: '60'&#xD;
&#xD;
2019-11-06 15:34:13 - [MESSAGE][PASSED] - Tapped on element 'Object Repository/TopUP/Penarikan/Btn_Penarikan'&#xD;
&#xD;
2019-11-06 15:34:13 - [TEST_STEP][PASSED] - setText(findTestObject("TopUP/Penarikan/Nominal"), Nominal, 0): Text '500000' has been set to element 'Object Repository/TopUP/Penarikan/Nominal'&#xD;
&#xD;
2019-11-06 15:34:13 - [MESSAGE][WARNING] - Timeout '0' is invalid. Using default page load timeout: '60'&#xD;
&#xD;
2019-11-06 15:34:15 - [MESSAGE][PASSED] - Text '500000' has been set to element 'Object Repository/TopUP/Penarikan/Nominal'&#xD;
&#xD;
2019-11-06 15:34:15 - [TEST_STEP][PASSED] - if (verifyElementVisible(findTestObject("TopUP/Penarikan/PopUpKelipatan"), 3, OPTIONAL)): Element 'Object Repository/TopUP/Penarikan/PopUpKelipatan' not found&#xD;
&#xD;
2019-11-06 15:34:20 - [MESSAGE][WARNING] - Element 'Object Repository/TopUP/Penarikan/PopUpKelipatan' not found&#xD;
[[ATTACHMENT|C:\\Users\\Marvin\\Documents\\GitHub\\ACCBid-Mobile\\Reports\\20191106_153309\\TopUP\\Penarikan\\20191106_153309\\1573029258574.png]]&#xD;
&#xD;
2019-11-06 15:34:20 - [TEST_STEP][PASSED] - else: Element 'Object Repository/TopUP/Penarikan/BTN_Lanjut' is visible&#xD;
&#xD;
2019-11-06 15:34:20 - [TEST_STEP][PASSED] - tap(findTestObject("TopUP/Penarikan/DropDownBank"), 0): Tapped on element 'Object Repository/TopUP/Penarikan/DropDownBank'&#xD;
&#xD;
2019-11-06 15:34:20 - [MESSAGE][WARNING] - Timeout '0' is invalid. Using default page load timeout: '60'&#xD;
&#xD;
2019-11-06 15:34:21 - [MESSAGE][PASSED] - Tapped on element 'Object Repository/TopUP/Penarikan/DropDownBank'&#xD;
&#xD;
2019-11-06 15:34:21 - [TEST_STEP][PASSED] - tap(findTestObject("Kalkulator/Click", ["text":Bank]), 0): Tapped on element 'Object Repository/Kalkulator/Click'&#xD;
&#xD;
2019-11-06 15:34:22 - [MESSAGE][WARNING] - Timeout '0' is invalid. Using default page load timeout: '60'&#xD;
&#xD;
2019-11-06 15:34:24 - [MESSAGE][PASSED] - Tapped on element 'Object Repository/Kalkulator/Click'&#xD;
&#xD;
2019-11-06 15:34:24 - [TEST_STEP][PASSED] - tap(findTestObject("TopUP/Penarikan/BTN_Lanjut"), 0): Tapped on element 'Object Repository/TopUP/Penarikan/BTN_Lanjut'&#xD;
&#xD;
2019-11-06 15:34:24 - [MESSAGE][WARNING] - Timeout '0' is invalid. Using default page load timeout: '60'&#xD;
&#xD;
2019-11-06 15:34:27 - [MESSAGE][PASSED] - Tapped on element 'Object Repository/TopUP/Penarikan/BTN_Lanjut'&#xD;
&#xD;
2019-11-06 15:34:27 - [TEST_STEP][PASSED] - if (verifyElementVisible(findTestObject("TopUP/Penarikan/PopUPPenarikanMelibihiSaldo"), 3, OPTIONAL)): Element 'Object Repository/TopUP/Penarikan/BTN_Lanjut' is visible&#xD;
&#xD;
2019-11-06 15:34:28 - [MESSAGE][PASSED] - Element 'Object Repository/TopUP/Penarikan/PopUPPenarikanMelibihiSaldo' is visible&#xD;
&#xD;
2019-11-06 15:34:28 - [TEST_STEP][PASSED] - verifyElementVisible(findTestObject("TopUP/Penarikan/BTN_Lanjut"), 3, OPTIONAL): Element 'Object Repository/TopUP/Penarikan/BTN_Lanjut' is visible&#xD;
&#xD;
2019-11-06 15:34:29 - [MESSAGE][PASSED] - Element 'Object Repository/TopUP/Penarikan/BTN_Lanjut' is visible&#xD;
&#xD;
2019-11-06 15:34:29 - [TEST_STEP][PASSED] - Start listener action : addFailedTCToList: null</system-out>
            <system-err></system-err>
        </testcase>
        <testcase name="Test Cases/TopUP/Penarikan" classname="Test Cases/TopUP/Penarikan" status="PASSED">
            <system-out>2019-11-06 15:34:29 - [TEST_CASE][PASSED] - Test Cases/TopUP/Penarikan: Test Cases/TopUP/Penarikan&#xD;
&#xD;
2019-11-06 15:34:29 - [TEST_STEP][PASSED] - Start listener action : executeRows: null&#xD;
&#xD;
2019-11-06 15:34:29 - [TEST_STEP][PASSED] - startApplication("C:/Users/Marvin/git/ACCBid-Mobile/accbid.apk", false): Started app at: 'C:\Users\Marvin\git\ACCBid-Mobile\accbid.apk'&#xD;
&#xD;
2019-11-06 15:34:29 - [MESSAGE][INFO] - User set preference: ['unicodeKeyboard', 'true']&#xD;
&#xD;
2019-11-06 15:34:29 - [MESSAGE][INFO] - User set preference: ['resetKeyboard', 'true']&#xD;
&#xD;
2019-11-06 15:34:29 - [MESSAGE][INFO] - User set preference: ['deviceId', '']&#xD;
&#xD;
2019-11-06 15:34:55 - [MESSAGE][PASSED] - Started app at: 'C:\Users\Marvin\git\ACCBid-Mobile\accbid.apk'&#xD;
&#xD;
2019-11-06 15:34:55 - [TEST_STEP][PASSED] - tap(findTestObject("TopUP/BTN_Deposit"), 0): Tapped on element 'Object Repository/TopUP/BTN_Deposit'&#xD;
&#xD;
2019-11-06 15:34:55 - [MESSAGE][WARNING] - Timeout '0' is invalid. Using default page load timeout: '60'&#xD;
&#xD;
2019-11-06 15:35:01 - [MESSAGE][PASSED] - Tapped on element 'Object Repository/TopUP/BTN_Deposit'&#xD;
&#xD;
2019-11-06 15:35:01 - [TEST_STEP][PASSED] - tap(findTestObject("TopUP/Penarikan/Btn_Penarikan"), 0): Tapped on element 'Object Repository/TopUP/Penarikan/Btn_Penarikan'&#xD;
&#xD;
2019-11-06 15:35:01 - [MESSAGE][WARNING] - Timeout '0' is invalid. Using default page load timeout: '60'&#xD;
&#xD;
2019-11-06 15:35:04 - [MESSAGE][PASSED] - Tapped on element 'Object Repository/TopUP/Penarikan/Btn_Penarikan'&#xD;
&#xD;
2019-11-06 15:35:04 - [TEST_STEP][PASSED] - setText(findTestObject("TopUP/Penarikan/Nominal"), Nominal, 0): Text '400000' has been set to element 'Object Repository/TopUP/Penarikan/Nominal'&#xD;
&#xD;
2019-11-06 15:35:05 - [MESSAGE][WARNING] - Timeout '0' is invalid. Using default page load timeout: '60'&#xD;
&#xD;
2019-11-06 15:35:07 - [MESSAGE][PASSED] - Text '400000' has been set to element 'Object Repository/TopUP/Penarikan/Nominal'&#xD;
&#xD;
2019-11-06 15:35:07 - [TEST_STEP][PASSED] - if (verifyElementVisible(findTestObject("TopUP/Penarikan/PopUpKelipatan"), 3, OPTIONAL)): Element 'Object Repository/TopUP/Penarikan/BTN_Lanjut' is visible&#xD;
&#xD;
2019-11-06 15:35:08 - [MESSAGE][PASSED] - Element 'Object Repository/TopUP/Penarikan/PopUpKelipatan' is visible&#xD;
&#xD;
2019-11-06 15:35:08 - [TEST_STEP][PASSED] - verifyElementVisible(findTestObject("TopUP/Penarikan/BTN_Lanjut"), 0, OPTIONAL): Element 'Object Repository/TopUP/Penarikan/BTN_Lanjut' is visible&#xD;
&#xD;
2019-11-06 15:35:08 - [MESSAGE][WARNING] - Timeout '0' is invalid. Using default page load timeout: '60'&#xD;
&#xD;
2019-11-06 15:35:09 - [MESSAGE][PASSED] - Element 'Object Repository/TopUP/Penarikan/BTN_Lanjut' is visible&#xD;
&#xD;
2019-11-06 15:35:09 - [TEST_STEP][PASSED] - Start listener action : addFailedTCToList: null</system-out>
            <system-err></system-err>
        </testcase>
        <testcase name="Test Cases/TopUP/Penarikan" classname="Test Cases/TopUP/Penarikan" status="PASSED">
            <system-out>2019-11-06 15:35:09 - [TEST_CASE][PASSED] - Test Cases/TopUP/Penarikan: Test Cases/TopUP/Penarikan&#xD;
&#xD;
2019-11-06 15:35:09 - [TEST_STEP][PASSED] - Start listener action : executeRows: null&#xD;
&#xD;
2019-11-06 15:35:09 - [TEST_STEP][PASSED] - startApplication("C:/Users/Marvin/git/ACCBid-Mobile/accbid.apk", false): Started app at: 'C:\Users\Marvin\git\ACCBid-Mobile\accbid.apk'&#xD;
&#xD;
2019-11-06 15:35:09 - [MESSAGE][INFO] - User set preference: ['unicodeKeyboard', 'true']&#xD;
&#xD;
2019-11-06 15:35:09 - [MESSAGE][INFO] - User set preference: ['resetKeyboard', 'true']&#xD;
&#xD;
2019-11-06 15:35:09 - [MESSAGE][INFO] - User set preference: ['deviceId', '']&#xD;
&#xD;
2019-11-06 15:35:36 - [MESSAGE][PASSED] - Started app at: 'C:\Users\Marvin\git\ACCBid-Mobile\accbid.apk'&#xD;
&#xD;
2019-11-06 15:35:36 - [TEST_STEP][PASSED] - tap(findTestObject("TopUP/BTN_Deposit"), 0): Tapped on element 'Object Repository/TopUP/BTN_Deposit'&#xD;
&#xD;
2019-11-06 15:35:36 - [MESSAGE][WARNING] - Timeout '0' is invalid. Using default page load timeout: '60'&#xD;
&#xD;
2019-11-06 15:35:44 - [MESSAGE][PASSED] - Tapped on element 'Object Repository/TopUP/BTN_Deposit'&#xD;
&#xD;
2019-11-06 15:35:44 - [TEST_STEP][PASSED] - tap(findTestObject("TopUP/Penarikan/Btn_Penarikan"), 0): Tapped on element 'Object Repository/TopUP/Penarikan/Btn_Penarikan'&#xD;
&#xD;
2019-11-06 15:35:44 - [MESSAGE][WARNING] - Timeout '0' is invalid. Using default page load timeout: '60'&#xD;
&#xD;
2019-11-06 15:35:48 - [MESSAGE][PASSED] - Tapped on element 'Object Repository/TopUP/Penarikan/Btn_Penarikan'&#xD;
&#xD;
2019-11-06 15:35:48 - [TEST_STEP][PASSED] - setText(findTestObject("TopUP/Penarikan/Nominal"), Nominal, 0): Text '500000' has been set to element 'Object Repository/TopUP/Penarikan/Nominal'&#xD;
&#xD;
2019-11-06 15:35:48 - [MESSAGE][WARNING] - Timeout '0' is invalid. Using default page load timeout: '60'&#xD;
&#xD;
2019-11-06 15:35:50 - [MESSAGE][PASSED] - Text '500000' has been set to element 'Object Repository/TopUP/Penarikan/Nominal'&#xD;
&#xD;
2019-11-06 15:35:50 - [TEST_STEP][PASSED] - if (verifyElementVisible(findTestObject("TopUP/Penarikan/PopUpKelipatan"), 3, OPTIONAL)): Element 'Object Repository/TopUP/Penarikan/PopUpKelipatan' not found&#xD;
&#xD;
2019-11-06 15:35:55 - [MESSAGE][WARNING] - Element 'Object Repository/TopUP/Penarikan/PopUpKelipatan' not found&#xD;
[[ATTACHMENT|C:\\Users\\Marvin\\Documents\\GitHub\\ACCBid-Mobile\\Reports\\20191106_153309\\TopUP\\Penarikan\\20191106_153309\\1573029353721.png]]&#xD;
&#xD;
2019-11-06 15:35:55 - [TEST_STEP][PASSED] - else: Element 'Object Repository/TopUP/Penarikan/BTN_Lanjut' is visible&#xD;
&#xD;
2019-11-06 15:35:55 - [TEST_STEP][PASSED] - tap(findTestObject("TopUP/Penarikan/DropDownBank"), 0): Tapped on element 'Object Repository/TopUP/Penarikan/DropDownBank'&#xD;
&#xD;
2019-11-06 15:35:55 - [MESSAGE][WARNING] - Timeout '0' is invalid. Using default page load timeout: '60'&#xD;
&#xD;
2019-11-06 15:35:57 - [MESSAGE][PASSED] - Tapped on element 'Object Repository/TopUP/Penarikan/DropDownBank'&#xD;
&#xD;
2019-11-06 15:35:57 - [TEST_STEP][PASSED] - tap(findTestObject("Kalkulator/Click", ["text":Bank]), 0): Tapped on element 'Object Repository/Kalkulator/Click'&#xD;
&#xD;
2019-11-06 15:35:57 - [MESSAGE][WARNING] - Timeout '0' is invalid. Using default page load timeout: '60'&#xD;
&#xD;
2019-11-06 15:35:58 - [MESSAGE][PASSED] - Tapped on element 'Object Repository/Kalkulator/Click'&#xD;
&#xD;
2019-11-06 15:35:58 - [TEST_STEP][PASSED] - tap(findTestObject("TopUP/Penarikan/BTN_Lanjut"), 0): Tapped on element 'Object Repository/TopUP/Penarikan/BTN_Lanjut'&#xD;
&#xD;
2019-11-06 15:35:59 - [MESSAGE][WARNING] - Timeout '0' is invalid. Using default page load timeout: '60'&#xD;
&#xD;
2019-11-06 15:36:02 - [MESSAGE][PASSED] - Tapped on element 'Object Repository/TopUP/Penarikan/BTN_Lanjut'&#xD;
&#xD;
2019-11-06 15:36:02 - [TEST_STEP][PASSED] - if (verifyElementVisible(findTestObject("TopUP/Penarikan/PopUPPenarikanMelibihiSaldo"), 3, OPTIONAL)): Element 'Object Repository/TopUP/Penarikan/BTN_Lanjut' is visible&#xD;
&#xD;
2019-11-06 15:36:03 - [MESSAGE][PASSED] - Element 'Object Repository/TopUP/Penarikan/PopUPPenarikanMelibihiSaldo' is visible&#xD;
&#xD;
2019-11-06 15:36:03 - [TEST_STEP][PASSED] - verifyElementVisible(findTestObject("TopUP/Penarikan/BTN_Lanjut"), 3, OPTIONAL): Element 'Object Repository/TopUP/Penarikan/BTN_Lanjut' is visible&#xD;
&#xD;
2019-11-06 15:36:04 - [MESSAGE][PASSED] - Element 'Object Repository/TopUP/Penarikan/BTN_Lanjut' is visible&#xD;
&#xD;
2019-11-06 15:36:04 - [TEST_STEP][PASSED] - Start listener action : addFailedTCToList: null</system-out>
            <system-err></system-err>
        </testcase>
        <system-out>2019-11-06 15:33:16 - [TEST_SUITE][INCOMPLETE] - Penarikan: null</system-out>
        <system-err>2019-11-06 15:33:16 - [TEST_SUITE][INCOMPLETE] - Penarikan: null</system-err>
    </testsuite>
</testsuites>
