<?xml version="1.0" encoding="UTF-8"?>
<testsuites name="TOPUP" time="429.499" tests="2" failures="0" errors="0">
   <testsuite name="TOPUP" tests="2" failures="0" errors="0" time="429.499" timestamp="2019-11-14 13:48:01" hostname="Marvin - DESKTOP-98KC72N" id="Test Suites/TopUP/TOPUP">
      <properties>
         <property name="deviceName" value="samsung SM-A505F (Android 9)"/>
         <property name="devicePlatform" value=""/>
         <property name="logFolder" value="C:\\Users\\Marvin\\Documents\\GitHub\\ACCBid-Mobile\\Reports\\20191114_134743\\TopUP\\TOPUP\\20191114_134743"/>
         <property name="logFiles" value="C:\\Users\\Marvin\\Documents\\GitHub\\ACCBid-Mobile\\Reports\\20191114_134743\\TopUP\\TOPUP\\20191114_134743\\appium.log, C:\\Users\\Marvin\\Documents\\GitHub\\ACCBid-Mobile\\Reports\\20191114_134743\\TopUP\\TOPUP\\20191114_134743\\execution0.log"/>
         <property name="attachments" value="C:\\Users\\Marvin\\Documents\\GitHub\\ACCBid-Mobile\\Reports\\20191114_134743\\TopUP\\TOPUP\\20191114_134743\\1573714245940.png, C:\\Users\\Marvin\\Documents\\GitHub\\ACCBid-Mobile\\Reports\\20191114_134743\\TopUP\\TOPUP\\20191114_134743\\1573714308522.png, C:\\Users\\Marvin\\Documents\\GitHub\\ACCBid-Mobile\\Reports\\20191114_134743\\TopUP\\TOPUP\\20191114_134743\\1573714442786.png, C:\\Users\\Marvin\\Documents\\GitHub\\ACCBid-Mobile\\Reports\\20191114_134743\\TopUP\\TOPUP\\20191114_134743\\1573714505149.png"/>
         <property name="hostName" value="Marvin - DESKTOP-98KC72N"/>
         <property name="os" value="Windows 10 64bit"/>
         <property name="appiumServerStatus" value="{\&quot;status\&quot;:0,\&quot;value\&quot;:{\&quot;build\&quot;:{\&quot;version\&quot;:\&quot;1.12.1\&quot;}},\&quot;sessionId\&quot;:null}"/>
         <property name="katalonVersion" value="7.0.8.1"/>
         <property name="deviceOS" value="Android"/>
         <property name="appiumVersion" value="1.12.1"/>
         <property name="deviceModel" value="SM-A505F"/>
         <property name="hostAddress" value="192.168.56.1"/>
         <property name="deviceManufacturer" value="samsung"/>
         <property name="deviceId" value="RR8M30NJEFN"/>
         <property name="deviceName" value="samsung SM-A505F (Android 9)"/>
         <property name="deviceOSVersion" value="9"/>
      </properties>
      <testcase name="Test Cases/TopUP/TopUPNew" time="226.372" classname="Test Cases/TopUP/TopUPNew" status="PASSED">
         <system-out><![CDATA[2019-11-14 13:48:04 - [TEST_CASE][PASSED] - Test Cases/TopUP/TopUPNew: Test Cases/TopUP/TopUPNew

2019-11-14 13:48:05 - [TEST_STEP][PASSED] - Start listener action : executeRows: null

2019-11-14 13:48:13 - [TEST_STEP][PASSED] - startApplication("C:/Users/Marvin/git/ACCBid-Mobile/accbid.apk", false): Started app at: 'C:\Users\Marvin\git\ACCBid-Mobile\accbid.apk'

2019-11-14 13:48:14 - [MESSAGE][INFO] - User set preference: ['unicodeKeyboard', 'true']

2019-11-14 13:48:14 - [MESSAGE][INFO] - User set preference: ['resetKeyboard', 'true']

2019-11-14 13:48:14 - [MESSAGE][INFO] - User set preference: ['deviceId', '']

2019-11-14 13:48:28 - [MESSAGE][INFO] - Appium server started on port 54,934

2019-11-14 13:49:02 - [MESSAGE][PASSED] - Started app at: 'C:\Users\Marvin\git\ACCBid-Mobile\accbid.apk'

2019-11-14 13:49:02 - [TEST_STEP][PASSED] - getDeviceHeight(): Current device physical height is 2131

2019-11-14 13:49:03 - [MESSAGE][PASSED] - Current device physical height is 2131

2019-11-14 13:49:03 - [TEST_STEP][PASSED] - getDeviceWidth(): Current device physical width is 1080

2019-11-14 13:49:04 - [MESSAGE][PASSED] - Current device physical width is 1080

2019-11-14 13:49:04 - [TEST_STEP][PASSED] - tap(findTestObject("TopUP/BTN_Deposit"), 0): Tapped on element 'Object Repository/TopUP/BTN_Deposit'

2019-11-14 13:49:04 - [MESSAGE][WARNING] - Timeout '0' is invalid. Using default page load timeout: '60'

2019-11-14 13:49:11 - [MESSAGE][PASSED] - Tapped on element 'Object Repository/TopUP/BTN_Deposit'

2019-11-14 13:49:11 - [TEST_STEP][PASSED] - if (JenisLelang == "Astria"): null

2019-11-14 13:49:11 - [TEST_STEP][PASSED] - else if (JenisLelang == "IBID"): Press back button successfully

2019-11-14 13:49:11 - [TEST_STEP][PASSED] - mobile.Swipers.RightLeft(0.9, 0.5, 300): mobile.Swipers.RightLeft is PASSED

2019-11-14 13:49:12 - [MESSAGE][PASSED] - Current device physical width is 1080

2019-11-14 13:49:12 - [MESSAGE][PASSED] - Current device physical height is 2131

2019-11-14 13:49:12 - [MESSAGE][INFO] - Device Height : 2131

2019-11-14 13:49:12 - [MESSAGE][INFO] - Device Width : 1080

2019-11-14 13:49:12 - [MESSAGE][INFO] - Swipe start at Width : 971

2019-11-14 13:49:12 - [MESSAGE][INFO] - Swipe end at Witdh : 540

2019-11-14 13:49:12 - [MESSAGE][INFO] - Y Position : 300

2019-11-14 13:49:14 - [MESSAGE][PASSED] - Swiped from 971,300 to 540,300

2019-11-14 13:49:14 - [MESSAGE][PASSED] - mobile.Swipers.RightLeft is PASSED

2019-11-14 13:49:14 - [TEST_STEP][PASSED] - tap(findTestObject("TopUP/TopUPIBID/Top UP IBID"), 0): Tapped on element 'Object Repository/TopUP/TopUPIBID/Top UP IBID'

2019-11-14 13:49:15 - [MESSAGE][WARNING] - Timeout '0' is invalid. Using default page load timeout: '60'

2019-11-14 13:49:18 - [MESSAGE][PASSED] - Tapped on element 'Object Repository/TopUP/TopUPIBID/Top UP IBID'

2019-11-14 13:49:18 - [TEST_STEP][PASSED] - setText(findTestObject("TopUP/TopUPIBID/NominalTopUPIBID"), varTopUP, 0): Text '50000' has been set to element 'Object Repository/TopUP/TopUPIBID/NominalTopUPIBID'

2019-11-14 13:49:18 - [MESSAGE][WARNING] - Timeout '0' is invalid. Using default page load timeout: '60'

2019-11-14 13:49:20 - [MESSAGE][PASSED] - Text '50000' has been set to element 'Object Repository/TopUP/TopUPIBID/NominalTopUPIBID'

2019-11-14 13:49:20 - [TEST_STEP][PASSED] - tap(findTestObject("TopUP/TopUPIBID/Bank"), 0): Tapped on element 'Object Repository/TopUP/TopUPIBID/Bank'

2019-11-14 13:49:20 - [MESSAGE][WARNING] - Timeout '0' is invalid. Using default page load timeout: '60'

2019-11-14 13:49:22 - [MESSAGE][PASSED] - Tapped on element 'Object Repository/TopUP/TopUPIBID/Bank'

2019-11-14 13:49:22 - [TEST_STEP][PASSED] - tap(findTestObject("TopUP/TopUPIBID/BankBar", ["text":varBank]), 0): Tapped on element 'Object Repository/TopUP/TopUPIBID/BankBar'

2019-11-14 13:49:23 - [MESSAGE][WARNING] - Timeout '0' is invalid. Using default page load timeout: '60'

2019-11-14 13:49:25 - [MESSAGE][PASSED] - Tapped on element 'Object Repository/TopUP/TopUPIBID/BankBar'

2019-11-14 13:49:25 - [TEST_STEP][PASSED] - tap(findTestObject("TopUP/TopUPIBID/DatePicker"), 0): Tapped on element 'Object Repository/TopUP/TopUPIBID/DatePicker'

2019-11-14 13:49:25 - [MESSAGE][WARNING] - Timeout '0' is invalid. Using default page load timeout: '60'

2019-11-14 13:49:27 - [MESSAGE][PASSED] - Tapped on element 'Object Repository/TopUP/TopUPIBID/DatePicker'

2019-11-14 13:49:27 - [TEST_STEP][PASSED] - tap(findTestObject("TopUP/TopUPIBID/DateSelect", ["text":varTanggal]), 0): Tapped on element 'Object Repository/TopUP/TopUPIBID/DateSelect'

2019-11-14 13:49:28 - [MESSAGE][WARNING] - Timeout '0' is invalid. Using default page load timeout: '60'

2019-11-14 13:49:30 - [MESSAGE][PASSED] - Tapped on element 'Object Repository/TopUP/TopUPIBID/DateSelect'

2019-11-14 13:49:30 - [TEST_STEP][PASSED] - tap(findTestObject("TopUP/TopUPIBID/SeteLButton"), 0): Tapped on element 'Object Repository/TopUP/TopUPIBID/SeteLButton'

2019-11-14 13:49:30 - [MESSAGE][WARNING] - Timeout '0' is invalid. Using default page load timeout: '60'

2019-11-14 13:49:31 - [MESSAGE][PASSED] - Tapped on element 'Object Repository/TopUP/TopUPIBID/SeteLButton'

2019-11-14 13:49:31 - [TEST_STEP][PASSED] - tap(findTestObject("TopUP/TopUPIBID/ButtonUploadPembayaran"), 0): Tapped on element 'Object Repository/TopUP/TopUPIBID/ButtonUploadPembayaran'

2019-11-14 13:49:32 - [MESSAGE][WARNING] - Timeout '0' is invalid. Using default page load timeout: '60'

2019-11-14 13:49:34 - [MESSAGE][PASSED] - Tapped on element 'Object Repository/TopUP/TopUPIBID/ButtonUploadPembayaran'

2019-11-14 13:49:34 - [TEST_STEP][PASSED] - if (varFoto == "Camera"): Press back button successfully

2019-11-14 13:49:34 - [TEST_STEP][PASSED] - tap(findTestObject("TopUP/TopUPIBID/CameraBTN (1)"), 0): Tapped on element 'Object Repository/TopUP/TopUPIBID/CameraBTN (1)'

2019-11-14 13:49:34 - [MESSAGE][WARNING] - Timeout '0' is invalid. Using default page load timeout: '60'

2019-11-14 13:49:37 - [MESSAGE][PASSED] - Tapped on element 'Object Repository/TopUP/TopUPIBID/CameraBTN (1)'

2019-11-14 13:49:37 - [TEST_STEP][PASSED] - tap(findTestObject("TopUP/TopUPIBID/CaptureButton"), 0): Tapped on element 'Object Repository/TopUP/TopUPIBID/CaptureButton'

2019-11-14 13:49:38 - [MESSAGE][WARNING] - Timeout '0' is invalid. Using default page load timeout: '60'

2019-11-14 13:49:41 - [MESSAGE][PASSED] - Tapped on element 'Object Repository/TopUP/TopUPIBID/CaptureButton'

2019-11-14 13:49:41 - [TEST_STEP][PASSED] - tap(findTestObject("TopUP/TopUPIBID/CameraOK"), 0): Tapped on element 'Object Repository/TopUP/TopUPIBID/CameraOK'

2019-11-14 13:49:41 - [MESSAGE][WARNING] - Timeout '0' is invalid. Using default page load timeout: '60'

2019-11-14 13:49:43 - [MESSAGE][PASSED] - Tapped on element 'Object Repository/TopUP/TopUPIBID/CameraOK'

2019-11-14 13:49:43 - [TEST_STEP][PASSED] - tap(findTestObject("TopUP/TopUPIBID/KonfirmasiBtn"), 0): Tapped on element 'Object Repository/TopUP/TopUPIBID/KonfirmasiBtn'

2019-11-14 13:49:43 - [MESSAGE][WARNING] - Timeout '0' is invalid. Using default page load timeout: '60'

2019-11-14 13:49:45 - [MESSAGE][PASSED] - Tapped on element 'Object Repository/TopUP/TopUPIBID/KonfirmasiBtn'

2019-11-14 13:49:45 - [TEST_STEP][PASSED] - if (verifyElementVisible(findTestObject("TopUP/TopUPIBID/AlertWajibDiisi1"), 0, OPTIONAL) || verifyElementVisible(findTestObject("TopUP/TopUPIBID/AlertFotoPembayaranHarusDiUpload"), 0, OPTIONAL)): Element 'Object Repository/TopUP/TopUPIBID/AlertFotoPembayaranHarusDiUpload' not found

2019-11-14 13:49:45 - [MESSAGE][WARNING] - Timeout '0' is invalid. Using default page load timeout: '60'

2019-11-14 13:50:47 - [MESSAGE][WARNING] - Element 'Object Repository/TopUP/TopUPIBID/AlertWajibDiisi1' not found
[[ATTACHMENT|C:\\Users\\Marvin\\Documents\\GitHub\\ACCBid-Mobile\\Reports\\20191114_134743\\TopUP\\TOPUP\\20191114_134743\\1573714245940.png]]

2019-11-14 13:50:47 - [MESSAGE][WARNING] - Timeout '0' is invalid. Using default page load timeout: '60'

2019-11-14 13:51:50 - [MESSAGE][WARNING] - Element 'Object Repository/TopUP/TopUPIBID/AlertFotoPembayaranHarusDiUpload' not found
[[ATTACHMENT|C:\\Users\\Marvin\\Documents\\GitHub\\ACCBid-Mobile\\Reports\\20191114_134743\\TopUP\\TOPUP\\20191114_134743\\1573714308522.png]]

2019-11-14 13:51:50 - [TEST_STEP][PASSED] - else: Press back button successfully

2019-11-14 13:51:50 - [TEST_STEP][PASSED] - pressBack(): Press back button successfully

2019-11-14 13:51:51 - [MESSAGE][PASSED] - Press back button successfully

2019-11-14 13:51:51 - [TEST_STEP][PASSED] - switch ("Result"): null

2019-11-14 13:51:51 - [TEST_STEP][PASSED] - Start listener action : addFailedTCToList: null]]></system-out>
         <system-err><![CDATA[]]></system-err>
      </testcase>
      <testcase name="Test Cases/TopUP/TopUPNew" time="196.017" classname="Test Cases/TopUP/TopUPNew" status="PASSED">
         <system-out><![CDATA[2019-11-14 13:51:51 - [TEST_CASE][PASSED] - Test Cases/TopUP/TopUPNew: Test Cases/TopUP/TopUPNew

2019-11-14 13:51:51 - [TEST_STEP][PASSED] - Start listener action : executeRows: null

2019-11-14 13:51:51 - [TEST_STEP][PASSED] - startApplication("C:/Users/Marvin/git/ACCBid-Mobile/accbid.apk", false): Started app at: 'C:\Users\Marvin\git\ACCBid-Mobile\accbid.apk'

2019-11-14 13:51:51 - [MESSAGE][INFO] - User set preference: ['unicodeKeyboard', 'true']

2019-11-14 13:51:51 - [MESSAGE][INFO] - User set preference: ['resetKeyboard', 'true']

2019-11-14 13:51:51 - [MESSAGE][INFO] - User set preference: ['deviceId', '']

2019-11-14 13:52:18 - [MESSAGE][PASSED] - Started app at: 'C:\Users\Marvin\git\ACCBid-Mobile\accbid.apk'

2019-11-14 13:52:18 - [TEST_STEP][PASSED] - getDeviceHeight(): Current device physical height is 2131

2019-11-14 13:52:19 - [MESSAGE][PASSED] - Current device physical height is 2131

2019-11-14 13:52:19 - [TEST_STEP][PASSED] - getDeviceWidth(): Current device physical width is 1080

2019-11-14 13:52:19 - [MESSAGE][PASSED] - Current device physical width is 1080

2019-11-14 13:52:19 - [TEST_STEP][PASSED] - tap(findTestObject("TopUP/BTN_Deposit"), 0): Tapped on element 'Object Repository/TopUP/BTN_Deposit'

2019-11-14 13:52:19 - [MESSAGE][WARNING] - Timeout '0' is invalid. Using default page load timeout: '60'

2019-11-14 13:52:27 - [MESSAGE][PASSED] - Tapped on element 'Object Repository/TopUP/BTN_Deposit'

2019-11-14 13:52:27 - [TEST_STEP][PASSED] - if (JenisLelang == "Astria"): null

2019-11-14 13:52:27 - [TEST_STEP][PASSED] - else if (JenisLelang == "IBID"): Press back button successfully

2019-11-14 13:52:27 - [TEST_STEP][PASSED] - mobile.Swipers.RightLeft(0.9, 0.5, 300): mobile.Swipers.RightLeft is PASSED

2019-11-14 13:52:28 - [MESSAGE][PASSED] - Current device physical width is 1080

2019-11-14 13:52:29 - [MESSAGE][PASSED] - Current device physical height is 2131

2019-11-14 13:52:29 - [MESSAGE][INFO] - Device Height : 2131

2019-11-14 13:52:29 - [MESSAGE][INFO] - Device Width : 1080

2019-11-14 13:52:29 - [MESSAGE][INFO] - Swipe start at Width : 971

2019-11-14 13:52:29 - [MESSAGE][INFO] - Swipe end at Witdh : 540

2019-11-14 13:52:29 - [MESSAGE][INFO] - Y Position : 300

2019-11-14 13:52:31 - [MESSAGE][PASSED] - Swiped from 971,300 to 540,300

2019-11-14 13:52:31 - [MESSAGE][PASSED] - mobile.Swipers.RightLeft is PASSED

2019-11-14 13:52:31 - [TEST_STEP][PASSED] - tap(findTestObject("TopUP/TopUPIBID/Top UP IBID"), 0): Tapped on element 'Object Repository/TopUP/TopUPIBID/Top UP IBID'

2019-11-14 13:52:31 - [MESSAGE][WARNING] - Timeout '0' is invalid. Using default page load timeout: '60'

2019-11-14 13:52:35 - [MESSAGE][PASSED] - Tapped on element 'Object Repository/TopUP/TopUPIBID/Top UP IBID'

2019-11-14 13:52:35 - [TEST_STEP][PASSED] - setText(findTestObject("TopUP/TopUPIBID/NominalTopUPIBID"), varTopUP, 0): Text '20000' has been set to element 'Object Repository/TopUP/TopUPIBID/NominalTopUPIBID'

2019-11-14 13:52:35 - [MESSAGE][WARNING] - Timeout '0' is invalid. Using default page load timeout: '60'

2019-11-14 13:52:37 - [MESSAGE][PASSED] - Text '20000' has been set to element 'Object Repository/TopUP/TopUPIBID/NominalTopUPIBID'

2019-11-14 13:52:37 - [TEST_STEP][PASSED] - tap(findTestObject("TopUP/TopUPIBID/Bank"), 0): Tapped on element 'Object Repository/TopUP/TopUPIBID/Bank'

2019-11-14 13:52:37 - [MESSAGE][WARNING] - Timeout '0' is invalid. Using default page load timeout: '60'

2019-11-14 13:52:39 - [MESSAGE][PASSED] - Tapped on element 'Object Repository/TopUP/TopUPIBID/Bank'

2019-11-14 13:52:39 - [TEST_STEP][PASSED] - tap(findTestObject("TopUP/TopUPIBID/BankBar", ["text":varBank]), 0): Tapped on element 'Object Repository/TopUP/TopUPIBID/BankBar'

2019-11-14 13:52:40 - [MESSAGE][WARNING] - Timeout '0' is invalid. Using default page load timeout: '60'

2019-11-14 13:52:42 - [MESSAGE][PASSED] - Tapped on element 'Object Repository/TopUP/TopUPIBID/BankBar'

2019-11-14 13:52:42 - [TEST_STEP][PASSED] - tap(findTestObject("TopUP/TopUPIBID/DatePicker"), 0): Tapped on element 'Object Repository/TopUP/TopUPIBID/DatePicker'

2019-11-14 13:52:42 - [MESSAGE][WARNING] - Timeout '0' is invalid. Using default page load timeout: '60'

2019-11-14 13:52:44 - [MESSAGE][PASSED] - Tapped on element 'Object Repository/TopUP/TopUPIBID/DatePicker'

2019-11-14 13:52:44 - [TEST_STEP][PASSED] - tap(findTestObject("TopUP/TopUPIBID/DateSelect", ["text":varTanggal]), 0): Tapped on element 'Object Repository/TopUP/TopUPIBID/DateSelect'

2019-11-14 13:52:45 - [MESSAGE][WARNING] - Timeout '0' is invalid. Using default page load timeout: '60'

2019-11-14 13:52:46 - [MESSAGE][PASSED] - Tapped on element 'Object Repository/TopUP/TopUPIBID/DateSelect'

2019-11-14 13:52:46 - [TEST_STEP][PASSED] - tap(findTestObject("TopUP/TopUPIBID/SeteLButton"), 0): Tapped on element 'Object Repository/TopUP/TopUPIBID/SeteLButton'

2019-11-14 13:52:46 - [MESSAGE][WARNING] - Timeout '0' is invalid. Using default page load timeout: '60'

2019-11-14 13:52:50 - [MESSAGE][PASSED] - Tapped on element 'Object Repository/TopUP/TopUPIBID/SeteLButton'

2019-11-14 13:52:50 - [TEST_STEP][PASSED] - tap(findTestObject("TopUP/TopUPIBID/ButtonUploadPembayaran"), 0): Tapped on element 'Object Repository/TopUP/TopUPIBID/ButtonUploadPembayaran'

2019-11-14 13:52:51 - [MESSAGE][WARNING] - Timeout '0' is invalid. Using default page load timeout: '60'

2019-11-14 13:52:53 - [MESSAGE][PASSED] - Tapped on element 'Object Repository/TopUP/TopUPIBID/ButtonUploadPembayaran'

2019-11-14 13:52:53 - [TEST_STEP][PASSED] - if (varFoto == "Camera"): null

2019-11-14 13:52:53 - [TEST_STEP][PASSED] - else if (varFoto == "Gallery"): Press back button successfully

2019-11-14 13:52:53 - [TEST_STEP][PASSED] - tap(findTestObject("TopUP/TopUPIBID/GalleryBTNS"), 0): Tapped on element 'Object Repository/TopUP/TopUPIBID/GalleryBTNS'

2019-11-14 13:52:53 - [MESSAGE][WARNING] - Timeout '0' is invalid. Using default page load timeout: '60'

2019-11-14 13:52:56 - [MESSAGE][PASSED] - Tapped on element 'Object Repository/TopUP/TopUPIBID/GalleryBTNS'

2019-11-14 13:52:56 - [TEST_STEP][PASSED] - tap(findTestObject("TopUP/TopUPIBID/FotoGallery", ["text":Picture]), 0): Tapped on element 'Object Repository/TopUP/TopUPIBID/FotoGallery'

2019-11-14 13:52:56 - [MESSAGE][WARNING] - Timeout '0' is invalid. Using default page load timeout: '60'

2019-11-14 13:53:00 - [MESSAGE][PASSED] - Tapped on element 'Object Repository/TopUP/TopUPIBID/FotoGallery'

2019-11-14 13:53:00 - [TEST_STEP][PASSED] - tap(findTestObject("TopUP/TopUPIBID/KonfirmasiBtn"), 0): Tapped on element 'Object Repository/TopUP/TopUPIBID/KonfirmasiBtn'

2019-11-14 13:53:00 - [MESSAGE][WARNING] - Timeout '0' is invalid. Using default page load timeout: '60'

2019-11-14 13:53:02 - [MESSAGE][PASSED] - Tapped on element 'Object Repository/TopUP/TopUPIBID/KonfirmasiBtn'

2019-11-14 13:53:02 - [TEST_STEP][PASSED] - if (verifyElementVisible(findTestObject("TopUP/TopUPIBID/AlertWajibDiisi1"), 0, OPTIONAL) || verifyElementVisible(findTestObject("TopUP/TopUPIBID/AlertFotoPembayaranHarusDiUpload"), 0, OPTIONAL)): Element 'Object Repository/TopUP/TopUPIBID/AlertFotoPembayaranHarusDiUpload' not found

2019-11-14 13:53:02 - [MESSAGE][WARNING] - Timeout '0' is invalid. Using default page load timeout: '60'

2019-11-14 13:54:04 - [MESSAGE][WARNING] - Element 'Object Repository/TopUP/TopUPIBID/AlertWajibDiisi1' not found
[[ATTACHMENT|C:\\Users\\Marvin\\Documents\\GitHub\\ACCBid-Mobile\\Reports\\20191114_134743\\TopUP\\TOPUP\\20191114_134743\\1573714442786.png]]

2019-11-14 13:54:04 - [MESSAGE][WARNING] - Timeout '0' is invalid. Using default page load timeout: '60'

2019-11-14 13:55:06 - [MESSAGE][WARNING] - Element 'Object Repository/TopUP/TopUPIBID/AlertFotoPembayaranHarusDiUpload' not found
[[ATTACHMENT|C:\\Users\\Marvin\\Documents\\GitHub\\ACCBid-Mobile\\Reports\\20191114_134743\\TopUP\\TOPUP\\20191114_134743\\1573714505149.png]]

2019-11-14 13:55:06 - [TEST_STEP][PASSED] - else: Press back button successfully

2019-11-14 13:55:06 - [TEST_STEP][PASSED] - pressBack(): Press back button successfully

2019-11-14 13:55:07 - [MESSAGE][PASSED] - Press back button successfully

2019-11-14 13:55:07 - [TEST_STEP][PASSED] - switch ("Result"): null

2019-11-14 13:55:07 - [TEST_STEP][PASSED] - Start listener action : addFailedTCToList: null]]></system-out>
         <system-err><![CDATA[]]></system-err>
      </testcase>
      <system-out><![CDATA[2019-11-14 13:48:01 - [TEST_SUITE][PASSED] - TOPUP: Test Cases/TopUP/TopUPNew]]></system-out>
      <system-err><![CDATA[]]></system-err>
   </testsuite>
</testsuites>
