<?xml version="1.0" encoding="UTF-8"?>
<testsuites name="TOPUP" time="461.238" tests="2" failures="0" errors="0">
   <testsuite name="TOPUP" tests="2" failures="0" errors="0" time="461.238" timestamp="2019-11-14 12:59:19" hostname="Marvin - DESKTOP-98KC72N" id="Test Suites/TopUP/TOPUP">
      <properties>
         <property name="deviceName" value="samsung SM-A505F (Android 9)"/>
         <property name="devicePlatform" value=""/>
         <property name="logFolder" value="C:\\Users\\Marvin\\Documents\\GitHub\\ACCBid-Mobile\\Reports\\20191114_125903\\TopUP\\TOPUP\\20191114_125903"/>
         <property name="logFiles" value="C:\\Users\\Marvin\\Documents\\GitHub\\ACCBid-Mobile\\Reports\\20191114_125903\\TopUP\\TOPUP\\20191114_125903\\appium.log, C:\\Users\\Marvin\\Documents\\GitHub\\ACCBid-Mobile\\Reports\\20191114_125903\\TopUP\\TOPUP\\20191114_125903\\execution0.log"/>
         <property name="attachments" value="C:\\Users\\Marvin\\Documents\\GitHub\\ACCBid-Mobile\\Reports\\20191114_125903\\TopUP\\TOPUP\\20191114_125903\\1573711339875.png, C:\\Users\\Marvin\\Documents\\GitHub\\ACCBid-Mobile\\Reports\\20191114_125903\\TopUP\\TOPUP\\20191114_125903\\1573711401958.png, C:\\Users\\Marvin\\Documents\\GitHub\\ACCBid-Mobile\\Reports\\20191114_125903\\TopUP\\TOPUP\\20191114_125903\\1573711548486.png, C:\\Users\\Marvin\\Documents\\GitHub\\ACCBid-Mobile\\Reports\\20191114_125903\\TopUP\\TOPUP\\20191114_125903\\1573711610605.png"/>
         <property name="hostName" value="Marvin - DESKTOP-98KC72N"/>
         <property name="os" value="Windows 10 64bit"/>
         <property name="appiumServerStatus" value="{\&quot;status\&quot;:0,\&quot;value\&quot;:{\&quot;build\&quot;:{\&quot;version\&quot;:\&quot;1.12.1\&quot;}},\&quot;sessionId\&quot;:null}"/>
         <property name="katalonVersion" value="7.0.8.1"/>
         <property name="deviceOS" value="Android"/>
         <property name="appiumVersion" value="1.12.1"/>
         <property name="deviceModel" value="SM-A505F"/>
         <property name="hostAddress" value="192.168.56.1"/>
         <property name="deviceManufacturer" value="samsung"/>
         <property name="deviceId" value="RR8M30NJEFN"/>
         <property name="deviceName" value="samsung SM-A505F (Android 9)"/>
         <property name="deviceOSVersion" value="9"/>
      </properties>
      <testcase name="Test Cases/TopUP/TopUPNew" time="241.66" classname="Test Cases/TopUP/TopUPNew" status="PASSED">
         <system-out><![CDATA[2019-11-14 12:59:22 - [TEST_CASE][PASSED] - Test Cases/TopUP/TopUPNew: Test Cases/TopUP/TopUPNew

2019-11-14 12:59:23 - [TEST_STEP][PASSED] - Start listener action : executeRows: null

2019-11-14 12:59:29 - [TEST_STEP][PASSED] - startApplication("C:/Users/Marvin/git/ACCBid-Mobile/accbid.apk", false): Started app at: 'C:\Users\Marvin\git\ACCBid-Mobile\accbid.apk'

2019-11-14 12:59:30 - [MESSAGE][INFO] - User set preference: ['unicodeKeyboard', 'true']

2019-11-14 12:59:30 - [MESSAGE][INFO] - User set preference: ['resetKeyboard', 'true']

2019-11-14 12:59:30 - [MESSAGE][INFO] - User set preference: ['deviceId', '']

2019-11-14 12:59:43 - [MESSAGE][INFO] - Appium server started on port 52,623

2019-11-14 13:00:21 - [MESSAGE][PASSED] - Started app at: 'C:\Users\Marvin\git\ACCBid-Mobile\accbid.apk'

2019-11-14 13:00:21 - [TEST_STEP][PASSED] - getDeviceHeight(): Current device physical height is 2131

2019-11-14 13:00:23 - [MESSAGE][PASSED] - Current device physical height is 2131

2019-11-14 13:00:23 - [TEST_STEP][PASSED] - getDeviceWidth(): Current device physical width is 1080

2019-11-14 13:00:24 - [MESSAGE][PASSED] - Current device physical width is 1080

2019-11-14 13:00:24 - [TEST_STEP][PASSED] - tap(findTestObject("TopUP/BTN_Deposit"), 0): Tapped on element 'Object Repository/TopUP/BTN_Deposit'

2019-11-14 13:00:24 - [MESSAGE][WARNING] - Timeout '0' is invalid. Using default page load timeout: '60'

2019-11-14 13:00:30 - [MESSAGE][PASSED] - Tapped on element 'Object Repository/TopUP/BTN_Deposit'

2019-11-14 13:00:30 - [TEST_STEP][PASSED] - if (JenisLelang == "Astria"): null

2019-11-14 13:00:30 - [TEST_STEP][PASSED] - else if (JenisLelang == "IBID"): Press back button successfully

2019-11-14 13:00:30 - [TEST_STEP][PASSED] - tap(findTestObject("TopUP/TopUPIBID/Top UP IBID"), 0): Tapped on element 'Object Repository/TopUP/TopUPIBID/Top UP IBID'

2019-11-14 13:00:30 - [MESSAGE][WARNING] - Timeout '0' is invalid. Using default page load timeout: '60'

2019-11-14 13:00:49 - [MESSAGE][PASSED] - Tapped on element 'Object Repository/TopUP/TopUPIBID/Top UP IBID'

2019-11-14 13:00:49 - [TEST_STEP][PASSED] - setText(findTestObject("TopUP/TopUPIBID/NominalTopUPIBID"), "50000", 0): Text '50000' has been set to element 'Object Repository/TopUP/TopUPIBID/NominalTopUPIBID'

2019-11-14 13:00:50 - [MESSAGE][WARNING] - Timeout '0' is invalid. Using default page load timeout: '60'

2019-11-14 13:00:52 - [MESSAGE][PASSED] - Text '50000' has been set to element 'Object Repository/TopUP/TopUPIBID/NominalTopUPIBID'

2019-11-14 13:00:52 - [TEST_STEP][PASSED] - tap(findTestObject("TopUP/TopUPIBID/Bank"), 0): Tapped on element 'Object Repository/TopUP/TopUPIBID/Bank'

2019-11-14 13:00:52 - [MESSAGE][WARNING] - Timeout '0' is invalid. Using default page load timeout: '60'

2019-11-14 13:00:54 - [MESSAGE][PASSED] - Tapped on element 'Object Repository/TopUP/TopUPIBID/Bank'

2019-11-14 13:00:54 - [TEST_STEP][PASSED] - tap(findTestObject("TopUP/TopUPIBID/BankBar", ["text":varBank]), 0): Tapped on element 'Object Repository/TopUP/TopUPIBID/BankBar'

2019-11-14 13:00:54 - [MESSAGE][WARNING] - Timeout '0' is invalid. Using default page load timeout: '60'

2019-11-14 13:00:56 - [MESSAGE][PASSED] - Tapped on element 'Object Repository/TopUP/TopUPIBID/BankBar'

2019-11-14 13:00:56 - [TEST_STEP][PASSED] - tap(findTestObject("TopUP/TopUPIBID/DatePicker"), 0): Tapped on element 'Object Repository/TopUP/TopUPIBID/DatePicker'

2019-11-14 13:00:57 - [MESSAGE][WARNING] - Timeout '0' is invalid. Using default page load timeout: '60'

2019-11-14 13:00:59 - [MESSAGE][PASSED] - Tapped on element 'Object Repository/TopUP/TopUPIBID/DatePicker'

2019-11-14 13:00:59 - [TEST_STEP][PASSED] - tap(findTestObject("TopUP/TopUPIBID/DateSelect", ["text":varTanggal]), 0): Tapped on element 'Object Repository/TopUP/TopUPIBID/DateSelect'

2019-11-14 13:00:59 - [MESSAGE][WARNING] - Timeout '0' is invalid. Using default page load timeout: '60'

2019-11-14 13:01:02 - [MESSAGE][PASSED] - Tapped on element 'Object Repository/TopUP/TopUPIBID/DateSelect'

2019-11-14 13:01:02 - [TEST_STEP][PASSED] - tap(findTestObject("TopUP/TopUPIBID/SeteLButton"), 0): Tapped on element 'Object Repository/TopUP/TopUPIBID/SeteLButton'

2019-11-14 13:01:02 - [MESSAGE][WARNING] - Timeout '0' is invalid. Using default page load timeout: '60'

2019-11-14 13:01:04 - [MESSAGE][PASSED] - Tapped on element 'Object Repository/TopUP/TopUPIBID/SeteLButton'

2019-11-14 13:01:04 - [TEST_STEP][PASSED] - tap(findTestObject("TopUP/TopUPIBID/ButtonUploadPembayaran"), 0): Tapped on element 'Object Repository/TopUP/TopUPIBID/ButtonUploadPembayaran'

2019-11-14 13:01:05 - [MESSAGE][WARNING] - Timeout '0' is invalid. Using default page load timeout: '60'

2019-11-14 13:01:07 - [MESSAGE][PASSED] - Tapped on element 'Object Repository/TopUP/TopUPIBID/ButtonUploadPembayaran'

2019-11-14 13:01:07 - [TEST_STEP][PASSED] - if (varFoto == "Camera"): Press back button successfully

2019-11-14 13:01:07 - [TEST_STEP][PASSED] - tap(findTestObject("TopUP/TopUPIBID/CameraBTN (1)"), 0): Tapped on element 'Object Repository/TopUP/TopUPIBID/CameraBTN (1)'

2019-11-14 13:01:07 - [MESSAGE][WARNING] - Timeout '0' is invalid. Using default page load timeout: '60'

2019-11-14 13:01:11 - [MESSAGE][PASSED] - Tapped on element 'Object Repository/TopUP/TopUPIBID/CameraBTN (1)'

2019-11-14 13:01:11 - [TEST_STEP][PASSED] - tap(findTestObject("TopUP/TopUPIBID/CaptureButton"), 0): Tapped on element 'Object Repository/TopUP/TopUPIBID/CaptureButton'

2019-11-14 13:01:11 - [MESSAGE][WARNING] - Timeout '0' is invalid. Using default page load timeout: '60'

2019-11-14 13:01:14 - [MESSAGE][PASSED] - Tapped on element 'Object Repository/TopUP/TopUPIBID/CaptureButton'

2019-11-14 13:01:14 - [TEST_STEP][PASSED] - tap(findTestObject("TopUP/TopUPIBID/CameraOK"), 0): Tapped on element 'Object Repository/TopUP/TopUPIBID/CameraOK'

2019-11-14 13:01:15 - [MESSAGE][WARNING] - Timeout '0' is invalid. Using default page load timeout: '60'

2019-11-14 13:01:16 - [MESSAGE][PASSED] - Tapped on element 'Object Repository/TopUP/TopUPIBID/CameraOK'

2019-11-14 13:01:16 - [TEST_STEP][PASSED] - tap(findTestObject("TopUP/TopUPIBID/KonfirmasiBtn"), 0): Tapped on element 'Object Repository/TopUP/TopUPIBID/KonfirmasiBtn'

2019-11-14 13:01:17 - [MESSAGE][WARNING] - Timeout '0' is invalid. Using default page load timeout: '60'

2019-11-14 13:01:19 - [MESSAGE][PASSED] - Tapped on element 'Object Repository/TopUP/TopUPIBID/KonfirmasiBtn'

2019-11-14 13:01:19 - [TEST_STEP][PASSED] - if (verifyElementVisible(findTestObject("TopUP/TopUPIBID/AlertWajibDiisi1"), 0, OPTIONAL) || verifyElementVisible(findTestObject("TopUP/TopUPIBID/AlertFotoPembayaranHarusDiUpload"), 0, OPTIONAL)): Element 'Object Repository/TopUP/TopUPIBID/AlertFotoPembayaranHarusDiUpload' not found

2019-11-14 13:01:19 - [MESSAGE][WARNING] - Timeout '0' is invalid. Using default page load timeout: '60'

2019-11-14 13:02:21 - [MESSAGE][WARNING] - Element 'Object Repository/TopUP/TopUPIBID/AlertWajibDiisi1' not found
[[ATTACHMENT|C:\\Users\\Marvin\\Documents\\GitHub\\ACCBid-Mobile\\Reports\\20191114_125903\\TopUP\\TOPUP\\20191114_125903\\1573711339875.png]]

2019-11-14 13:02:21 - [MESSAGE][WARNING] - Timeout '0' is invalid. Using default page load timeout: '60'

2019-11-14 13:03:23 - [MESSAGE][WARNING] - Element 'Object Repository/TopUP/TopUPIBID/AlertFotoPembayaranHarusDiUpload' not found
[[ATTACHMENT|C:\\Users\\Marvin\\Documents\\GitHub\\ACCBid-Mobile\\Reports\\20191114_125903\\TopUP\\TOPUP\\20191114_125903\\1573711401958.png]]

2019-11-14 13:03:23 - [TEST_STEP][PASSED] - else: Press back button successfully

2019-11-14 13:03:23 - [TEST_STEP][PASSED] - pressBack(): Press back button successfully

2019-11-14 13:03:24 - [MESSAGE][PASSED] - Press back button successfully

2019-11-14 13:03:24 - [TEST_STEP][PASSED] - switch ("Result"): null

2019-11-14 13:03:24 - [TEST_STEP][PASSED] - Start listener action : addFailedTCToList: null]]></system-out>
         <system-err><![CDATA[]]></system-err>
      </testcase>
      <testcase name="Test Cases/TopUP/TopUPNew" time="208.367" classname="Test Cases/TopUP/TopUPNew" status="PASSED">
         <system-out><![CDATA[2019-11-14 13:03:24 - [TEST_CASE][PASSED] - Test Cases/TopUP/TopUPNew: Test Cases/TopUP/TopUPNew

2019-11-14 13:03:24 - [TEST_STEP][PASSED] - Start listener action : executeRows: null

2019-11-14 13:03:25 - [TEST_STEP][PASSED] - startApplication("C:/Users/Marvin/git/ACCBid-Mobile/accbid.apk", false): Started app at: 'C:\Users\Marvin\git\ACCBid-Mobile\accbid.apk'

2019-11-14 13:03:25 - [MESSAGE][INFO] - User set preference: ['unicodeKeyboard', 'true']

2019-11-14 13:03:25 - [MESSAGE][INFO] - User set preference: ['resetKeyboard', 'true']

2019-11-14 13:03:25 - [MESSAGE][INFO] - User set preference: ['deviceId', '']

2019-11-14 13:03:52 - [MESSAGE][PASSED] - Started app at: 'C:\Users\Marvin\git\ACCBid-Mobile\accbid.apk'

2019-11-14 13:03:52 - [TEST_STEP][PASSED] - getDeviceHeight(): Current device physical height is 2131

2019-11-14 13:03:53 - [MESSAGE][PASSED] - Current device physical height is 2131

2019-11-14 13:03:53 - [TEST_STEP][PASSED] - getDeviceWidth(): Current device physical width is 1080

2019-11-14 13:03:53 - [MESSAGE][PASSED] - Current device physical width is 1080

2019-11-14 13:03:53 - [TEST_STEP][PASSED] - tap(findTestObject("TopUP/BTN_Deposit"), 0): Tapped on element 'Object Repository/TopUP/BTN_Deposit'

2019-11-14 13:03:53 - [MESSAGE][WARNING] - Timeout '0' is invalid. Using default page load timeout: '60'

2019-11-14 13:04:01 - [MESSAGE][PASSED] - Tapped on element 'Object Repository/TopUP/BTN_Deposit'

2019-11-14 13:04:01 - [TEST_STEP][PASSED] - if (JenisLelang == "Astria"): null

2019-11-14 13:04:01 - [TEST_STEP][PASSED] - else if (JenisLelang == "IBID"): Press back button successfully

2019-11-14 13:04:01 - [TEST_STEP][PASSED] - tap(findTestObject("TopUP/TopUPIBID/Top UP IBID"), 0): Tapped on element 'Object Repository/TopUP/TopUPIBID/Top UP IBID'

2019-11-14 13:04:01 - [MESSAGE][WARNING] - Timeout '0' is invalid. Using default page load timeout: '60'

2019-11-14 13:04:23 - [MESSAGE][PASSED] - Tapped on element 'Object Repository/TopUP/TopUPIBID/Top UP IBID'

2019-11-14 13:04:23 - [TEST_STEP][PASSED] - setText(findTestObject("TopUP/TopUPIBID/NominalTopUPIBID"), "50000", 0): Text '50000' has been set to element 'Object Repository/TopUP/TopUPIBID/NominalTopUPIBID'

2019-11-14 13:04:23 - [MESSAGE][WARNING] - Timeout '0' is invalid. Using default page load timeout: '60'

2019-11-14 13:04:25 - [MESSAGE][PASSED] - Text '50000' has been set to element 'Object Repository/TopUP/TopUPIBID/NominalTopUPIBID'

2019-11-14 13:04:25 - [TEST_STEP][PASSED] - tap(findTestObject("TopUP/TopUPIBID/Bank"), 0): Tapped on element 'Object Repository/TopUP/TopUPIBID/Bank'

2019-11-14 13:04:25 - [MESSAGE][WARNING] - Timeout '0' is invalid. Using default page load timeout: '60'

2019-11-14 13:04:27 - [MESSAGE][PASSED] - Tapped on element 'Object Repository/TopUP/TopUPIBID/Bank'

2019-11-14 13:04:27 - [TEST_STEP][PASSED] - tap(findTestObject("TopUP/TopUPIBID/BankBar", ["text":varBank]), 0): Tapped on element 'Object Repository/TopUP/TopUPIBID/BankBar'

2019-11-14 13:04:27 - [MESSAGE][WARNING] - Timeout '0' is invalid. Using default page load timeout: '60'

2019-11-14 13:04:29 - [MESSAGE][PASSED] - Tapped on element 'Object Repository/TopUP/TopUPIBID/BankBar'

2019-11-14 13:04:29 - [TEST_STEP][PASSED] - tap(findTestObject("TopUP/TopUPIBID/DatePicker"), 0): Tapped on element 'Object Repository/TopUP/TopUPIBID/DatePicker'

2019-11-14 13:04:29 - [MESSAGE][WARNING] - Timeout '0' is invalid. Using default page load timeout: '60'

2019-11-14 13:04:31 - [MESSAGE][PASSED] - Tapped on element 'Object Repository/TopUP/TopUPIBID/DatePicker'

2019-11-14 13:04:31 - [TEST_STEP][PASSED] - tap(findTestObject("TopUP/TopUPIBID/DateSelect", ["text":varTanggal]), 0): Tapped on element 'Object Repository/TopUP/TopUPIBID/DateSelect'

2019-11-14 13:04:32 - [MESSAGE][WARNING] - Timeout '0' is invalid. Using default page load timeout: '60'

2019-11-14 13:04:34 - [MESSAGE][PASSED] - Tapped on element 'Object Repository/TopUP/TopUPIBID/DateSelect'

2019-11-14 13:04:34 - [TEST_STEP][PASSED] - tap(findTestObject("TopUP/TopUPIBID/SeteLButton"), 0): Tapped on element 'Object Repository/TopUP/TopUPIBID/SeteLButton'

2019-11-14 13:04:34 - [MESSAGE][WARNING] - Timeout '0' is invalid. Using default page load timeout: '60'

2019-11-14 13:04:36 - [MESSAGE][PASSED] - Tapped on element 'Object Repository/TopUP/TopUPIBID/SeteLButton'

2019-11-14 13:04:36 - [TEST_STEP][PASSED] - tap(findTestObject("TopUP/TopUPIBID/ButtonUploadPembayaran"), 0): Tapped on element 'Object Repository/TopUP/TopUPIBID/ButtonUploadPembayaran'

2019-11-14 13:04:36 - [MESSAGE][WARNING] - Timeout '0' is invalid. Using default page load timeout: '60'

2019-11-14 13:04:39 - [MESSAGE][PASSED] - Tapped on element 'Object Repository/TopUP/TopUPIBID/ButtonUploadPembayaran'

2019-11-14 13:04:39 - [TEST_STEP][PASSED] - if (varFoto == "Camera"): null

2019-11-14 13:04:39 - [TEST_STEP][PASSED] - else if (varFoto == "Gallery"): Press back button successfully

2019-11-14 13:04:39 - [TEST_STEP][PASSED] - tap(findTestObject("TopUP/TopUPIBID/GalleryBTNS"), 0): Tapped on element 'Object Repository/TopUP/TopUPIBID/GalleryBTNS'

2019-11-14 13:04:39 - [MESSAGE][WARNING] - Timeout '0' is invalid. Using default page load timeout: '60'

2019-11-14 13:04:42 - [MESSAGE][PASSED] - Tapped on element 'Object Repository/TopUP/TopUPIBID/GalleryBTNS'

2019-11-14 13:04:42 - [TEST_STEP][PASSED] - tap(findTestObject("TopUP/TopUPIBID/FotoGallery", ["text":Picture]), 0): Tapped on element 'Object Repository/TopUP/TopUPIBID/FotoGallery'

2019-11-14 13:04:42 - [MESSAGE][WARNING] - Timeout '0' is invalid. Using default page load timeout: '60'

2019-11-14 13:04:46 - [MESSAGE][PASSED] - Tapped on element 'Object Repository/TopUP/TopUPIBID/FotoGallery'

2019-11-14 13:04:46 - [TEST_STEP][PASSED] - tap(findTestObject("TopUP/TopUPIBID/KonfirmasiBtn"), 0): Tapped on element 'Object Repository/TopUP/TopUPIBID/KonfirmasiBtn'

2019-11-14 13:04:46 - [MESSAGE][WARNING] - Timeout '0' is invalid. Using default page load timeout: '60'

2019-11-14 13:04:48 - [MESSAGE][PASSED] - Tapped on element 'Object Repository/TopUP/TopUPIBID/KonfirmasiBtn'

2019-11-14 13:04:48 - [TEST_STEP][PASSED] - if (verifyElementVisible(findTestObject("TopUP/TopUPIBID/AlertWajibDiisi1"), 0, OPTIONAL) || verifyElementVisible(findTestObject("TopUP/TopUPIBID/AlertFotoPembayaranHarusDiUpload"), 0, OPTIONAL)): Element 'Object Repository/TopUP/TopUPIBID/AlertFotoPembayaranHarusDiUpload' not found

2019-11-14 13:04:48 - [MESSAGE][WARNING] - Timeout '0' is invalid. Using default page load timeout: '60'

2019-11-14 13:05:50 - [MESSAGE][WARNING] - Element 'Object Repository/TopUP/TopUPIBID/AlertWajibDiisi1' not found
[[ATTACHMENT|C:\\Users\\Marvin\\Documents\\GitHub\\ACCBid-Mobile\\Reports\\20191114_125903\\TopUP\\TOPUP\\20191114_125903\\1573711548486.png]]

2019-11-14 13:05:50 - [MESSAGE][WARNING] - Timeout '0' is invalid. Using default page load timeout: '60'

2019-11-14 13:06:52 - [MESSAGE][WARNING] - Element 'Object Repository/TopUP/TopUPIBID/AlertFotoPembayaranHarusDiUpload' not found
[[ATTACHMENT|C:\\Users\\Marvin\\Documents\\GitHub\\ACCBid-Mobile\\Reports\\20191114_125903\\TopUP\\TOPUP\\20191114_125903\\1573711610605.png]]

2019-11-14 13:06:52 - [TEST_STEP][PASSED] - else: Press back button successfully

2019-11-14 13:06:52 - [TEST_STEP][PASSED] - pressBack(): Press back button successfully

2019-11-14 13:06:53 - [MESSAGE][PASSED] - Press back button successfully

2019-11-14 13:06:53 - [TEST_STEP][PASSED] - switch ("Result"): null

2019-11-14 13:06:53 - [TEST_STEP][PASSED] - Start listener action : addFailedTCToList: null]]></system-out>
         <system-err><![CDATA[]]></system-err>
      </testcase>
      <system-out><![CDATA[2019-11-14 12:59:19 - [TEST_SUITE][PASSED] - TOPUP: Test Cases/TopUP/TopUPNew]]></system-out>
      <system-err><![CDATA[]]></system-err>
   </testsuite>
</testsuites>
